10:32:23.668 [http-nio-8080-exec-2] INFO  c.R.b.auth.Controller.AuthController - Login requested fetched for userEmail admin@gmail.com1
10:32:23.668 [http-nio-8080-exec-2] INFO  c.R.backend.auth.service.AuthService - Login attempt for admin@gmail.com1
10:32:23.983 [http-nio-8080-exec-2] WARN  c.R.backend.auth.service.AuthService - Invalid login attempt for admin@gmail.com1
10:32:30.260 [http-nio-8080-exec-4] INFO  c.R.b.auth.Controller.AuthController - Login requested fetched for userEmail admin@gmail.com
10:32:30.261 [http-nio-8080-exec-4] INFO  c.R.backend.auth.service.AuthService - Login attempt for admin@gmail.com
10:32:30.458 [http-nio-8080-exec-4] WARN  c.R.backend.auth.service.AuthService - Invalid login attempt for admin@gmail.com
10:32:50.661 [http-nio-8080-exec-6] INFO  c.R.b.auth.Controller.AuthController - Login requested fetched for userEmail admin@gmail.com
10:32:50.662 [http-nio-8080-exec-6] INFO  c.R.backend.auth.service.AuthService - Login attempt for admin@gmail.com
10:32:50.832 [http-nio-8080-exec-6] INFO  c.R.backend.auth.service.AuthService - Login successful for admin@gmail.com
10:33:10.680 [http-nio-8080-exec-8] INFO  c.R.b.auth.Controller.AuthController - Login requested fetched for userEmail admin@gmail.com
10:33:10.682 [http-nio-8080-exec-8] INFO  c.R.backend.auth.service.AuthService - Login attempt for admin@gmail.com
10:33:10.862 [http-nio-8080-exec-8] INFO  c.R.backend.auth.service.AuthService - Login successful for admin@gmail.com
10:40:09.465 [http-nio-8080-exec-1] INFO  c.R.b.auth.Controller.AuthController - Login requested fetched for userEmail admin@gmail.com
10:40:09.466 [http-nio-8080-exec-1] INFO  c.R.backend.auth.service.AuthService - Login attempt for admin@gmail.com
10:40:09.633 [http-nio-8080-exec-1] INFO  c.R.backend.auth.service.AuthService - Login successful for admin@gmail.com
10:42:35.883 [http-nio-8080-exec-2] INFO  c.R.b.auth.Controller.AuthController - Login requested fetched for userEmail admin@gmail.com
10:42:35.885 [http-nio-8080-exec-2] INFO  c.R.backend.auth.service.AuthService - Login attempt for admin@gmail.com
10:42:36.234 [http-nio-8080-exec-2] INFO  c.R.backend.auth.service.AuthService - Login successful for admin@gmail.com
10:43:26.904 [http-nio-8080-exec-6] INFO  c.R.b.auth.Controller.AuthController - Login requested fetched for userEmail admin@gmail.com
10:43:26.905 [http-nio-8080-exec-6] INFO  c.R.backend.auth.service.AuthService - Login attempt for admin@gmail.com
10:43:27.090 [http-nio-8080-exec-6] INFO  c.R.backend.auth.service.AuthService - Login successful for admin@gmail.com
10:44:02.234 [http-nio-8080-exec-1] INFO  c.R.b.auth.Controller.AuthController - Login requested fetched for userEmail ambulance3@example.com
10:44:02.234 [http-nio-8080-exec-1] INFO  c.R.backend.auth.service.AuthService - Login attempt for ambulance3@example.com
10:44:02.440 [http-nio-8080-exec-1] INFO  c.R.backend.auth.service.AuthService - Login successful for ambulance3@example.com
10:46:52.862 [http-nio-8080-exec-10] INFO  c.R.b.auth.Controller.AuthController - Login requested fetched for userEmail ambulance3@example.com
10:46:52.863 [http-nio-8080-exec-10] INFO  c.R.backend.auth.service.AuthService - Login attempt for ambulance3@example.com
10:46:53.031 [http-nio-8080-exec-10] INFO  c.R.backend.auth.service.AuthService - Login successful for ambulance3@example.com
10:49:09.161 [http-nio-8080-exec-6] INFO  c.R.b.auth.Controller.AuthController - Login requested fetched for userEmail ambulance1@example.com
10:49:09.161 [http-nio-8080-exec-6] INFO  c.R.backend.auth.service.AuthService - Login attempt for ambulance1@example.com
10:49:09.385 [http-nio-8080-exec-6] INFO  c.R.backend.auth.service.AuthService - Login successful for ambulance1@example.com
10:49:55.830 [http-nio-8080-exec-2] INFO  c.R.b.auth.Controller.AuthController - Login requested fetched for userEmail ambulance1@example.com
10:49:55.831 [http-nio-8080-exec-2] INFO  c.R.backend.auth.service.AuthService - Login attempt for ambulance1@example.com
10:49:56.003 [http-nio-8080-exec-2] INFO  c.R.backend.auth.service.AuthService - Login successful for ambulance1@example.com
10:51:59.426 [http-nio-8080-exec-5] INFO  c.R.b.auth.Controller.AuthController - Login requested fetched for userEmail police@police.com
10:51:59.428 [http-nio-8080-exec-5] INFO  c.R.backend.auth.service.AuthService - Login attempt for police@police.com
10:51:59.534 [http-nio-8080-exec-5] WARN  c.R.backend.auth.service.AuthService - Invalid login attempt for police@police.com
10:52:04.723 [http-nio-8080-exec-6] INFO  c.R.b.auth.Controller.AuthController - Login requested fetched for userEmail police@police.com
10:52:04.724 [http-nio-8080-exec-6] INFO  c.R.backend.auth.service.AuthService - Login attempt for police@police.com
10:52:04.823 [http-nio-8080-exec-6] WARN  c.R.backend.auth.service.AuthService - Invalid login attempt for police@police.com
10:52:18.358 [http-nio-8080-exec-9] INFO  c.R.b.auth.Controller.AuthController - Login requested fetched for userEmail police@police.gov
10:52:18.358 [http-nio-8080-exec-9] INFO  c.R.backend.auth.service.AuthService - Login attempt for police@police.gov
10:52:18.545 [http-nio-8080-exec-9] INFO  c.R.backend.auth.service.AuthService - Login successful for police@police.gov
10:56:16.878 [http-nio-8080-exec-8] INFO  c.R.b.auth.Controller.AuthController - Login requested fetched for userEmail manohar.shattrma@example.com
10:56:16.878 [http-nio-8080-exec-8] INFO  c.R.backend.auth.service.AuthService - Login attempt for manohar.shattrma@example.com
10:56:17.041 [http-nio-8080-exec-8] INFO  c.R.backend.auth.service.AuthService - Login successful for manohar.shattrma@example.com
10:57:27.385 [http-nio-8080-exec-1] INFO  c.R.b.auth.Controller.AuthController - Login requested fetched for userEmail manohar.shattrma@example.com
10:57:27.386 [http-nio-8080-exec-1] INFO  c.R.backend.auth.service.AuthService - Login attempt for manohar.shattrma@example.com
10:57:27.578 [http-nio-8080-exec-1] INFO  c.R.backend.auth.service.AuthService - Login successful for manohar.shattrma@example.com
10:57:40.224 [http-nio-8080-exec-4] INFO  c.R.b.auth.Controller.AuthController - Login requested fetched for userEmail manohar.shattrma@example.com
10:57:40.224 [http-nio-8080-exec-4] INFO  c.R.backend.auth.service.AuthService - Login attempt for manohar.shattrma@example.com
10:57:40.399 [http-nio-8080-exec-4] INFO  c.R.backend.auth.service.AuthService - Login successful for manohar.shattrma@example.com
12:35:50.588 [http-nio-8080-exec-2] INFO  c.R.b.auth.Controller.AuthController - Login requested fetched for userEmail ambulance1@gmail.com
12:35:50.589 [http-nio-8080-exec-2] INFO  c.R.backend.auth.service.AuthService - Login attempt for ambulance1@gmail.com
12:35:50.866 [http-nio-8080-exec-2] WARN  c.R.backend.auth.service.AuthService - Invalid login attempt for ambulance1@gmail.com
12:36:15.363 [http-nio-8080-exec-4] INFO  c.R.b.auth.Controller.AuthController - Login requested fetched for userEmail ambulance1@example.com
12:36:15.364 [http-nio-8080-exec-4] INFO  c.R.backend.auth.service.AuthService - Login attempt for ambulance1@example.com
12:36:15.577 [http-nio-8080-exec-4] INFO  c.R.backend.auth.service.AuthService - Login successful for ambulance1@example.com
12:42:38.962 [http-nio-8080-exec-6] INFO  c.R.b.auth.Controller.AuthController - Login requested fetched for userEmail ambulance1@example.com
12:42:38.963 [http-nio-8080-exec-6] INFO  c.R.backend.auth.service.AuthService - Login attempt for ambulance1@example.com
12:42:39.161 [http-nio-8080-exec-6] INFO  c.R.backend.auth.service.AuthService - Login successful for ambulance1@example.com
13:08:15.993 [http-nio-8080-exec-7] INFO  c.R.b.auth.Controller.AuthController - Login requested fetched for userEmail ambulance1@example.com
13:08:15.994 [http-nio-8080-exec-7] INFO  c.R.backend.auth.service.AuthService - Login attempt for ambulance1@example.com
13:08:16.804 [http-nio-8080-exec-7] INFO  c.R.backend.auth.service.AuthService - Login successful for ambulance1@example.com
13:29:12.981 [http-nio-8080-exec-2] INFO  c.R.b.auth.Controller.AuthController - Login requested fetched for userEmail ambulance1@example.com
13:29:12.981 [http-nio-8080-exec-2] INFO  c.R.backend.auth.service.AuthService - Login attempt for ambulance1@example.com
13:29:13.364 [http-nio-8080-exec-2] INFO  c.R.backend.auth.service.AuthService - Login successful for ambulance1@example.com
15:59:39.363 [http-nio-8080-exec-2] INFO  c.R.b.auth.Controller.AuthController - Login requested fetched for userEmail ambulance3@example.com
15:59:39.363 [http-nio-8080-exec-2] INFO  c.R.backend.auth.service.AuthService - Login attempt for ambulance3@example.com
15:59:39.582 [http-nio-8080-exec-2] INFO  c.R.backend.auth.service.AuthService - Login successful for ambulance3@example.com
19:03:15.524 [http-nio-8080-exec-2] INFO  c.R.b.auth.Controller.AuthController - register requested fetched for userEmail sDminBoss@examplecom for Role: USER
19:03:15.525 [http-nio-8080-exec-2] INFO  c.R.backend.auth.service.AuthService - Registering new user: sDminBoss@examplecom
19:03:15.994 [http-nio-8080-exec-2] INFO  c.R.backend.auth.service.AuthService - User registered successfully: sDminBoss@examplecom (Role: USER)
19:03:27.379 [http-nio-8080-exec-3] INFO  c.R.b.auth.Controller.AuthController - register requested fetched for userEmail sDminBoss@examplecom for Role: USER
19:03:27.379 [http-nio-8080-exec-3] INFO  c.R.backend.auth.service.AuthService - Registering new user: sDminBoss@examplecom
19:03:27.478 [http-nio-8080-exec-3] ERROR c.R.backend.auth.service.AuthService - Duplicate government ID: 23464334
19:04:38.313 [http-nio-8080-exec-1] INFO  c.R.b.auth.Controller.AuthController - register requested fetched for userEmail sDminBoss@examplecom for Role: USER
19:04:38.313 [http-nio-8080-exec-1] INFO  c.R.backend.auth.service.AuthService - Registering new user: sDminBoss@examplecom
19:04:38.436 [http-nio-8080-exec-1] ERROR c.R.backend.auth.service.AuthService - Duplicate government ID: 23464334
19:04:46.306 [http-nio-8080-exec-3] INFO  c.R.b.auth.Controller.AuthController - register requested fetched for userEmail  for Role: USER
19:04:46.306 [http-nio-8080-exec-3] INFO  c.R.backend.auth.service.AuthService - Registering new user: 
19:04:46.394 [http-nio-8080-exec-3] ERROR c.R.backend.auth.service.AuthService - Duplicate government ID: 23464334
19:05:01.456 [http-nio-8080-exec-4] INFO  c.R.b.auth.Controller.AuthController - register requested fetched for userEmail  for Role: USER
19:05:01.456 [http-nio-8080-exec-4] INFO  c.R.backend.auth.service.AuthService - Registering new user: 
19:05:01.919 [http-nio-8080-exec-4] INFO  c.R.backend.auth.service.AuthService - User registered successfully:  (Role: USER)
19:12:06.679 [http-nio-8080-exec-1] INFO  c.R.b.auth.Controller.AuthController - register requested fetched for userEmail  for Role: USER
19:12:06.679 [http-nio-8080-exec-1] INFO  c.R.backend.auth.service.AuthService - Registering new user: 
19:12:06.893 [http-nio-8080-exec-1] ERROR c.R.backend.auth.service.AuthService - Duplicate email exists: 
19:12:26.551 [http-nio-8080-exec-3] INFO  c.R.b.auth.Controller.AuthController - register requested fetched for userEmail  for Role: USER
19:12:26.552 [http-nio-8080-exec-3] INFO  c.R.backend.auth.service.AuthService - Registering new user: 
19:12:27.020 [http-nio-8080-exec-3] INFO  c.R.backend.auth.service.AuthService - User registered successfully:  (Role: USER)
19:15:25.472 [http-nio-8080-exec-2] INFO  c.R.b.auth.Controller.AuthController - register requested fetched for userEmail  for Role: USER
19:15:25.473 [http-nio-8080-exec-2] INFO  c.R.backend.auth.service.AuthService - Registering new user: 
19:15:26.051 [http-nio-8080-exec-2] INFO  c.R.backend.auth.service.AuthService - User registered successfully:  (Role: USER)
19:23:25.177 [http-nio-8080-exec-2] INFO  c.R.b.auth.Controller.AuthController - register requested fetched for userEmail  for Role: USER
19:23:25.178 [http-nio-8080-exec-2] ERROR c.R.backend.auth.service.AuthService - Blank email id provided 
19:23:34.746 [http-nio-8080-exec-3] INFO  c.R.b.auth.Controller.AuthController - register requested fetched for userEmail  for Role: USER
19:23:34.746 [http-nio-8080-exec-3] ERROR c.R.backend.auth.service.AuthService - Blank email id provided 
19:25:26.292 [http-nio-8080-exec-6] INFO  c.R.b.auth.Controller.AuthController - register requested fetched for userEmail  for Role: USER
19:25:26.293 [http-nio-8080-exec-6] ERROR c.R.backend.auth.service.AuthService - Blank email id provided 
19:25:27.239 [http-nio-8080-exec-7] INFO  c.R.b.auth.Controller.AuthController - register requested fetched for userEmail  for Role: USER
19:25:27.240 [http-nio-8080-exec-7] ERROR c.R.backend.auth.service.AuthService - Blank email id provided 
19:25:49.250 [http-nio-8080-exec-2] INFO  c.R.b.auth.Controller.AuthController - register requested fetched for userEmail  for Role: USER
19:25:49.250 [http-nio-8080-exec-2] ERROR c.R.backend.auth.service.AuthService - Blank email id provided 
19:26:01.534 [http-nio-8080-exec-4] INFO  c.R.b.auth.Controller.AuthController - register requested fetched for userEmail a@gmail.com for Role: USER
19:26:01.534 [http-nio-8080-exec-4] INFO  c.R.backend.auth.service.AuthService - Registering new user: a@gmail.com
19:26:01.696 [http-nio-8080-exec-4] ERROR c.R.backend.auth.service.AuthService - Duplicate government ID: 234643444638
19:27:13.482 [http-nio-8080-exec-2] INFO  c.R.b.auth.Controller.AuthController - register requested fetched for userEmail a@gmail.com for Role: USER
19:27:13.482 [http-nio-8080-exec-2] ERROR c.R.backend.auth.service.AuthService - Blank full name provided 
19:27:23.329 [http-nio-8080-exec-4] INFO  c.R.b.auth.Controller.AuthController - register requested fetched for userEmail agmail.com for Role: USER
19:27:23.329 [http-nio-8080-exec-4] INFO  c.R.backend.auth.service.AuthService - Registering new user: agmail.com
19:27:23.479 [http-nio-8080-exec-4] ERROR c.R.backend.auth.service.AuthService - Duplicate government ID: 234643444638
19:28:45.767 [http-nio-8080-exec-6] INFO  c.R.b.auth.Controller.AuthController - register requested fetched for userEmail agmail.com for Role: USER
19:28:45.767 [http-nio-8080-exec-6] INFO  c.R.backend.auth.service.AuthService - Registering new user: agmail.com
19:28:46.324 [http-nio-8080-exec-6] INFO  c.R.backend.auth.service.AuthService - User registered successfully: agmail.com (Role: USER)
19:28:55.944 [http-nio-8080-exec-7] INFO  c.R.b.auth.Controller.AuthController - register requested fetched for userEmail agmailcom for Role: USER
19:28:55.944 [http-nio-8080-exec-7] INFO  c.R.backend.auth.service.AuthService - Registering new user: agmailcom
19:28:56.400 [http-nio-8080-exec-7] INFO  c.R.backend.auth.service.AuthService - User registered successfully: agmailcom (Role: USER)
19:31:53.021 [http-nio-8080-exec-2] INFO  c.R.b.auth.Controller.AuthController - register requested fetched for userEmail agseilcom for Role: USER
19:31:53.274 [http-nio-8080-exec-2] INFO  c.R.backend.auth.service.AuthService - Registering new user: agseilcom
19:31:53.566 [http-nio-8080-exec-2] INFO  c.R.backend.auth.service.AuthService - User registered successfully: agseilcom (Role: USER)
19:32:09.425 [http-nio-8080-exec-3] INFO  c.R.b.auth.Controller.AuthController - register requested fetched for userEmail agseilcom for Role: USER
19:32:09.597 [http-nio-8080-exec-3] ERROR c.R.backend.auth.service.AuthService - Duplicate email exists: agseilcom
19:32:13.734 [http-nio-8080-exec-5] INFO  c.R.b.auth.Controller.AuthController - register requested fetched for userEmail agseicdwclcom for Role: USER
19:32:14.215 [http-nio-8080-exec-5] INFO  c.R.backend.auth.service.AuthService - Registering new user: agseicdwclcom
19:32:14.476 [http-nio-8080-exec-5] INFO  c.R.backend.auth.service.AuthService - User registered successfully: agseicdwclcom (Role: USER)
19:42:26.245 [http-nio-8080-exec-2] INFO  c.R.b.auth.Controller.AuthController - register requested fetched for userEmail ajssnw@gmail.com for Role: USER
19:42:26.473 [http-nio-8080-exec-2] INFO  c.R.backend.auth.service.AuthService - Registering new user: ajssnw@gmail.com
19:42:26.737 [http-nio-8080-exec-2] INFO  c.R.backend.auth.service.AuthService - User registered successfully: ajssnw@gmail.com (Role: USER)
19:42:51.189 [http-nio-8080-exec-5] INFO  c.R.b.auth.Controller.AuthController - register requested fetched for userEmail ajssnw@gmail.com for Role: USER
19:42:51.301 [http-nio-8080-exec-5] ERROR c.R.backend.auth.service.AuthService - Duplicate government ID: 123456789012
19:42:59.474 [http-nio-8080-exec-7] INFO  c.R.b.auth.Controller.AuthController - register requested fetched for userEmail ajssnw@gmail.com for Role: USER
19:42:59.610 [http-nio-8080-exec-7] ERROR c.R.backend.auth.service.AuthService - Duplicate email exists: ajssnw@gmail.com
19:57:11.705 [http-nio-8080-exec-4] INFO  c.R.b.auth.Controller.AuthController - register requested fetched for userEmail shanti.vermma@gov.com for Role: FIRE_DRIVER
19:57:11.705 [http-nio-8080-exec-4] INFO  c.R.backend.auth.service.AuthService - Registering fire truck driver: shanti.vermma@gov.com
19:57:12.436 [http-nio-8080-exec-4] INFO  c.R.backend.auth.service.AuthService - Assigning driver Shani Verma to fire station: Shivajinagar Fire Station
19:57:12.738 [http-nio-8080-exec-4] INFO  c.R.backend.auth.service.AuthService - Fire truck driver registered: shanti.vermma@gov.com, assigned truck: MH12AA0001
19:59:38.181 [http-nio-8080-exec-7] INFO  c.R.b.auth.Controller.AuthController - register requested fetched for userEmail shati.vermma@gov.com for Role: FIRE_DRIVER
19:59:38.183 [http-nio-8080-exec-7] INFO  c.R.backend.auth.service.AuthService - Registering fire truck driver: shati.vermma@gov.com
19:59:38.291 [http-nio-8080-exec-7] ERROR c.R.backend.auth.service.AuthService - Duplicate government ID: 236534562345
19:59:44.581 [http-nio-8080-exec-9] INFO  c.R.b.auth.Controller.AuthController - register requested fetched for userEmail shati.vermma@gov.com for Role: FIRE_DRIVER
19:59:44.581 [http-nio-8080-exec-9] INFO  c.R.backend.auth.service.AuthService - Registering fire truck driver: shati.vermma@gov.com
19:59:45.034 [http-nio-8080-exec-9] INFO  c.R.backend.auth.service.AuthService - Assigning driver Shanti Verma to fire station: Shivajinagar Fire Station
19:59:45.352 [http-nio-8080-exec-9] INFO  c.R.backend.auth.service.AuthService - Fire truck driver registered: shati.vermma@gov.com, assigned truck: MH12AA0001
20:03:29.844 [http-nio-8080-exec-1] INFO  c.R.b.auth.Controller.AuthController - register requested fetched for userEmail ronak.kale@fire.com for Role: FIRE_DRIVER
20:03:29.844 [http-nio-8080-exec-1] INFO  c.R.backend.auth.service.AuthService - Registering fire truck driver: ronak.kale@fire.com
20:03:30.113 [http-nio-8080-exec-1] ERROR c.R.backend.auth.service.AuthService - Fire Driver with this license exist MH-FIRE-001
20:03:35.733 [http-nio-8080-exec-4] INFO  c.R.b.auth.Controller.AuthController - register requested fetched for userEmail ronak.kale@fire.com for Role: FIRE_DRIVER
20:03:35.733 [http-nio-8080-exec-4] INFO  c.R.backend.auth.service.AuthService - Registering fire truck driver: ronak.kale@fire.com
20:03:36.081 [http-nio-8080-exec-4] ERROR c.R.backend.auth.service.AuthService - Vehicle with number platen MH12AA0001 already exist
20:03:40.870 [http-nio-8080-exec-6] INFO  c.R.b.auth.Controller.AuthController - register requested fetched for userEmail ronak.kale@fire.com for Role: FIRE_DRIVER
20:03:40.871 [http-nio-8080-exec-6] INFO  c.R.backend.auth.service.AuthService - Registering fire truck driver: ronak.kale@fire.com
20:03:41.915 [http-nio-8080-exec-6] INFO  c.R.backend.auth.service.AuthService - Assigning driver Ronak Kale to fire station: Shivajinagar Fire Station
20:03:42.208 [http-nio-8080-exec-6] INFO  c.R.backend.auth.service.AuthService - Fire truck driver registered: ronak.kale@fire.com, assigned truck: MH12AA0002
20:14:27.139 [http-nio-8080-exec-4] INFO  c.R.b.auth.Controller.AuthController - register requested fetched for userEmail ambulance3@example.com for Role: AMBULANCE_DRIVER
20:14:27.140 [http-nio-8080-exec-4] INFO  c.R.backend.auth.service.AuthService - Registering ambulance driver: ambulance3@example.com
20:14:27.362 [http-nio-8080-exec-4] ERROR c.R.backend.auth.service.AuthService - Duplicate email exists: ambulance3@example.com
20:15:03.150 [http-nio-8080-exec-8] INFO  c.R.b.auth.Controller.AuthController - register requested fetched for userEmail vishnu.jadhav@example.com for Role: AMBULANCE_DRIVER
20:15:03.151 [http-nio-8080-exec-8] INFO  c.R.backend.auth.service.AuthService - Registering ambulance driver: vishnu.jadhav@example.com
20:15:03.700 [http-nio-8080-exec-8] ERROR c.R.backend.auth.service.AuthService - Ambulance Driver with this license exist MH-AMBU-003
20:15:17.541 [http-nio-8080-exec-9] INFO  c.R.b.auth.Controller.AuthController - register requested fetched for userEmail vishnu.jadhav@example.com for Role: AMBULANCE_DRIVER
20:15:17.542 [http-nio-8080-exec-9] INFO  c.R.backend.auth.service.AuthService - Registering ambulance driver: vishnu.jadhav@example.com
20:15:17.875 [http-nio-8080-exec-9] ERROR c.R.backend.auth.service.AuthService - Ambulance with number plate MH12AB9874 already exist
20:15:28.788 [http-nio-8080-exec-2] INFO  c.R.b.auth.Controller.AuthController - register requested fetched for userEmail vishnu.jadhav@example.com for Role: AMBULANCE_DRIVER
20:15:28.789 [http-nio-8080-exec-2] INFO  c.R.backend.auth.service.AuthService - Registering ambulance driver: vishnu.jadhav@example.com
20:15:30.157 [http-nio-8080-exec-2] INFO  c.R.backend.auth.service.AuthService - Ambulance driver registered: vishnu.jadhav@example.com, vehicle: MH12AB1122
20:15:59.876 [http-nio-8080-exec-7] INFO  c.R.b.auth.Controller.AuthController - Login requested fetched for userEmail abc@gmail.com
20:15:59.877 [http-nio-8080-exec-7] INFO  c.R.backend.auth.service.AuthService - Login attempt for abc@gmail.com
20:15:59.993 [http-nio-8080-exec-7] WARN  c.R.backend.auth.service.AuthService - Invalid login attempt for abc@gmail.com
20:25:38.899 [http-nio-8080-exec-1] INFO  c.R.b.auth.Controller.AuthController - Login requested fetched for userEmail abc@gmail.com
20:25:38.900 [http-nio-8080-exec-1] INFO  c.R.backend.auth.service.AuthService - Login attempt for abc@gmail.com
20:25:39.014 [http-nio-8080-exec-1] WARN  c.R.backend.auth.service.AuthService - No user with this email abc@gmail.com exist
20:26:27.252 [http-nio-8080-exec-6] INFO  c.R.b.auth.Controller.AuthController - Login requested fetched for userEmail ronak.kale@fire.com
20:26:27.253 [http-nio-8080-exec-6] INFO  c.R.backend.auth.service.AuthService - Login attempt for ronak.kale@fire.com
20:26:27.557 [http-nio-8080-exec-6] WARN  c.R.backend.auth.service.AuthService - Invalid password entered for  email ronak.kale@fire.com
20:26:50.630 [http-nio-8080-exec-1] INFO  c.R.b.auth.Controller.AuthController - Login requested fetched for userEmail ronak.kale@fire.com
20:26:50.631 [http-nio-8080-exec-1] INFO  c.R.backend.auth.service.AuthService - Login attempt for ronak.kale@fire.com
20:26:51.028 [http-nio-8080-exec-1] INFO  c.R.backend.auth.service.AuthService - Login successful for ronak.kale@fire.com
20:29:55.679 [http-nio-8080-exec-6] INFO  c.R.b.auth.Controller.AuthController - register requested fetched for userEmail chulbul.pandey@police.gov for Role: POLICE_OFFICER
20:29:55.679 [http-nio-8080-exec-6] INFO  c.R.backend.auth.service.AuthService - Registering police officer: chulbul.pandey@police.gov
20:29:56.338 [http-nio-8080-exec-6] INFO  c.R.backend.auth.service.AuthService - Assigning officer Chulbul Pandey to station Hadapsar Police Outpost
20:29:56.574 [http-nio-8080-exec-6] INFO  c.R.backend.auth.service.AuthService - Police officer registered: chulbul.pandey@police.gov
20:30:05.830 [http-nio-8080-exec-8] INFO  c.R.b.auth.Controller.AuthController - register requested fetched for userEmail chulbul.pandey1@police.gov for Role: POLICE_OFFICER
20:30:05.830 [http-nio-8080-exec-8] INFO  c.R.backend.auth.service.AuthService - Registering police officer: chulbul.pandey1@police.gov
20:30:06.255 [http-nio-8080-exec-8] ERROR c.R.backend.auth.service.AuthService - Duplicate government ID: 137234562345
20:30:12.012 [http-nio-8080-exec-10] INFO  c.R.b.auth.Controller.AuthController - register requested fetched for userEmail chulbul.pandey1@police.gov for Role: POLICE_OFFICER
20:30:12.013 [http-nio-8080-exec-10] INFO  c.R.backend.auth.service.AuthService - Registering police officer: chulbul.pandey1@police.gov
20:30:12.214 [http-nio-8080-exec-10] ERROR c.R.backend.auth.service.AuthService - Duplicate phone number: 1112223334
20:30:25.300 [http-nio-8080-exec-5] INFO  c.R.b.auth.Controller.AuthController - register requested fetched for userEmail chulbul.pandey1@police.gov for Role: POLICE_OFFICER
20:30:25.300 [http-nio-8080-exec-5] INFO  c.R.backend.auth.service.AuthService - Registering police officer: chulbul.pandey1@police.gov
20:30:25.416 [http-nio-8080-exec-5] ERROR c.R.backend.auth.service.AuthService - Duplicate government ID: 137234562345
20:31:00.421 [http-nio-8080-exec-10] INFO  c.R.b.auth.Controller.AuthController - register requested fetched for userEmail chulbul.pandey1@police.gov for Role: POLICE_OFFICER
20:31:00.421 [http-nio-8080-exec-10] INFO  c.R.backend.auth.service.AuthService - Registering police officer: chulbul.pandey1@police.gov
20:31:00.649 [http-nio-8080-exec-10] ERROR c.R.backend.auth.service.AuthService - Duplicate phone number: 1112223334
20:31:39.194 [http-nio-8080-exec-5] INFO  c.R.b.auth.Controller.AuthController - register requested fetched for userEmail chulbul.pandey1@police.gov for Role: POLICE_OFFICER
20:31:39.194 [http-nio-8080-exec-5] INFO  c.R.backend.auth.service.AuthService - Registering police officer: chulbul.pandey1@police.gov
20:31:39.316 [http-nio-8080-exec-5] ERROR c.R.backend.auth.service.AuthService - Duplicate government ID: 137234562345
20:32:22.045 [http-nio-8080-exec-7] INFO  c.R.b.auth.Controller.AuthController - register requested fetched for userEmail rahul.dinanath@police.gov for Role: POLICE_OFFICER
20:32:22.046 [http-nio-8080-exec-7] INFO  c.R.backend.auth.service.AuthService - Registering police officer: rahul.dinanath@police.gov
20:32:22.506 [http-nio-8080-exec-7] INFO  c.R.backend.auth.service.AuthService - Assigning officer Rahul Dinanath to station Hadapsar Police Outpost
20:32:22.745 [http-nio-8080-exec-7] INFO  c.R.backend.auth.service.AuthService - Police officer registered: rahul.dinanath@police.gov
20:46:36.906 [http-nio-8080-exec-2] INFO  c.R.b.auth.Controller.AuthController - register requested fetched for userEmail mehul.chowksi@police.gov for Role: POLICE_OFFICER
20:46:36.907 [http-nio-8080-exec-2] INFO  c.R.backend.auth.service.AuthService - Registering police officer: mehul.chowksi@police.gov
20:46:37.736 [http-nio-8080-exec-2] INFO  c.R.backend.auth.service.AuthService - Assigning officer Mehul Chowksi to station Hadapsar Police Outpost
20:46:37.977 [http-nio-8080-exec-2] INFO  c.R.backend.auth.service.AuthService - Police officer registered: mehul.chowksi@police.gov
21:01:25.286 [http-nio-8080-exec-4] INFO  c.R.b.auth.Controller.AuthController - Login requested fetched for userEmail mehul.chowksi@police.gov
21:01:25.286 [http-nio-8080-exec-4] INFO  c.R.backend.auth.service.AuthService - Login attempt for mehul.chowksi@police.gov
21:01:25.640 [http-nio-8080-exec-4] INFO  c.R.backend.auth.service.AuthService - Login successful for mehul.chowksi@police.gov
21:04:44.886 [http-nio-8080-exec-8] INFO  c.R.b.auth.Controller.AuthController - Login requested fetched for userEmail vishnu.jadhav@example.com
21:04:44.887 [http-nio-8080-exec-8] INFO  c.R.backend.auth.service.AuthService - Login attempt for vishnu.jadhav@example.com
21:04:45.173 [http-nio-8080-exec-8] INFO  c.R.backend.auth.service.AuthService - Login successful for vishnu.jadhav@example.com
21:16:16.024 [http-nio-8080-exec-9] INFO  c.R.b.auth.Controller.AuthController - Login requested fetched for userEmail vishnu.jadhav@example.com
21:16:16.025 [http-nio-8080-exec-9] INFO  c.R.backend.auth.service.AuthService - Login attempt for vishnu.jadhav@example.com
21:16:16.458 [http-nio-8080-exec-9] INFO  c.R.backend.auth.service.AuthService - Login successful for vishnu.jadhav@example.com
21:40:05.678 [http-nio-8080-exec-9] INFO  c.R.b.auth.Controller.AuthController - register requested fetched for userEmail amit.shah@ambulance.com for Role: HOSPITAL_ADMIN
21:40:06.023 [http-nio-8080-exec-9] INFO  c.R.backend.auth.service.AuthService - Registering new user: amit.shah@ambulance.com
21:41:17.523 [http-nio-8080-exec-10] INFO  c.R.b.auth.Controller.AuthController - register requested fetched for userEmail amit.shah@ambulance.com for Role: HOSPITAL_ADMIN
21:41:17.989 [http-nio-8080-exec-10] INFO  c.R.backend.auth.service.AuthService - Registering new user: amit.shah@ambulance.com
21:41:18.309 [http-nio-8080-exec-10] INFO  c.R.backend.auth.service.AuthService - User registered successfully: amit.shah@ambulance.com (Role: HOSPITAL_ADMIN)
21:53:46.030 [http-nio-8080-exec-8] INFO  c.R.b.auth.Controller.AuthController - Login requested fetched for userEmail amit.shah@ambulance.com
21:53:46.030 [http-nio-8080-exec-8] INFO  c.R.backend.auth.service.AuthService - Login attempt for amit.shah@ambulance.com
21:53:46.308 [http-nio-8080-exec-8] INFO  c.R.backend.auth.service.AuthService - Login successful for amit.shah@ambulance.com
21:54:09.767 [http-nio-8080-exec-10] INFO  c.R.b.auth.Controller.AuthController - Login requested fetched for userEmail amit.shah@ambulance.com
21:54:09.768 [http-nio-8080-exec-10] INFO  c.R.backend.auth.service.AuthService - Login attempt for amit.shah@ambulance.com
21:54:10.066 [http-nio-8080-exec-10] INFO  c.R.backend.auth.service.AuthService - Login successful for amit.shah@ambulance.com
23:23:13.336 [http-nio-8080-exec-2] INFO  c.R.b.auth.Controller.AuthController - Login requested fetched for userEmail amit.shah@example.com
23:23:13.336 [http-nio-8080-exec-2] INFO  c.R.backend.auth.service.AuthService - Login attempt for amit.shah@example.com
23:23:13.469 [http-nio-8080-exec-2] WARN  c.R.backend.auth.service.AuthService - No user with this email amit.shah@example.com exist
23:23:24.488 [http-nio-8080-exec-4] INFO  c.R.b.auth.Controller.AuthController - Login requested fetched for userEmail amit.shah@ambulance.com
23:23:24.489 [http-nio-8080-exec-4] INFO  c.R.backend.auth.service.AuthService - Login attempt for amit.shah@ambulance.com
23:23:24.844 [http-nio-8080-exec-4] INFO  c.R.backend.auth.service.AuthService - Login successful for amit.shah@ambulance.com
