01:14:11.271 [http-nio-8080-exec-7] INFO  c.R.b.f.c.FireTruckDriverController - Location fetched request for 
01:14:11.512 [http-nio-8080-exec-7] INFO  c.R.b.f.service.impl.FireServiceImpl - Location fetch request init
01:14:11.514 [http-nio-8080-exec-7] INFO  c.R.b.f.service.impl.FireServiceImpl - found user who is requesting manohar.shattrma@example.com
01:14:11.557 [http-nio-8080-exec-7] INFO  c.R.b.f.service.impl.FireServiceImpl - Found associated fire truck MH155AB19234 of Manohar shtvarma 
01:14:11.636 [http-nio-8080-exec-7] INFO  c.R.b.f.service.impl.FireServiceImpl - Fetched 1 requests where Fire Truck where involved.
01:14:11.782 [http-nio-8080-exec-9] INFO  c.R.b.f.c.FireTruckDriverController - Location fetched request for 
01:14:11.943 [http-nio-8080-exec-9] INFO  c.R.b.f.service.impl.FireServiceImpl - Location fetch request init
01:14:11.946 [http-nio-8080-exec-9] INFO  c.R.b.f.service.impl.FireServiceImpl - found user who is requesting manohar.shattrma@example.com
01:14:11.977 [http-nio-8080-exec-9] INFO  c.R.b.f.service.impl.FireServiceImpl - Found associated fire truck MH155AB19234 of Manohar shtvarma 
01:14:12.061 [http-nio-8080-exec-9] INFO  c.R.b.f.service.impl.FireServiceImpl - Fetched 1 requests where Fire Truck where involved.
01:18:48.937 [http-nio-8080-exec-4] INFO  c.R.b.f.c.FireTruckDriverController - Location fetched request for 
01:18:49.493 [http-nio-8080-exec-4] INFO  c.R.b.f.service.impl.FireServiceImpl - Location fetch request init
01:18:49.493 [http-nio-8080-exec-4] INFO  c.R.b.f.service.impl.FireServiceImpl - found user who is requesting manohar.shattrma@example.com
01:18:50.340 [http-nio-8080-exec-4] INFO  c.R.b.f.service.impl.FireServiceImpl - Found associated fire truck MH155AB19234 of Manohar shtvarma 
01:18:50.406 [http-nio-8080-exec-4] INFO  c.R.b.f.service.impl.FireServiceImpl - Fetched 1 requests where Fire Truck where involved.
01:18:50.533 [http-nio-8080-exec-5] INFO  c.R.b.f.c.FireTruckDriverController - Location fetched request for 
01:18:50.726 [http-nio-8080-exec-5] INFO  c.R.b.f.service.impl.FireServiceImpl - Location fetch request init
01:18:50.726 [http-nio-8080-exec-5] INFO  c.R.b.f.service.impl.FireServiceImpl - found user who is requesting manohar.shattrma@example.com
01:18:50.778 [http-nio-8080-exec-5] INFO  c.R.b.f.service.impl.FireServiceImpl - Found associated fire truck MH155AB19234 of Manohar shtvarma 
01:18:50.850 [http-nio-8080-exec-5] INFO  c.R.b.f.service.impl.FireServiceImpl - Fetched 1 requests where Fire Truck where involved.
01:21:21.703 [http-nio-8080-exec-6] INFO  c.R.b.f.c.FireTruckDriverController - Location fetched request for 
01:21:21.957 [http-nio-8080-exec-6] INFO  c.R.b.f.service.impl.FireServiceImpl - Location fetch request init
01:21:21.957 [http-nio-8080-exec-6] INFO  c.R.b.f.service.impl.FireServiceImpl - found user who is requesting manohar.shattrma@example.com
01:21:22.099 [http-nio-8080-exec-6] INFO  c.R.b.f.service.impl.FireServiceImpl - Found associated fire truck MH155AB19234 of Manohar shtvarma 
01:21:22.265 [http-nio-8080-exec-6] INFO  c.R.b.f.service.impl.FireServiceImpl - Fetched 1 requests where Fire Truck where involved.
01:21:24.183 [http-nio-8080-exec-10] INFO  c.R.b.f.c.FireTruckDriverController - Location fetched request for 
01:21:24.321 [http-nio-8080-exec-10] INFO  c.R.b.f.service.impl.FireServiceImpl - Location fetch request init
01:21:24.321 [http-nio-8080-exec-10] INFO  c.R.b.f.service.impl.FireServiceImpl - found user who is requesting manohar.shattrma@example.com
01:21:24.358 [http-nio-8080-exec-10] INFO  c.R.b.f.service.impl.FireServiceImpl - Found associated fire truck MH155AB19234 of Manohar shtvarma 
01:21:24.428 [http-nio-8080-exec-10] INFO  c.R.b.f.service.impl.FireServiceImpl - Fetched 1 requests where Fire Truck where involved.
01:21:35.989 [http-nio-8080-exec-1] INFO  c.R.b.f.c.FireTruckDriverController - Location fetched request for 
01:21:36.195 [http-nio-8080-exec-1] INFO  c.R.b.f.service.impl.FireServiceImpl - Location fetch request init
01:21:36.195 [http-nio-8080-exec-1] INFO  c.R.b.f.service.impl.FireServiceImpl - found user who is requesting manohar.shattrma@example.com
01:21:36.258 [http-nio-8080-exec-1] INFO  c.R.b.f.service.impl.FireServiceImpl - Found associated fire truck MH155AB19234 of Manohar shtvarma 
01:21:36.336 [http-nio-8080-exec-1] INFO  c.R.b.f.service.impl.FireServiceImpl - Fetched 1 requests where Fire Truck where involved.
01:21:45.324 [http-nio-8080-exec-5] INFO  c.R.b.f.c.FireTruckDriverController - Location fetched request for 
01:21:45.598 [http-nio-8080-exec-5] INFO  c.R.b.f.service.impl.FireServiceImpl - Location fetch request init
01:21:45.598 [http-nio-8080-exec-5] INFO  c.R.b.f.service.impl.FireServiceImpl - found user who is requesting manohar.shattrma@example.com
01:21:45.662 [http-nio-8080-exec-5] INFO  c.R.b.f.service.impl.FireServiceImpl - Found associated fire truck MH155AB19234 of Manohar shtvarma 
01:21:45.879 [http-nio-8080-exec-5] INFO  c.R.b.f.service.impl.FireServiceImpl - Fetched 1 requests where Fire Truck where involved.
01:21:46.140 [http-nio-8080-exec-9] INFO  c.R.b.f.c.FireTruckDriverController - Location fetched request for 
01:21:46.347 [http-nio-8080-exec-9] INFO  c.R.b.f.service.impl.FireServiceImpl - Location fetch request init
01:21:46.347 [http-nio-8080-exec-9] INFO  c.R.b.f.service.impl.FireServiceImpl - found user who is requesting manohar.shattrma@example.com
01:21:46.398 [http-nio-8080-exec-9] INFO  c.R.b.f.service.impl.FireServiceImpl - Found associated fire truck MH155AB19234 of Manohar shtvarma 
01:21:46.450 [http-nio-8080-exec-9] INFO  c.R.b.f.service.impl.FireServiceImpl - Fetched 1 requests where Fire Truck where involved.
01:22:26.663 [http-nio-8080-exec-8] INFO  c.R.b.f.c.FireTruckDriverController - Location fetched request for 
01:22:27.058 [http-nio-8080-exec-8] INFO  c.R.b.f.service.impl.FireServiceImpl - Location fetch request init
01:22:27.058 [http-nio-8080-exec-8] INFO  c.R.b.f.service.impl.FireServiceImpl - found user who is requesting manohar.shattrma@example.com
01:22:27.110 [http-nio-8080-exec-8] INFO  c.R.b.f.service.impl.FireServiceImpl - Found associated fire truck MH155AB19234 of Manohar shtvarma 
01:22:27.219 [http-nio-8080-exec-8] INFO  c.R.b.f.service.impl.FireServiceImpl - Fetched 1 requests where Fire Truck where involved.
01:22:27.432 [http-nio-8080-exec-6] INFO  c.R.b.f.c.FireTruckDriverController - Location fetched request for 
01:22:27.654 [http-nio-8080-exec-6] INFO  c.R.b.f.service.impl.FireServiceImpl - Location fetch request init
01:22:27.654 [http-nio-8080-exec-6] INFO  c.R.b.f.service.impl.FireServiceImpl - found user who is requesting manohar.shattrma@example.com
01:22:27.688 [http-nio-8080-exec-6] INFO  c.R.b.f.service.impl.FireServiceImpl - Found associated fire truck MH155AB19234 of Manohar shtvarma 
01:22:27.854 [http-nio-8080-exec-6] INFO  c.R.b.f.service.impl.FireServiceImpl - Fetched 1 requests where Fire Truck where involved.
01:40:59.834 [http-nio-8080-exec-8] INFO  c.R.b.f.c.FireTruckDriverController - Location fetched request for 
01:41:00.222 [http-nio-8080-exec-8] INFO  c.R.b.f.service.impl.FireServiceImpl - Location fetch request init
01:41:00.222 [http-nio-8080-exec-8] INFO  c.R.b.f.service.impl.FireServiceImpl - found user who is requesting manohar.shattrma@example.com
01:41:00.303 [http-nio-8080-exec-8] INFO  c.R.b.f.service.impl.FireServiceImpl - Found associated fire truck MH155AB19234 of Manohar shtvarma 
01:41:00.473 [http-nio-8080-exec-8] INFO  c.R.b.f.service.impl.FireServiceImpl - Fetched 1 requests where Fire Truck where involved.
01:41:00.643 [http-nio-8080-exec-5] INFO  c.R.b.f.c.FireTruckDriverController - Location fetched request for 
01:41:00.871 [http-nio-8080-exec-5] INFO  c.R.b.f.service.impl.FireServiceImpl - Location fetch request init
01:41:00.873 [http-nio-8080-exec-5] INFO  c.R.b.f.service.impl.FireServiceImpl - found user who is requesting manohar.shattrma@example.com
01:41:00.916 [http-nio-8080-exec-5] INFO  c.R.b.f.service.impl.FireServiceImpl - Found associated fire truck MH155AB19234 of Manohar shtvarma 
01:41:01.105 [http-nio-8080-exec-5] INFO  c.R.b.f.service.impl.FireServiceImpl - Fetched 1 requests where Fire Truck where involved.
01:41:06.643 [http-nio-8080-exec-9] INFO  c.R.b.f.c.FireTruckDriverController - Location fetched request for 
01:41:07.230 [http-nio-8080-exec-9] INFO  c.R.b.f.service.impl.FireServiceImpl - Location fetch request init
01:41:07.230 [http-nio-8080-exec-9] INFO  c.R.b.f.service.impl.FireServiceImpl - found user who is requesting manohar.shattrma@example.com
01:41:07.327 [http-nio-8080-exec-9] INFO  c.R.b.f.service.impl.FireServiceImpl - Found associated fire truck MH155AB19234 of Manohar shtvarma 
01:41:07.420 [http-nio-8080-exec-9] INFO  c.R.b.f.service.impl.FireServiceImpl - Fetched 1 requests where Fire Truck where involved.
01:41:07.625 [http-nio-8080-exec-7] INFO  c.R.b.f.c.FireTruckDriverController - Location fetched request for 
01:41:07.862 [http-nio-8080-exec-7] INFO  c.R.b.f.service.impl.FireServiceImpl - Location fetch request init
01:41:07.862 [http-nio-8080-exec-7] INFO  c.R.b.f.service.impl.FireServiceImpl - found user who is requesting manohar.shattrma@example.com
01:41:08.008 [http-nio-8080-exec-7] INFO  c.R.b.f.service.impl.FireServiceImpl - Found associated fire truck MH155AB19234 of Manohar shtvarma 
01:41:08.090 [http-nio-8080-exec-7] INFO  c.R.b.f.service.impl.FireServiceImpl - Fetched 1 requests where Fire Truck where involved.
12:56:46.160 [http-nio-8080-exec-5] INFO  c.R.b.f.c.FireTruckDriverController - Location fetched request for 
12:56:46.532 [http-nio-8080-exec-5] INFO  c.R.b.f.service.impl.FireServiceImpl - Location fetch request init
12:56:46.532 [http-nio-8080-exec-5] INFO  c.R.b.f.service.impl.FireServiceImpl - found user who is requesting fireAdmin@gmail.com
12:56:46.574 [http-nio-8080-exec-5] INFO  c.R.b.f.service.impl.FireServiceImpl - Found associated fire truck 34567823 of fireAdmin 
12:56:46.619 [http-nio-8080-exec-5] INFO  c.R.b.f.service.impl.FireServiceImpl - Fetched 0 requests where Fire Truck where involved.
12:56:46.736 [http-nio-8080-exec-4] INFO  c.R.b.f.c.FireTruckDriverController - Location fetched request for 
12:56:47.065 [http-nio-8080-exec-4] INFO  c.R.b.f.service.impl.FireServiceImpl - Location fetch request init
12:56:47.065 [http-nio-8080-exec-4] INFO  c.R.b.f.service.impl.FireServiceImpl - found user who is requesting fireAdmin@gmail.com
12:56:47.097 [http-nio-8080-exec-4] INFO  c.R.b.f.service.impl.FireServiceImpl - Found associated fire truck 34567823 of fireAdmin 
12:56:47.137 [http-nio-8080-exec-4] INFO  c.R.b.f.service.impl.FireServiceImpl - Fetched 0 requests where Fire Truck where involved.
16:47:58.447 [http-nio-8080-exec-7] INFO  c.R.b.f.c.FireTruckDriverController - Location fetched request for 
16:47:58.623 [http-nio-8080-exec-7] INFO  c.R.b.f.service.impl.FireServiceImpl - Location fetch request init
16:47:58.625 [http-nio-8080-exec-7] INFO  c.R.b.f.service.impl.FireServiceImpl - found user who is requesting manohar.shattrma@example.com
16:47:58.657 [http-nio-8080-exec-7] INFO  c.R.b.f.service.impl.FireServiceImpl - Found associated fire truck MH155AB19234 of Manohar shtvarma 
16:47:58.746 [http-nio-8080-exec-7] INFO  c.R.b.f.service.impl.FireServiceImpl - Fetched 1 requests where Fire Truck where involved.
16:47:58.904 [http-nio-8080-exec-2] INFO  c.R.b.f.c.FireTruckDriverController - Location fetched request for 
16:47:59.078 [http-nio-8080-exec-2] INFO  c.R.b.f.service.impl.FireServiceImpl - Location fetch request init
16:47:59.078 [http-nio-8080-exec-2] INFO  c.R.b.f.service.impl.FireServiceImpl - found user who is requesting manohar.shattrma@example.com
16:47:59.116 [http-nio-8080-exec-2] INFO  c.R.b.f.service.impl.FireServiceImpl - Found associated fire truck MH155AB19234 of Manohar shtvarma 
16:47:59.186 [http-nio-8080-exec-2] INFO  c.R.b.f.service.impl.FireServiceImpl - Fetched 1 requests where Fire Truck where involved.
17:30:00.953 [http-nio-8080-exec-1] INFO  c.R.b.f.c.FireTruckDriverController - Location fetched request for 
17:30:01.688 [http-nio-8080-exec-1] INFO  c.R.b.f.service.impl.FireServiceImpl - Location fetch request init
17:30:01.688 [http-nio-8080-exec-1] INFO  c.R.b.f.service.impl.FireServiceImpl - found user who is requesting manohar.shattrma@example.com
17:30:01.777 [http-nio-8080-exec-1] INFO  c.R.b.f.service.impl.FireServiceImpl - Found associated fire truck MH155AB19234 of Manohar shtvarma 
17:30:01.944 [http-nio-8080-exec-1] INFO  c.R.b.f.service.impl.FireServiceImpl - Fetched 1 requests where Fire Truck where involved.
17:30:02.209 [http-nio-8080-exec-10] INFO  c.R.b.f.c.FireTruckDriverController - Location fetched request for 
17:30:02.788 [http-nio-8080-exec-10] INFO  c.R.b.f.service.impl.FireServiceImpl - Location fetch request init
17:30:02.788 [http-nio-8080-exec-10] INFO  c.R.b.f.service.impl.FireServiceImpl - found user who is requesting manohar.shattrma@example.com
17:30:02.869 [http-nio-8080-exec-10] INFO  c.R.b.f.service.impl.FireServiceImpl - Found associated fire truck MH155AB19234 of Manohar shtvarma 
17:30:03.124 [http-nio-8080-exec-10] INFO  c.R.b.f.service.impl.FireServiceImpl - Fetched 1 requests where Fire Truck where involved.
17:52:46.611 [http-nio-8080-exec-8] INFO  c.R.b.f.c.FireTruckDriverController - Location fetched request for 
17:52:46.872 [http-nio-8080-exec-8] INFO  c.R.b.f.service.impl.FireServiceImpl - Location fetch request init
17:52:46.872 [http-nio-8080-exec-8] INFO  c.R.b.f.service.impl.FireServiceImpl - found user who is requesting manohar.shattrma@example.com
17:52:46.940 [http-nio-8080-exec-8] INFO  c.R.b.f.service.impl.FireServiceImpl - Found associated fire truck MH155AB19234 of Manohar shtvarma 
17:52:47.077 [http-nio-8080-exec-8] INFO  c.R.b.f.service.impl.FireServiceImpl - Fetched 1 requests where Fire Truck where involved.
17:52:47.232 [http-nio-8080-exec-4] INFO  c.R.b.f.c.FireTruckDriverController - Location fetched request for 
17:52:48.012 [http-nio-8080-exec-4] INFO  c.R.b.f.service.impl.FireServiceImpl - Location fetch request init
17:52:48.012 [http-nio-8080-exec-4] INFO  c.R.b.f.service.impl.FireServiceImpl - found user who is requesting manohar.shattrma@example.com
17:52:48.110 [http-nio-8080-exec-4] INFO  c.R.b.f.service.impl.FireServiceImpl - Found associated fire truck MH155AB19234 of Manohar shtvarma 
17:52:48.743 [http-nio-8080-exec-4] INFO  c.R.b.f.service.impl.FireServiceImpl - Fetched 1 requests where Fire Truck where involved.
17:53:20.527 [http-nio-8080-exec-10] INFO  c.R.b.f.c.FireTruckDriverController - Location fetched request for 
17:53:20.768 [http-nio-8080-exec-10] INFO  c.R.b.f.service.impl.FireServiceImpl - Location fetch request init
17:53:20.768 [http-nio-8080-exec-10] INFO  c.R.b.f.service.impl.FireServiceImpl - found user who is requesting manohar.shattrma@example.com
17:53:20.809 [http-nio-8080-exec-10] INFO  c.R.b.f.service.impl.FireServiceImpl - Found associated fire truck MH155AB19234 of Manohar shtvarma 
17:53:20.932 [http-nio-8080-exec-10] INFO  c.R.b.f.service.impl.FireServiceImpl - Fetched 1 requests where Fire Truck where involved.
22:37:43.845 [http-nio-8080-exec-1] INFO  c.R.b.f.c.FireTruckDriverController - Location fetched request for 
22:37:44.224 [http-nio-8080-exec-1] INFO  c.R.b.f.service.impl.FireServiceImpl - Location fetch request init
22:37:44.224 [http-nio-8080-exec-1] INFO  c.R.b.f.service.impl.FireServiceImpl - found user who is requesting manohar.shattrma@example.com
22:37:44.277 [http-nio-8080-exec-1] INFO  c.R.b.f.service.impl.FireServiceImpl - Found associated fire truck MH155AB19234 of Manohar shtvarma 
22:37:44.404 [http-nio-8080-exec-1] INFO  c.R.b.f.service.impl.FireServiceImpl - Fetched 1 requests where Fire Truck where involved.
22:37:44.818 [http-nio-8080-exec-8] INFO  c.R.b.f.c.FireTruckDriverController - Location fetched request for 
22:37:45.360 [http-nio-8080-exec-8] INFO  c.R.b.f.service.impl.FireServiceImpl - Location fetch request init
22:37:45.360 [http-nio-8080-exec-8] INFO  c.R.b.f.service.impl.FireServiceImpl - found user who is requesting manohar.shattrma@example.com
22:37:45.427 [http-nio-8080-exec-8] INFO  c.R.b.f.service.impl.FireServiceImpl - Found associated fire truck MH155AB19234 of Manohar shtvarma 
22:37:45.570 [http-nio-8080-exec-8] INFO  c.R.b.f.service.impl.FireServiceImpl - Fetched 1 requests where Fire Truck where involved.
22:38:11.382 [http-nio-8080-exec-2] INFO  c.R.b.f.c.FireTruckDriverController - Location fetched request for 
22:38:11.587 [http-nio-8080-exec-2] INFO  c.R.b.f.service.impl.FireServiceImpl - Location fetch request init
22:38:11.587 [http-nio-8080-exec-2] INFO  c.R.b.f.service.impl.FireServiceImpl - found user who is requesting manohar.shattrma@example.com
22:38:11.649 [http-nio-8080-exec-2] INFO  c.R.b.f.service.impl.FireServiceImpl - Found associated fire truck MH155AB19234 of Manohar shtvarma 
22:38:11.781 [http-nio-8080-exec-2] INFO  c.R.b.f.service.impl.FireServiceImpl - Fetched 1 requests where Fire Truck where involved.
22:38:12.280 [http-nio-8080-exec-6] INFO  c.R.b.f.c.FireTruckDriverController - Location fetched request for 
22:38:12.716 [http-nio-8080-exec-6] INFO  c.R.b.f.service.impl.FireServiceImpl - Location fetch request init
22:38:12.716 [http-nio-8080-exec-6] INFO  c.R.b.f.service.impl.FireServiceImpl - found user who is requesting manohar.shattrma@example.com
22:38:12.770 [http-nio-8080-exec-6] INFO  c.R.b.f.service.impl.FireServiceImpl - Found associated fire truck MH155AB19234 of Manohar shtvarma 
22:38:12.971 [http-nio-8080-exec-6] INFO  c.R.b.f.service.impl.FireServiceImpl - Fetched 1 requests where Fire Truck where involved.
22:38:18.667 [http-nio-8080-exec-3] INFO  c.R.b.f.c.FireTruckDriverController - Location fetched request for 
22:38:18.951 [http-nio-8080-exec-3] INFO  c.R.b.f.service.impl.FireServiceImpl - Location fetch request init
22:38:18.951 [http-nio-8080-exec-3] INFO  c.R.b.f.service.impl.FireServiceImpl - found user who is requesting manohar.shattrma@example.com
22:38:19.140 [http-nio-8080-exec-3] INFO  c.R.b.f.service.impl.FireServiceImpl - Found associated fire truck MH155AB19234 of Manohar shtvarma 
22:38:19.348 [http-nio-8080-exec-3] INFO  c.R.b.f.service.impl.FireServiceImpl - Fetched 1 requests where Fire Truck where involved.
22:38:20.005 [http-nio-8080-exec-10] INFO  c.R.b.f.c.FireTruckDriverController - Location fetched request for 
22:38:20.651 [http-nio-8080-exec-10] INFO  c.R.b.f.service.impl.FireServiceImpl - Location fetch request init
22:38:20.651 [http-nio-8080-exec-10] INFO  c.R.b.f.service.impl.FireServiceImpl - found user who is requesting manohar.shattrma@example.com
22:38:20.780 [http-nio-8080-exec-10] INFO  c.R.b.f.service.impl.FireServiceImpl - Found associated fire truck MH155AB19234 of Manohar shtvarma 
22:38:21.056 [http-nio-8080-exec-10] INFO  c.R.b.f.service.impl.FireServiceImpl - Fetched 1 requests where Fire Truck where involved.
22:38:54.457 [http-nio-8080-exec-8] INFO  c.R.b.f.c.FireTruckDriverController - Status update COMPLETE request fetched:
22:38:55.387 [http-nio-8080-exec-8] INFO  c.R.b.f.service.impl.FireServiceImpl - Started with COMPLETE status update process
22:38:55.441 [http-nio-8080-exec-8] INFO  c.R.b.f.service.impl.FireServiceImpl - found ambulance 3
22:38:56.257 [http-nio-8080-exec-8] INFO  c.R.b.f.service.impl.FireServiceImpl - Completed the assignment 6
22:38:56.476 [http-nio-8080-exec-8] INFO  c.R.b.f.service.impl.FireServiceImpl - Checking if all services for request 6 have completed
22:38:56.671 [http-nio-8080-exec-8] INFO  c.R.b.f.service.impl.FireServiceImpl - Service completion status - Ambulances: true, Fire: false, Police: false
22:42:27.216 [http-nio-8080-exec-9] INFO  c.R.b.f.c.FireTruckDriverController - Location fetched request for 
22:42:27.900 [http-nio-8080-exec-9] INFO  c.R.b.f.service.impl.FireServiceImpl - Location fetch request init
22:42:27.900 [http-nio-8080-exec-9] INFO  c.R.b.f.service.impl.FireServiceImpl - found user who is requesting manohar.shattrma@example.com
22:42:27.945 [http-nio-8080-exec-9] INFO  c.R.b.f.service.impl.FireServiceImpl - Found associated fire truck MH155AB19234 of Manohar shtvarma 
22:42:28.051 [http-nio-8080-exec-9] INFO  c.R.b.f.service.impl.FireServiceImpl - Fetched 1 requests where Fire Truck where involved.
22:42:28.261 [http-nio-8080-exec-4] INFO  c.R.b.f.c.FireTruckDriverController - Location fetched request for 
22:42:28.642 [http-nio-8080-exec-4] INFO  c.R.b.f.service.impl.FireServiceImpl - Location fetch request init
22:42:28.642 [http-nio-8080-exec-4] INFO  c.R.b.f.service.impl.FireServiceImpl - found user who is requesting manohar.shattrma@example.com
22:42:28.796 [http-nio-8080-exec-4] INFO  c.R.b.f.service.impl.FireServiceImpl - Found associated fire truck MH155AB19234 of Manohar shtvarma 
22:42:28.873 [http-nio-8080-exec-4] INFO  c.R.b.f.service.impl.FireServiceImpl - Fetched 1 requests where Fire Truck where involved.
22:42:54.874 [http-nio-8080-exec-10] INFO  c.R.b.f.c.FireTruckDriverController - Location fetched request for 
22:42:55.246 [http-nio-8080-exec-10] INFO  c.R.b.f.service.impl.FireServiceImpl - Location fetch request init
22:42:55.246 [http-nio-8080-exec-10] INFO  c.R.b.f.service.impl.FireServiceImpl - found user who is requesting manohar.shattrma@example.com
22:42:55.293 [http-nio-8080-exec-10] INFO  c.R.b.f.service.impl.FireServiceImpl - Found associated fire truck MH155AB19234 of Manohar shtvarma 
22:42:55.428 [http-nio-8080-exec-10] INFO  c.R.b.f.service.impl.FireServiceImpl - Fetched 1 requests where Fire Truck where involved.
22:42:55.649 [http-nio-8080-exec-1] INFO  c.R.b.f.c.FireTruckDriverController - Location fetched request for 
22:42:56.027 [http-nio-8080-exec-1] INFO  c.R.b.f.service.impl.FireServiceImpl - Location fetch request init
22:42:56.027 [http-nio-8080-exec-1] INFO  c.R.b.f.service.impl.FireServiceImpl - found user who is requesting manohar.shattrma@example.com
22:42:56.083 [http-nio-8080-exec-1] INFO  c.R.b.f.service.impl.FireServiceImpl - Found associated fire truck MH155AB19234 of Manohar shtvarma 
22:42:56.269 [http-nio-8080-exec-1] INFO  c.R.b.f.service.impl.FireServiceImpl - Fetched 1 requests where Fire Truck where involved.
22:43:08.378 [http-nio-8080-exec-9] INFO  c.R.b.f.c.FireTruckDriverController - Location fetched request for 
22:43:08.642 [http-nio-8080-exec-9] INFO  c.R.b.f.service.impl.FireServiceImpl - Location fetch request init
22:43:08.642 [http-nio-8080-exec-9] INFO  c.R.b.f.service.impl.FireServiceImpl - found user who is requesting manohar.shattrma@example.com
22:43:08.686 [http-nio-8080-exec-9] INFO  c.R.b.f.service.impl.FireServiceImpl - Found associated fire truck MH155AB19234 of Manohar shtvarma 
22:43:08.812 [http-nio-8080-exec-9] INFO  c.R.b.f.service.impl.FireServiceImpl - Fetched 1 requests where Fire Truck where involved.
22:43:08.928 [http-nio-8080-exec-4] INFO  c.R.b.f.c.FireTruckDriverController - Location fetched request for 
22:43:09.048 [http-nio-8080-exec-4] INFO  c.R.b.f.service.impl.FireServiceImpl - Location fetch request init
22:43:09.048 [http-nio-8080-exec-4] INFO  c.R.b.f.service.impl.FireServiceImpl - found user who is requesting manohar.shattrma@example.com
22:43:09.103 [http-nio-8080-exec-4] INFO  c.R.b.f.service.impl.FireServiceImpl - Found associated fire truck MH155AB19234 of Manohar shtvarma 
22:43:09.163 [http-nio-8080-exec-4] INFO  c.R.b.f.service.impl.FireServiceImpl - Fetched 1 requests where Fire Truck where involved.
22:44:00.661 [http-nio-8080-exec-5] INFO  c.R.b.f.c.FireTruckDriverController - Location fetched request for 
22:44:00.797 [http-nio-8080-exec-5] INFO  c.R.b.f.service.impl.FireServiceImpl - Location fetch request init
22:44:00.797 [http-nio-8080-exec-5] INFO  c.R.b.f.service.impl.FireServiceImpl - found user who is requesting manohar.shattrma@example.com
22:44:00.825 [http-nio-8080-exec-5] INFO  c.R.b.f.service.impl.FireServiceImpl - Found associated fire truck MH155AB19234 of Manohar shtvarma 
22:44:00.881 [http-nio-8080-exec-5] INFO  c.R.b.f.service.impl.FireServiceImpl - Fetched 1 requests where Fire Truck where involved.
22:44:00.997 [http-nio-8080-exec-3] INFO  c.R.b.f.c.FireTruckDriverController - Location fetched request for 
22:44:01.114 [http-nio-8080-exec-3] INFO  c.R.b.f.service.impl.FireServiceImpl - Location fetch request init
22:44:01.114 [http-nio-8080-exec-3] INFO  c.R.b.f.service.impl.FireServiceImpl - found user who is requesting manohar.shattrma@example.com
22:44:01.146 [http-nio-8080-exec-3] INFO  c.R.b.f.service.impl.FireServiceImpl - Found associated fire truck MH155AB19234 of Manohar shtvarma 
22:44:01.198 [http-nio-8080-exec-3] INFO  c.R.b.f.service.impl.FireServiceImpl - Fetched 1 requests where Fire Truck where involved.
22:45:59.237 [http-nio-8080-exec-7] INFO  c.R.b.f.c.FireTruckDriverController - Location fetched request for 
22:45:59.347 [http-nio-8080-exec-7] INFO  c.R.b.f.service.impl.FireServiceImpl - Location fetch request init
22:45:59.347 [http-nio-8080-exec-7] INFO  c.R.b.f.service.impl.FireServiceImpl - found user who is requesting manohar.shattrma@example.com
22:45:59.374 [http-nio-8080-exec-7] INFO  c.R.b.f.service.impl.FireServiceImpl - Found associated fire truck MH155AB19234 of Manohar shtvarma 
22:45:59.429 [http-nio-8080-exec-7] INFO  c.R.b.f.service.impl.FireServiceImpl - Fetched 1 requests where Fire Truck where involved.
22:45:59.538 [http-nio-8080-exec-9] INFO  c.R.b.f.c.FireTruckDriverController - Location fetched request for 
22:45:59.713 [http-nio-8080-exec-9] INFO  c.R.b.f.service.impl.FireServiceImpl - Location fetch request init
22:45:59.713 [http-nio-8080-exec-9] INFO  c.R.b.f.service.impl.FireServiceImpl - found user who is requesting manohar.shattrma@example.com
22:45:59.737 [http-nio-8080-exec-9] INFO  c.R.b.f.service.impl.FireServiceImpl - Found associated fire truck MH155AB19234 of Manohar shtvarma 
22:45:59.795 [http-nio-8080-exec-9] INFO  c.R.b.f.service.impl.FireServiceImpl - Fetched 1 requests where Fire Truck where involved.
22:47:00.816 [http-nio-8080-exec-5] INFO  c.R.b.f.c.FireTruckDriverController - Location fetched request for 
22:47:01.183 [http-nio-8080-exec-5] INFO  c.R.b.f.service.impl.FireServiceImpl - Location fetch request init
22:47:01.183 [http-nio-8080-exec-5] INFO  c.R.b.f.service.impl.FireServiceImpl - found user who is requesting manohar.shattrma@example.com
22:47:01.220 [http-nio-8080-exec-5] INFO  c.R.b.f.service.impl.FireServiceImpl - Found associated fire truck MH155AB19234 of Manohar shtvarma 
22:47:01.398 [http-nio-8080-exec-5] INFO  c.R.b.f.service.impl.FireServiceImpl - Fetched 1 requests where Fire Truck where involved.
22:47:01.630 [http-nio-8080-exec-3] INFO  c.R.b.f.c.FireTruckDriverController - Location fetched request for 
22:47:01.960 [http-nio-8080-exec-3] INFO  c.R.b.f.service.impl.FireServiceImpl - Location fetch request init
22:47:01.960 [http-nio-8080-exec-3] INFO  c.R.b.f.service.impl.FireServiceImpl - found user who is requesting manohar.shattrma@example.com
22:47:02.014 [http-nio-8080-exec-3] INFO  c.R.b.f.service.impl.FireServiceImpl - Found associated fire truck MH155AB19234 of Manohar shtvarma 
22:47:02.076 [http-nio-8080-exec-3] INFO  c.R.b.f.service.impl.FireServiceImpl - Fetched 1 requests where Fire Truck where involved.
