
11:09:15.153 [http-nio-8080-exec-1] INFO  c.R.b.a.c.AmbulanceDriverController - Location fetched request for 
11:09:15.475 [http-nio-8080-exec-1] INFO  c.R.b.a.s.i.AmbulanceDriverServiceImpl - Location fetch request init
11:09:15.475 [http-nio-8080-exec-1] INFO  c.R.b.a.s.i.AmbulanceDriverServiceImpl - found user who is requesting ambulance1@example.com
11:09:15.521 [http-nio-8080-exec-1] INFO  c.R.b.a.s.i.AmbulanceDriverServiceImpl - Found associated ambulance MH12AB9874 of ambulance 1 
11:09:15.651 [http-nio-8080-exec-1] INFO  c.R.b.a.s.i.AmbulanceDriverServiceImpl - Fetched 2 requests where ambulance where involved.
11:23:49.275 [http-nio-8080-exec-4] INFO  c.R.b.a.c.AmbulanceDriverController - Location fetched request for 
11:23:49.389 [http-nio-8080-exec-4] INFO  c.R.b.a.s.i.AmbulanceDriverServiceImpl - Location fetch request init
11:23:49.389 [http-nio-8080-exec-4] INFO  c.R.b.a.s.i.AmbulanceDriverServiceImpl - found user who is requesting ambulance1@example.com
11:23:49.428 [http-nio-8080-exec-4] INFO  c.R.b.a.s.i.AmbulanceDriverServiceImpl - Found associated ambulance MH12AB9874 of ambulance 1 
11:23:49.560 [http-nio-8080-exec-4] INFO  c.R.b.a.s.i.AmbulanceDriverServiceImpl - Fetched 1 requests where ambulance where involved.
11:24:23.134 [http-nio-8080-exec-6] INFO  c.R.b.a.c.AmbulanceDriverController - Request for all history of ambulance fetched
11:24:23.250 [http-nio-8080-exec-6] INFO  c.R.b.a.s.i.AmbulanceDriverServiceImpl - Received request to fetch ambulance booking history
11:24:23.250 [http-nio-8080-exec-6] DEBUG c.R.b.a.s.i.AmbulanceDriverServiceImpl - Fetching booking history for ambulance ID: 2
11:24:23.361 [http-nio-8080-exec-6] INFO  c.R.b.a.s.i.AmbulanceDriverServiceImpl - Found 2 bookings for ambulance ID: 2
11:24:23.362 [http-nio-8080-exec-6] DEBUG c.R.b.a.s.i.AmbulanceDriverServiceImpl - Mapping booking ID 2 to response DTO
11:24:23.363 [http-nio-8080-exec-6] DEBUG c.R.b.a.s.i.AmbulanceDriverServiceImpl - Mapping booking ID 3 to response DTO
11:24:23.363 [http-nio-8080-exec-6] INFO  c.R.b.a.s.i.AmbulanceDriverServiceImpl - Returning 2 booking DTOs for response
11:24:33.457 [http-nio-8080-exec-7] INFO  c.R.b.a.c.AmbulanceDriverController - Location fetched request for 
11:24:33.574 [http-nio-8080-exec-7] INFO  c.R.b.a.s.i.AmbulanceDriverServiceImpl - Location fetch request init
11:24:33.575 [http-nio-8080-exec-7] INFO  c.R.b.a.s.i.AmbulanceDriverServiceImpl - found user who is requesting ambulance1@example.com
11:24:33.632 [http-nio-8080-exec-7] INFO  c.R.b.a.s.i.AmbulanceDriverServiceImpl - Found associated ambulance MH12AB9874 of ambulance 1 
11:24:33.741 [http-nio-8080-exec-7] INFO  c.R.b.a.s.i.AmbulanceDriverServiceImpl - Fetched 2 requests where ambulance where involved.
11:35:26.515 [http-nio-8080-exec-5] INFO  c.R.b.a.c.AmbulanceDriverController - Location fetched request for 
11:35:26.780 [http-nio-8080-exec-5] INFO  c.R.b.a.s.i.AmbulanceDriverServiceImpl - Location fetch request init
11:35:26.781 [http-nio-8080-exec-5] INFO  c.R.b.a.s.i.AmbulanceDriverServiceImpl - found user who is requesting ambulance1@example.com
11:35:26.885 [http-nio-8080-exec-5] INFO  c.R.b.a.s.i.AmbulanceDriverServiceImpl - Found associated ambulance MH12AB9874 of ambulance 1 
11:35:26.998 [http-nio-8080-exec-5] INFO  c.R.b.a.s.i.AmbulanceDriverServiceImpl - Fetched 2 requests where ambulance where involved.
