10:46:12.301 [http-nio-8080-exec-7] INFO  c.R.b.a.c.AmbulanceAdminController - Request for all history of ambulance id=null fetched by admin.
10:46:19.379 [http-nio-8080-exec-9] INFO  c.R.b.a.c.AmbulanceAdminController - Request for all history of ambulance id=null fetched by admin.
10:46:23.197 [http-nio-8080-exec-1] INFO  c.R.b.a.c.AmbulanceAdminController - Request for all history of ambulance id=null fetched by admin.
10:46:25.579 [http-nio-8080-exec-3] INFO  c.R.b.a.c.AmbulanceAdminController - Request for all history of ambulance id=null fetched by admin.
10:46:27.806 [http-nio-8080-exec-5] INFO  c.R.b.a.c.AmbulanceAdminController - Request for all history of ambulance id=null fetched by admin.
10:46:30.417 [http-nio-8080-exec-7] INFO  c.R.b.a.c.AmbulanceAdminController - Request for all history of ambulance id=null fetched by admin.
10:46:33.417 [http-nio-8080-exec-9] INFO  c.R.b.a.c.AmbulanceAdminController - Request for all history of ambulance id=null fetched by admin.
10:48:00.779 [http-nio-8080-exec-2] INFO  c.R.b.a.c.AmbulanceAdminController - Request for all history of ambulance id=1 fetched by admin.
10:48:03.820 [http-nio-8080-exec-4] INFO  c.R.b.a.c.AmbulanceAdminController - Request for all history of ambulance id=2 fetched by admin.
10:48:04.619 [http-nio-8080-exec-5] INFO  c.R.b.a.c.AmbulanceAdminController - Request for all history of ambulance id=2 fetched by admin.
10:48:44.996 [http-nio-8080-exec-8] INFO  c.R.b.a.c.AmbulanceAdminController - Request for all history of ambulance id=1 fetched by admin.
10:50:25.946 [http-nio-8080-exec-1] INFO  c.R.b.a.c.AmbulanceAdminController - Request for all history of ambulance id=1 fetched by admin.
10:50:26.438 [http-nio-8080-exec-1] INFO  c.R.b.a.s.impl.AmbulanceServiceImpl - Getting booking history for Ambulance ID: 1
10:50:26.438 [http-nio-8080-exec-1] DEBUG c.R.b.a.s.impl.AmbulanceServiceImpl - Request ID: 1, Lat: 18.5304, Long: 73.8167
10:50:26.438 [http-nio-8080-exec-1] DEBUG c.R.b.a.s.impl.AmbulanceServiceImpl - Request ID: 4, Lat: 18.5304, Long: 73.8167
10:51:09.895 [http-nio-8080-exec-1] INFO  c.R.b.a.c.AmbulanceAdminController - Request for all history of ambulance id=1 fetched by admin.
10:51:10.280 [http-nio-8080-exec-1] INFO  c.R.b.a.s.impl.AmbulanceServiceImpl - Getting booking history for Ambulance ID: 1
10:51:10.280 [http-nio-8080-exec-1] DEBUG c.R.b.a.s.impl.AmbulanceServiceImpl - Request ID: 1, Lat: 18.5304, Long: 73.8167
10:51:10.280 [http-nio-8080-exec-1] DEBUG c.R.b.a.s.impl.AmbulanceServiceImpl - Request ID: 4, Lat: 18.5304, Long: 73.8167
10:53:22.862 [http-nio-8080-exec-1] INFO  c.R.b.a.c.AmbulanceAdminController - Request for all history of ambulance id=1 fetched by admin.
10:53:23.216 [http-nio-8080-exec-1] INFO  c.R.b.a.s.impl.AmbulanceServiceImpl - Getting booking history for Ambulance ID: 1
10:53:23.216 [http-nio-8080-exec-1] DEBUG c.R.b.a.s.impl.AmbulanceServiceImpl - Request ID: 1, Lat: 18.5304, Long: 73.8167
10:53:23.217 [http-nio-8080-exec-1] DEBUG c.R.b.a.s.impl.AmbulanceServiceImpl - Request ID: 4, Lat: 18.5304, Long: 73.8167
10:53:27.942 [http-nio-8080-exec-3] INFO  c.R.b.a.c.AmbulanceAdminController - Request for all history of ambulance id=2 fetched by admin.
10:53:28.115 [http-nio-8080-exec-3] INFO  c.R.b.a.s.impl.AmbulanceServiceImpl - Getting booking history for Ambulance ID: 2
10:53:31.201 [http-nio-8080-exec-4] INFO  c.R.b.a.c.AmbulanceAdminController - Request for all history of ambulance id=3 fetched by admin.
10:53:31.389 [http-nio-8080-exec-4] INFO  c.R.b.a.s.impl.AmbulanceServiceImpl - Getting booking history for Ambulance ID: 3
10:53:31.389 [http-nio-8080-exec-4] DEBUG c.R.b.a.s.impl.AmbulanceServiceImpl - Request ID: 5, Lat: 18.5304, Long: 73.8167
10:53:34.879 [http-nio-8080-exec-5] INFO  c.R.b.a.c.AmbulanceAdminController - Request for all history of ambulance id=4 fetched by admin.
10:53:35.024 [http-nio-8080-exec-5] INFO  c.R.b.a.s.impl.AmbulanceServiceImpl - Getting booking history for Ambulance ID: 4
10:53:38.381 [http-nio-8080-exec-6] INFO  c.R.b.a.c.AmbulanceAdminController - Request for all history of ambulance id=5 fetched by admin.
10:53:38.651 [http-nio-8080-exec-6] INFO  c.R.b.a.s.impl.AmbulanceServiceImpl - Getting booking history for Ambulance ID: 5
10:53:38.651 [http-nio-8080-exec-6] DEBUG c.R.b.a.s.impl.AmbulanceServiceImpl - Request ID: 10, Lat: 18.5304, Long: 73.8167
10:53:38.651 [http-nio-8080-exec-6] DEBUG c.R.b.a.s.impl.AmbulanceServiceImpl - Request ID: 13, Lat: 18.5304, Long: 73.8167
10:53:43.021 [http-nio-8080-exec-7] INFO  c.R.b.a.c.AmbulanceAdminController - Request for all history of ambulance id=6 fetched by admin.
10:53:43.216 [http-nio-8080-exec-7] INFO  c.R.b.a.s.impl.AmbulanceServiceImpl - Getting booking history for Ambulance ID: 6
10:53:43.216 [http-nio-8080-exec-7] DEBUG c.R.b.a.s.impl.AmbulanceServiceImpl - Request ID: 11, Lat: 18.5304, Long: 73.8167
10:53:48.060 [http-nio-8080-exec-8] INFO  c.R.b.a.c.AmbulanceAdminController - Request for all history of ambulance id=7 fetched by admin.
10:58:31.144 [http-nio-8080-exec-1] INFO  c.R.b.a.s.i.AmbulanceLocationServiceImplementation - Fetching ambulance with ID: 1
10:58:31.441 [http-nio-8080-exec-1] DEBUG c.R.b.a.s.i.AmbulanceLocationServiceImplementation - Returning DTO for Ambulance ID: 1
10:58:35.528 [http-nio-8080-exec-3] INFO  c.R.b.a.s.i.AmbulanceLocationServiceImplementation - Fetching ambulance with ID: 2
10:58:35.625 [http-nio-8080-exec-3] DEBUG c.R.b.a.s.i.AmbulanceLocationServiceImplementation - Returning DTO for Ambulance ID: 2
10:58:39.070 [http-nio-8080-exec-4] INFO  c.R.b.a.s.i.AmbulanceLocationServiceImplementation - Fetching ambulance with ID: 3
10:58:39.239 [http-nio-8080-exec-4] DEBUG c.R.b.a.s.i.AmbulanceLocationServiceImplementation - Returning DTO for Ambulance ID: 3
17:08:21.306 [http-nio-8080-exec-4] INFO  c.R.b.a.c.AmbulanceAdminController - Get profile request fetched for ambulanceId=1
19:15:33.824 [http-nio-8080-exec-8] INFO  c.R.b.a.c.AmbulanceAdminController - Get profile request fetched for ambulanceId=1
19:15:39.112 [http-nio-8080-exec-9] INFO  c.R.b.a.c.AmbulanceAdminController - Get profile request fetched for ambulanceId=6
19:16:02.187 [http-nio-8080-exec-10] INFO  c.R.b.a.c.AmbulanceAdminController - Request for all history of ambulance id=2 fetched by admin.
19:16:02.348 [http-nio-8080-exec-10] INFO  c.R.b.a.s.impl.AmbulanceServiceImpl - Getting booking history for Ambulance ID: 2
19:16:06.013 [http-nio-8080-exec-2] INFO  c.R.b.a.c.AmbulanceAdminController - Request for all history of ambulance id=1 fetched by admin.
19:16:06.229 [http-nio-8080-exec-2] INFO  c.R.b.a.s.impl.AmbulanceServiceImpl - Getting booking history for Ambulance ID: 1
19:16:06.229 [http-nio-8080-exec-2] DEBUG c.R.b.a.s.impl.AmbulanceServiceImpl - Request ID: 1, Lat: 18.5304, Long: 73.8167
19:16:06.229 [http-nio-8080-exec-2] DEBUG c.R.b.a.s.impl.AmbulanceServiceImpl - Request ID: 4, Lat: 18.5304, Long: 73.8167
19:30:13.917 [http-nio-8080-exec-4] INFO  c.R.b.a.c.AmbulanceController - Location update request fetched for ambulance 6
19:30:13.919 [http-nio-8080-exec-4] INFO  c.R.b.a.s.i.AmbulanceLocationServiceImplementation - Received location update for Ambulance ID: 6, lat: 89.0, long: 179.0
19:30:14.105 [http-nio-8080-exec-4] DEBUG c.R.b.a.s.i.AmbulanceLocationServiceImplementation - Updated location in DB for Ambulance ID: 6
19:30:14.110 [http-nio-8080-exec-4] INFO  c.R.b.a.s.i.AmbulanceLocationServiceImplementation - Broadcasted location for Ambulance ID: 6
