00:48:22.548 [http-nio-8080-exec-6] INFO  c.R.b.a.c.AmbulanceDriverController - Location fetched request for 
00:48:23.335 [http-nio-8080-exec-6] INFO  c.R.b.a.s.i.AmbulanceDriverServiceImpl - Location fetch request init
00:48:23.335 [http-nio-8080-exec-6] INFO  c.R.b.a.s.i.AmbulanceDriverServiceImpl - found user who is requesting ambulance3@example.com
00:48:23.377 [http-nio-8080-exec-6] INFO  c.R.b.a.s.i.AmbulanceDriverServiceImpl - Found associated ambulance MH12AB9874 of ambulance 3 
00:48:23.535 [http-nio-8080-exec-6] INFO  c.R.b.a.s.i.AmbulanceDriverServiceImpl - Fetched 1 requests where ambulance where involved.
00:48:23.638 [http-nio-8080-exec-10] INFO  c.R.b.a.c.AmbulanceDriverController - Location fetched request for 
00:48:23.718 [http-nio-8080-exec-10] INFO  c.R.b.a.s.i.AmbulanceDriverServiceImpl - Location fetch request init
00:48:23.720 [http-nio-8080-exec-10] INFO  c.R.b.a.s.i.AmbulanceDriverServiceImpl - found user who is requesting ambulance3@example.com
00:48:23.753 [http-nio-8080-exec-10] INFO  c.R.b.a.s.i.AmbulanceDriverServiceImpl - Found associated ambulance MH12AB9874 of ambulance 3 
00:48:23.834 [http-nio-8080-exec-10] INFO  c.R.b.a.s.i.AmbulanceDriverServiceImpl - Fetched 1 requests where ambulance where involved.
01:22:49.823 [http-nio-8080-exec-5] INFO  c.R.b.a.c.AmbulanceDriverController - Location fetched request for 
01:22:49.990 [http-nio-8080-exec-5] INFO  c.R.b.a.s.i.AmbulanceDriverServiceImpl - Location fetch request init
01:22:49.990 [http-nio-8080-exec-5] INFO  c.R.b.a.s.i.AmbulanceDriverServiceImpl - found user who is requesting ambulance3@example.com
01:22:50.031 [http-nio-8080-exec-5] INFO  c.R.b.a.s.i.AmbulanceDriverServiceImpl - Found associated ambulance MH12AB9874 of ambulance 3 
01:22:50.149 [http-nio-8080-exec-5] INFO  c.R.b.a.s.i.AmbulanceDriverServiceImpl - Fetched 1 requests where ambulance where involved.
01:22:50.221 [http-nio-8080-exec-9] INFO  c.R.b.a.c.AmbulanceDriverController - Location fetched request for 
01:22:50.326 [http-nio-8080-exec-9] INFO  c.R.b.a.s.i.AmbulanceDriverServiceImpl - Location fetch request init
01:22:50.326 [http-nio-8080-exec-9] INFO  c.R.b.a.s.i.AmbulanceDriverServiceImpl - found user who is requesting ambulance3@example.com
01:22:50.383 [http-nio-8080-exec-9] INFO  c.R.b.a.s.i.AmbulanceDriverServiceImpl - Found associated ambulance MH12AB9874 of ambulance 3 
01:22:50.567 [http-nio-8080-exec-9] INFO  c.R.b.a.s.i.AmbulanceDriverServiceImpl - Fetched 1 requests where ambulance where involved.
01:23:37.737 [http-nio-8080-exec-8] INFO  c.R.b.a.c.AmbulanceDriverController - Location fetched request for 
01:23:37.949 [http-nio-8080-exec-8] INFO  c.R.b.a.s.i.AmbulanceDriverServiceImpl - Location fetch request init
01:23:37.949 [http-nio-8080-exec-8] INFO  c.R.b.a.s.i.AmbulanceDriverServiceImpl - found user who is requesting ambulance3@example.com
01:23:38.032 [http-nio-8080-exec-8] INFO  c.R.b.a.s.i.AmbulanceDriverServiceImpl - Found associated ambulance MH12AB9874 of ambulance 3 
01:23:38.162 [http-nio-8080-exec-8] INFO  c.R.b.a.s.i.AmbulanceDriverServiceImpl - Fetched 1 requests where ambulance where involved.
01:23:38.288 [http-nio-8080-exec-6] INFO  c.R.b.a.c.AmbulanceDriverController - Location fetched request for 
01:23:38.357 [http-nio-8080-exec-6] INFO  c.R.b.a.s.i.AmbulanceDriverServiceImpl - Location fetch request init
01:23:38.357 [http-nio-8080-exec-6] INFO  c.R.b.a.s.i.AmbulanceDriverServiceImpl - found user who is requesting ambulance3@example.com
01:23:38.488 [http-nio-8080-exec-6] INFO  c.R.b.a.s.i.AmbulanceDriverServiceImpl - Found associated ambulance MH12AB9874 of ambulance 3 
01:23:38.549 [http-nio-8080-exec-6] INFO  c.R.b.a.s.i.AmbulanceDriverServiceImpl - Fetched 1 requests where ambulance where involved.
01:26:52.096 [http-nio-8080-exec-1] INFO  c.R.b.a.c.AmbulanceDriverController - Location fetched request for 
01:26:52.175 [http-nio-8080-exec-1] INFO  c.R.b.a.s.i.AmbulanceDriverServiceImpl - Location fetch request init
01:26:52.175 [http-nio-8080-exec-1] INFO  c.R.b.a.s.i.AmbulanceDriverServiceImpl - found user who is requesting ambulance3@example.com
01:26:52.212 [http-nio-8080-exec-1] INFO  c.R.b.a.s.i.AmbulanceDriverServiceImpl - Found associated ambulance MH12AB9874 of ambulance 3 
01:26:52.284 [http-nio-8080-exec-1] INFO  c.R.b.a.s.i.AmbulanceDriverServiceImpl - Fetched 1 requests where ambulance where involved.
01:27:06.181 [http-nio-8080-exec-3] INFO  c.R.b.a.c.AmbulanceDriverController - Location fetched request for 
01:27:06.345 [http-nio-8080-exec-3] INFO  c.R.b.a.s.i.AmbulanceDriverServiceImpl - Location fetch request init
01:27:06.345 [http-nio-8080-exec-3] INFO  c.R.b.a.s.i.AmbulanceDriverServiceImpl - found user who is requesting ambulance3@example.com
01:27:06.378 [http-nio-8080-exec-3] INFO  c.R.b.a.s.i.AmbulanceDriverServiceImpl - Found associated ambulance MH12AB9874 of ambulance 3 
01:27:06.545 [http-nio-8080-exec-3] INFO  c.R.b.a.s.i.AmbulanceDriverServiceImpl - Fetched 1 requests where ambulance where involved.
01:27:06.704 [http-nio-8080-exec-7] INFO  c.R.b.a.c.AmbulanceDriverController - Location fetched request for 
01:27:06.831 [http-nio-8080-exec-7] INFO  c.R.b.a.s.i.AmbulanceDriverServiceImpl - Location fetch request init
01:27:06.831 [http-nio-8080-exec-7] INFO  c.R.b.a.s.i.AmbulanceDriverServiceImpl - found user who is requesting ambulance3@example.com
01:27:06.938 [http-nio-8080-exec-7] INFO  c.R.b.a.s.i.AmbulanceDriverServiceImpl - Found associated ambulance MH12AB9874 of ambulance 3 
01:27:07.003 [http-nio-8080-exec-7] INFO  c.R.b.a.s.i.AmbulanceDriverServiceImpl - Fetched 1 requests where ambulance where involved.
01:28:48.445 [http-nio-8080-exec-4] INFO  c.R.b.a.c.AmbulanceDriverController - Location fetched request for 
01:28:48.613 [http-nio-8080-exec-4] INFO  c.R.b.a.s.i.AmbulanceDriverServiceImpl - Location fetch request init
01:28:48.613 [http-nio-8080-exec-4] INFO  c.R.b.a.s.i.AmbulanceDriverServiceImpl - found user who is requesting ambulance3@example.com
01:28:48.758 [http-nio-8080-exec-4] INFO  c.R.b.a.s.i.AmbulanceDriverServiceImpl - Found associated ambulance MH12AB9874 of ambulance 3 
01:28:48.982 [http-nio-8080-exec-4] INFO  c.R.b.a.s.i.AmbulanceDriverServiceImpl - Fetched 1 requests where ambulance where involved.
01:28:49.135 [http-nio-8080-exec-1] INFO  c.R.b.a.c.AmbulanceDriverController - Location fetched request for 
01:28:49.195 [http-nio-8080-exec-1] INFO  c.R.b.a.s.i.AmbulanceDriverServiceImpl - Location fetch request init
01:28:49.195 [http-nio-8080-exec-1] INFO  c.R.b.a.s.i.AmbulanceDriverServiceImpl - found user who is requesting ambulance3@example.com
01:28:49.232 [http-nio-8080-exec-1] INFO  c.R.b.a.s.i.AmbulanceDriverServiceImpl - Found associated ambulance MH12AB9874 of ambulance 3 
01:28:49.426 [http-nio-8080-exec-1] INFO  c.R.b.a.s.i.AmbulanceDriverServiceImpl - Fetched 1 requests where ambulance where involved.
01:32:14.546 [http-nio-8080-exec-8] INFO  c.R.b.a.c.AmbulanceDriverController - Location fetched request for 
01:32:14.692 [http-nio-8080-exec-8] INFO  c.R.b.a.s.i.AmbulanceDriverServiceImpl - Location fetch request init
01:32:14.692 [http-nio-8080-exec-8] INFO  c.R.b.a.s.i.AmbulanceDriverServiceImpl - found user who is requesting ambulance3@example.com
01:32:14.733 [http-nio-8080-exec-8] INFO  c.R.b.a.s.i.AmbulanceDriverServiceImpl - Found associated ambulance MH12AB9874 of ambulance 3 
01:32:14.892 [http-nio-8080-exec-8] INFO  c.R.b.a.s.i.AmbulanceDriverServiceImpl - Fetched 1 requests where ambulance where involved.
01:32:14.992 [http-nio-8080-exec-6] INFO  c.R.b.a.c.AmbulanceDriverController - Location fetched request for 
01:32:15.160 [http-nio-8080-exec-6] INFO  c.R.b.a.s.i.AmbulanceDriverServiceImpl - Location fetch request init
01:32:15.160 [http-nio-8080-exec-6] INFO  c.R.b.a.s.i.AmbulanceDriverServiceImpl - found user who is requesting ambulance3@example.com
01:32:15.185 [http-nio-8080-exec-6] INFO  c.R.b.a.s.i.AmbulanceDriverServiceImpl - Found associated ambulance MH12AB9874 of ambulance 3 
01:32:15.359 [http-nio-8080-exec-6] INFO  c.R.b.a.s.i.AmbulanceDriverServiceImpl - Fetched 1 requests where ambulance where involved.
15:39:19.278 [http-nio-8080-exec-9] INFO  c.R.b.a.s.i.AmbulanceLocationServiceImplementation - Fetching ambulance with ID: 1
15:39:31.611 [http-nio-8080-exec-10] INFO  c.R.b.a.c.AmbulanceDriverController - Request for all history of ambulance fetched
15:39:31.674 [http-nio-8080-exec-10] INFO  c.R.b.a.s.i.AmbulanceDriverServiceImpl - Received request to fetch ambulance booking history
15:39:31.675 [http-nio-8080-exec-10] DEBUG c.R.b.a.s.i.AmbulanceDriverServiceImpl - Fetching booking history for ambulance ID: 3
15:39:31.735 [http-nio-8080-exec-10] INFO  c.R.b.a.s.i.AmbulanceDriverServiceImpl - Found 1 bookings for ambulance ID: 3
15:39:31.736 [http-nio-8080-exec-10] DEBUG c.R.b.a.s.i.AmbulanceDriverServiceImpl - Mapping booking ID 5 to response DTO
15:39:31.793 [http-nio-8080-exec-10] INFO  c.R.b.a.s.i.AmbulanceDriverServiceImpl - Returning 1 booking DTOs for response
16:00:29.422 [http-nio-8080-exec-8] INFO  c.R.b.a.c.AmbulanceDriverController - Location fetched request for 
16:00:29.548 [http-nio-8080-exec-8] INFO  c.R.b.a.s.i.AmbulanceDriverServiceImpl - Location fetch request init
16:00:29.548 [http-nio-8080-exec-8] INFO  c.R.b.a.s.i.AmbulanceDriverServiceImpl - found user who is requesting Ambulance@gmail.com
16:00:29.631 [http-nio-8080-exec-8] INFO  c.R.b.a.s.i.AmbulanceDriverServiceImpl - Found associated ambulance 1234567332423 of Ambulace 
16:00:29.692 [http-nio-8080-exec-8] INFO  c.R.b.a.s.i.AmbulanceDriverServiceImpl - Fetched 0 requests where ambulance where involved.
16:00:29.745 [http-nio-8080-exec-3] INFO  c.R.b.a.c.AmbulanceDriverController - Location fetched request for 
16:00:29.837 [http-nio-8080-exec-3] INFO  c.R.b.a.s.i.AmbulanceDriverServiceImpl - Location fetch request init
16:00:29.837 [http-nio-8080-exec-3] INFO  c.R.b.a.s.i.AmbulanceDriverServiceImpl - found user who is requesting Ambulance@gmail.com
16:00:29.897 [http-nio-8080-exec-3] INFO  c.R.b.a.s.i.AmbulanceDriverServiceImpl - Found associated ambulance 1234567332423 of Ambulace 
16:00:29.943 [http-nio-8080-exec-3] INFO  c.R.b.a.s.i.AmbulanceDriverServiceImpl - Fetched 0 requests where ambulance where involved.
17:51:47.574 [http-nio-8080-exec-5] INFO  c.R.b.a.c.AmbulanceDriverController - Location fetched request for 
17:51:48.232 [http-nio-8080-exec-5] INFO  c.R.b.a.s.i.AmbulanceDriverServiceImpl - Location fetch request init
17:51:48.232 [http-nio-8080-exec-5] INFO  c.R.b.a.s.i.AmbulanceDriverServiceImpl - found user who is requesting ambulance3@example.com
17:51:48.303 [http-nio-8080-exec-5] INFO  c.R.b.a.s.i.AmbulanceDriverServiceImpl - Found associated ambulance MH12AB9874 of ambulance 3 
17:51:48.405 [http-nio-8080-exec-5] INFO  c.R.b.a.s.i.AmbulanceDriverServiceImpl - Fetched 1 requests where ambulance where involved.
17:51:48.547 [http-nio-8080-exec-2] INFO  c.R.b.a.c.AmbulanceDriverController - Location fetched request for 
17:51:48.657 [http-nio-8080-exec-2] INFO  c.R.b.a.s.i.AmbulanceDriverServiceImpl - Location fetch request init
17:51:48.657 [http-nio-8080-exec-2] INFO  c.R.b.a.s.i.AmbulanceDriverServiceImpl - found user who is requesting ambulance3@example.com
17:51:48.708 [http-nio-8080-exec-2] INFO  c.R.b.a.s.i.AmbulanceDriverServiceImpl - Found associated ambulance MH12AB9874 of ambulance 3 
17:51:48.796 [http-nio-8080-exec-2] INFO  c.R.b.a.s.i.AmbulanceDriverServiceImpl - Fetched 1 requests where ambulance where involved.
17:51:57.296 [http-nio-8080-exec-7] INFO  c.R.b.a.c.AmbulanceDriverController - Location fetched request for 
17:51:57.359 [http-nio-8080-exec-7] INFO  c.R.b.a.s.i.AmbulanceDriverServiceImpl - Location fetch request init
17:51:57.359 [http-nio-8080-exec-7] INFO  c.R.b.a.s.i.AmbulanceDriverServiceImpl - found user who is requesting ambulance3@example.com
17:51:57.393 [http-nio-8080-exec-7] INFO  c.R.b.a.s.i.AmbulanceDriverServiceImpl - Found associated ambulance MH12AB9874 of ambulance 3 
17:51:57.474 [http-nio-8080-exec-7] INFO  c.R.b.a.s.i.AmbulanceDriverServiceImpl - Fetched 1 requests where ambulance where involved.
17:51:57.549 [http-nio-8080-exec-9] INFO  c.R.b.a.c.AmbulanceDriverController - Location fetched request for 
17:51:57.614 [http-nio-8080-exec-9] INFO  c.R.b.a.s.i.AmbulanceDriverServiceImpl - Location fetch request init
17:51:57.614 [http-nio-8080-exec-9] INFO  c.R.b.a.s.i.AmbulanceDriverServiceImpl - found user who is requesting ambulance3@example.com
17:51:57.654 [http-nio-8080-exec-9] INFO  c.R.b.a.s.i.AmbulanceDriverServiceImpl - Found associated ambulance MH12AB9874 of ambulance 3 
17:51:57.734 [http-nio-8080-exec-9] INFO  c.R.b.a.s.i.AmbulanceDriverServiceImpl - Fetched 1 requests where ambulance where involved.
17:52:12.125 [http-nio-8080-exec-1] INFO  c.R.b.a.c.AmbulanceDriverController - Location fetched request for 
17:52:12.261 [http-nio-8080-exec-1] INFO  c.R.b.a.s.i.AmbulanceDriverServiceImpl - Location fetch request init
17:52:12.261 [http-nio-8080-exec-1] INFO  c.R.b.a.s.i.AmbulanceDriverServiceImpl - found user who is requesting ambulance3@example.com
17:52:12.332 [http-nio-8080-exec-1] INFO  c.R.b.a.s.i.AmbulanceDriverServiceImpl - Found associated ambulance MH12AB9874 of ambulance 3 
17:52:12.469 [http-nio-8080-exec-1] INFO  c.R.b.a.s.i.AmbulanceDriverServiceImpl - Fetched 1 requests where ambulance where involved.
17:52:12.572 [http-nio-8080-exec-3] INFO  c.R.b.a.c.AmbulanceDriverController - Location fetched request for 
17:52:12.677 [http-nio-8080-exec-3] INFO  c.R.b.a.s.i.AmbulanceDriverServiceImpl - Location fetch request init
17:52:12.677 [http-nio-8080-exec-3] INFO  c.R.b.a.s.i.AmbulanceDriverServiceImpl - found user who is requesting ambulance3@example.com
17:52:12.724 [http-nio-8080-exec-3] INFO  c.R.b.a.s.i.AmbulanceDriverServiceImpl - Found associated ambulance MH12AB9874 of ambulance 3 
17:52:12.823 [http-nio-8080-exec-3] INFO  c.R.b.a.s.i.AmbulanceDriverServiceImpl - Fetched 1 requests where ambulance where involved.
17:54:33.083 [http-nio-8080-exec-9] INFO  c.R.b.a.c.AmbulanceDriverController - Location fetched request for 
17:54:33.139 [http-nio-8080-exec-9] INFO  c.R.b.a.s.i.AmbulanceDriverServiceImpl - Location fetch request init
17:54:33.139 [http-nio-8080-exec-9] INFO  c.R.b.a.s.i.AmbulanceDriverServiceImpl - found user who is requesting ambulance3@example.com
17:54:33.173 [http-nio-8080-exec-9] INFO  c.R.b.a.s.i.AmbulanceDriverServiceImpl - Found associated ambulance MH12AB9874 of ambulance 3 
17:54:33.227 [http-nio-8080-exec-9] INFO  c.R.b.a.s.i.AmbulanceDriverServiceImpl - Fetched 1 requests where ambulance where involved.
18:04:16.753 [http-nio-8080-exec-1] INFO  c.R.b.a.s.i.AmbulanceLocationServiceImplementation - Fetching ambulance with ID: 1
18:04:27.047 [http-nio-8080-exec-10] INFO  c.R.b.a.c.AmbulanceDriverController - Request for all history of ambulance fetched
18:04:27.129 [http-nio-8080-exec-10] INFO  c.R.b.a.s.i.AmbulanceDriverServiceImpl - Received request to fetch ambulance booking history
18:04:27.129 [http-nio-8080-exec-10] DEBUG c.R.b.a.s.i.AmbulanceDriverServiceImpl - Fetching booking history for ambulance ID: 3
18:04:27.194 [http-nio-8080-exec-10] INFO  c.R.b.a.s.i.AmbulanceDriverServiceImpl - Found 1 bookings for ambulance ID: 3
18:04:27.194 [http-nio-8080-exec-10] DEBUG c.R.b.a.s.i.AmbulanceDriverServiceImpl - Mapping booking ID 5 to response DTO
18:04:27.234 [http-nio-8080-exec-10] INFO  c.R.b.a.s.i.AmbulanceDriverServiceImpl - Returning 1 booking DTOs for response
18:05:56.643 [http-nio-8080-exec-9] INFO  c.R.b.a.c.AmbulanceDriverController - Location fetched request for 
18:05:56.774 [http-nio-8080-exec-9] INFO  c.R.b.a.s.i.AmbulanceDriverServiceImpl - Location fetch request init
18:05:56.774 [http-nio-8080-exec-9] INFO  c.R.b.a.s.i.AmbulanceDriverServiceImpl - found user who is requesting ambulance3@example.com
18:05:56.847 [http-nio-8080-exec-9] INFO  c.R.b.a.s.i.AmbulanceDriverServiceImpl - Found associated ambulance MH12AB9874 of ambulance 3 
18:05:56.989 [http-nio-8080-exec-9] INFO  c.R.b.a.s.i.AmbulanceDriverServiceImpl - Fetched 1 requests where ambulance where involved.
18:05:57.087 [http-nio-8080-exec-10] INFO  c.R.b.a.c.AmbulanceDriverController - Location fetched request for 
18:05:57.250 [http-nio-8080-exec-10] INFO  c.R.b.a.s.i.AmbulanceDriverServiceImpl - Location fetch request init
18:05:57.250 [http-nio-8080-exec-10] INFO  c.R.b.a.s.i.AmbulanceDriverServiceImpl - found user who is requesting ambulance3@example.com
18:05:57.294 [http-nio-8080-exec-10] INFO  c.R.b.a.s.i.AmbulanceDriverServiceImpl - Found associated ambulance MH12AB9874 of ambulance 3 
18:05:57.460 [http-nio-8080-exec-10] INFO  c.R.b.a.s.i.AmbulanceDriverServiceImpl - Fetched 1 requests where ambulance where involved.
18:07:03.552 [http-nio-8080-exec-4] INFO  c.R.b.a.c.AmbulanceDriverController - Location fetched request for 
18:07:03.679 [http-nio-8080-exec-4] INFO  c.R.b.a.s.i.AmbulanceDriverServiceImpl - Location fetch request init
18:07:03.679 [http-nio-8080-exec-4] INFO  c.R.b.a.s.i.AmbulanceDriverServiceImpl - found user who is requesting driver@driver.gov
18:07:03.700 [http-nio-8080-exec-4] INFO  c.R.b.a.s.i.AmbulanceDriverServiceImpl - Found associated ambulance 1233333 of Shridhar Abasaheb Hande 
18:07:03.817 [http-nio-8080-exec-4] INFO  c.R.b.a.s.i.AmbulanceDriverServiceImpl - Fetched 1 requests where ambulance where involved.
18:07:03.961 [http-nio-8080-exec-7] INFO  c.R.b.a.c.AmbulanceDriverController - Location fetched request for 
18:07:04.050 [http-nio-8080-exec-7] INFO  c.R.b.a.s.i.AmbulanceDriverServiceImpl - Location fetch request init
18:07:04.050 [http-nio-8080-exec-7] INFO  c.R.b.a.s.i.AmbulanceDriverServiceImpl - found user who is requesting driver@driver.gov
18:07:04.096 [http-nio-8080-exec-7] INFO  c.R.b.a.s.i.AmbulanceDriverServiceImpl - Found associated ambulance 1233333 of Shridhar Abasaheb Hande 
18:07:04.217 [http-nio-8080-exec-7] INFO  c.R.b.a.s.i.AmbulanceDriverServiceImpl - Fetched 1 requests where ambulance where involved.
18:07:12.793 [http-nio-8080-exec-3] INFO  c.R.b.a.c.AmbulanceDriverController - Location fetched request for 
18:07:12.861 [http-nio-8080-exec-3] INFO  c.R.b.a.s.i.AmbulanceDriverServiceImpl - Location fetch request init
18:07:12.861 [http-nio-8080-exec-3] INFO  c.R.b.a.s.i.AmbulanceDriverServiceImpl - found user who is requesting driver@driver.gov
18:07:12.890 [http-nio-8080-exec-3] INFO  c.R.b.a.s.i.AmbulanceDriverServiceImpl - Found associated ambulance 1233333 of Shridhar Abasaheb Hande 
18:07:12.936 [http-nio-8080-exec-3] INFO  c.R.b.a.s.i.AmbulanceDriverServiceImpl - Fetched 1 requests where ambulance where involved.
18:07:13.055 [http-nio-8080-exec-1] INFO  c.R.b.a.c.AmbulanceDriverController - Location fetched request for 
18:07:13.130 [http-nio-8080-exec-1] INFO  c.R.b.a.s.i.AmbulanceDriverServiceImpl - Location fetch request init
18:07:13.130 [http-nio-8080-exec-1] INFO  c.R.b.a.s.i.AmbulanceDriverServiceImpl - found user who is requesting driver@driver.gov
18:07:13.168 [http-nio-8080-exec-1] INFO  c.R.b.a.s.i.AmbulanceDriverServiceImpl - Found associated ambulance 1233333 of Shridhar Abasaheb Hande 
18:07:13.234 [http-nio-8080-exec-1] INFO  c.R.b.a.s.i.AmbulanceDriverServiceImpl - Fetched 1 requests where ambulance where involved.
18:07:46.892 [http-nio-8080-exec-10] INFO  c.R.b.a.c.AmbulanceDriverController - Status update to COMPLETE request fetched:
18:07:46.950 [http-nio-8080-exec-10] INFO  c.R.b.a.s.i.AmbulanceDriverServiceImpl - Started with COMPLETE status update process
18:07:46.976 [http-nio-8080-exec-10] INFO  c.R.b.a.s.i.AmbulanceDriverServiceImpl - found ambulance 5
18:07:47.133 [http-nio-8080-exec-10] INFO  c.R.b.a.s.i.AmbulanceDriverServiceImpl - Completed the assignment 10
18:07:47.227 [http-nio-8080-exec-10] INFO  c.R.b.a.s.i.AmbulanceDriverServiceImpl - done updating status
18:07:47.228 [http-nio-8080-exec-10] INFO  c.R.b.a.s.i.AmbulanceDriverServiceImpl - Checking if all services for request 10 have completed
18:07:47.348 [http-nio-8080-exec-10] INFO  c.R.b.a.s.i.AmbulanceDriverServiceImpl - Service completion status - Ambulances: true, Fire: false, Police: true
18:15:23.645 [http-nio-8080-exec-6] INFO  c.R.b.a.s.i.AmbulanceLocationServiceImplementation - Fetching ambulance with ID: 1
18:15:40.523 [http-nio-8080-exec-2] INFO  c.R.b.a.s.i.AmbulanceLocationServiceImplementation - Fetching ambulance with ID: 1539
18:17:14.810 [http-nio-8080-exec-5] INFO  c.R.b.a.c.AmbulanceDriverController - Request for all history of ambulance fetched
18:17:14.861 [http-nio-8080-exec-5] INFO  c.R.b.a.s.i.AmbulanceDriverServiceImpl - Received request to fetch ambulance booking history
18:17:14.861 [http-nio-8080-exec-5] DEBUG c.R.b.a.s.i.AmbulanceDriverServiceImpl - Fetching booking history for ambulance ID: 5
18:17:14.987 [http-nio-8080-exec-5] INFO  c.R.b.a.s.i.AmbulanceDriverServiceImpl - Found 1 bookings for ambulance ID: 5
18:17:14.987 [http-nio-8080-exec-5] DEBUG c.R.b.a.s.i.AmbulanceDriverServiceImpl - Mapping booking ID 10 to response DTO
18:17:15.022 [http-nio-8080-exec-5] INFO  c.R.b.a.s.i.AmbulanceDriverServiceImpl - Returning 1 booking DTOs for response
21:40:50.709 [http-nio-8080-exec-3] INFO  c.R.b.a.s.i.AmbulanceLocationServiceImplementation - Fetching ambulance with ID: 1
23:06:27.729 [http-nio-8080-exec-7] INFO  c.R.b.a.c.AmbulanceDriverController - Location fetched request for 
23:06:27.900 [http-nio-8080-exec-7] INFO  c.R.b.a.s.i.AmbulanceDriverServiceImpl - Location fetch request init
23:06:27.900 [http-nio-8080-exec-7] INFO  c.R.b.a.s.i.AmbulanceDriverServiceImpl - found user who is requesting Ambulance@gmail.com
23:06:27.936 [http-nio-8080-exec-7] INFO  c.R.b.a.s.i.AmbulanceDriverServiceImpl - Found associated ambulance 1234567332423 of Ambulace 
23:06:27.974 [http-nio-8080-exec-7] INFO  c.R.b.a.s.i.AmbulanceDriverServiceImpl - Fetched 0 requests where ambulance where involved.
23:06:28.035 [http-nio-8080-exec-9] INFO  c.R.b.a.c.AmbulanceDriverController - Location fetched request for 
23:06:28.116 [http-nio-8080-exec-9] INFO  c.R.b.a.s.i.AmbulanceDriverServiceImpl - Location fetch request init
23:06:28.116 [http-nio-8080-exec-9] INFO  c.R.b.a.s.i.AmbulanceDriverServiceImpl - found user who is requesting Ambulance@gmail.com
23:06:28.149 [http-nio-8080-exec-9] INFO  c.R.b.a.s.i.AmbulanceDriverServiceImpl - Found associated ambulance 1234567332423 of Ambulace 
23:06:28.196 [http-nio-8080-exec-9] INFO  c.R.b.a.s.i.AmbulanceDriverServiceImpl - Fetched 0 requests where ambulance where involved.
