00:07:47.364 [http-nio-8080-exec-1] INFO  com.REACT.backend.Jwt.JwtUtils - Authorization Header: null
00:07:47.556 [http-nio-8080-exec-1] WARN  com.REACT.backend.Jwt.JwtUtils - Authorization header is missing or does not start with 'Bearer '
00:07:47.557 [http-nio-8080-exec-1] DEBUG c.REACT.backend.Jwt.AuthTokenFilter - Token received from header: null
00:07:47.557 [http-nio-8080-exec-1] WARN  c.REACT.backend.Jwt.AuthTokenFilter - Invalid or missing JWT token.
00:07:47.990 [http-nio-8080-exec-1] DEBUG com.REACT.backend.Jwt.JwtUtils - Signing key generated from jwtSecret
00:07:47.995 [http-nio-8080-exec-1] DEBUG com.REACT.backend.Jwt.JwtUtils - Generated JWT for user rati@gmail.com: eyJhbGciOiJIUzI1NiJ9.eyJzdWIiOiJyYXRpQGdtYWlsLmNvbSIsInVzZXJJZCI6NTEsInJvbGUiOiJVU0VSIiwiaWF0IjoxNzUzNTU1MDY3LCJleHAiOjE3NTM4NTUwNjd9.fmUvgXCNH1bcmd2I6u-SttplhGelmRDUqSDkpBBcung
00:24:29.289 [main] DEBUG c.REACT.backend.Jwt.AuthTokenFilter - Filter 'authTokenFilter' configured for use
00:25:17.684 [http-nio-8080-exec-7] INFO  com.REACT.backend.Jwt.JwtUtils - Authorization Header: null
00:25:17.686 [http-nio-8080-exec-7] WARN  com.REACT.backend.Jwt.JwtUtils - Authorization header is missing or does not start with 'Bearer '
00:25:17.686 [http-nio-8080-exec-7] DEBUG c.REACT.backend.Jwt.AuthTokenFilter - Token received from header: null
00:25:17.686 [http-nio-8080-exec-7] WARN  c.REACT.backend.Jwt.AuthTokenFilter - Invalid or missing JWT token.
00:25:18.522 [http-nio-8080-exec-7] DEBUG com.REACT.backend.Jwt.JwtUtils - Signing key generated from jwtSecret
00:25:18.581 [http-nio-8080-exec-7] DEBUG com.REACT.backend.Jwt.JwtUtils - Generated JWT for user rati@gmail.com: eyJhbGciOiJIUzI1NiJ9.eyJzdWIiOiJyYXRpQGdtYWlsLmNvbSIsInVzZXJJZCI6NTEsInJvbGUiOiJVU0VSIiwiaWF0IjoxNzUzNTU2MTE4LCJleHAiOjE3NTM4NTYxMTh9.9sT6DFlLERVWgrGXU-nCEMQK_0yxODhWlm0EC24MtiQ
00:39:43.176 [http-nio-8080-exec-3] INFO  com.REACT.backend.Jwt.JwtUtils - Authorization Header: Bearer eyJhbGciOiJIUzI1NiJ9.eyJzdWIiOiJyYXRpQGdtYWlsLmNvbSIsInVzZXJJZCI6NTEsInJvbGUiOiJVU0VSIiwiaWF0IjoxNzUzNTU2MTE4LCJleHAiOjE3NTM4NTYxMTh9.9sT6DFlLERVWgrGXU-nCEMQK_0yxODhWlm0EC24MtiQ
00:39:43.199 [http-nio-8080-exec-3] INFO  com.REACT.backend.Jwt.JwtUtils - Extracted JWT token: eyJhbGciOiJIUzI1NiJ9.eyJzdWIiOiJyYXRpQGdtYWlsLmNvbSIsInVzZXJJZCI6NTEsInJvbGUiOiJVU0VSIiwiaWF0IjoxNzUzNTU2MTE4LCJleHAiOjE3NTM4NTYxMTh9.9sT6DFlLERVWgrGXU-nCEMQK_0yxODhWlm0EC24MtiQ
00:39:43.199 [http-nio-8080-exec-3] DEBUG c.REACT.backend.Jwt.AuthTokenFilter - Token received from header: eyJhbGciOiJIUzI1NiJ9.eyJzdWIiOiJyYXRpQGdtYWlsLmNvbSIsInVzZXJJZCI6NTEsInJvbGUiOiJVU0VSIiwiaWF0IjoxNzUzNTU2MTE4LCJleHAiOjE3NTM4NTYxMTh9.9sT6DFlLERVWgrGXU-nCEMQK_0yxODhWlm0EC24MtiQ
00:39:43.206 [http-nio-8080-exec-3] DEBUG com.REACT.backend.Jwt.JwtUtils - Validating JWT token: eyJhbGciOiJIUzI1NiJ9.eyJzdWIiOiJyYXRpQGdtYWlsLmNvbSIsInVzZXJJZCI6NTEsInJvbGUiOiJVU0VSIiwiaWF0IjoxNzUzNTU2MTE4LCJleHAiOjE3NTM4NTYxMTh9.9sT6DFlLERVWgrGXU-nCEMQK_0yxODhWlm0EC24MtiQ
00:39:43.506 [http-nio-8080-exec-3] DEBUG com.REACT.backend.Jwt.JwtUtils - Signing key generated from jwtSecret
00:39:43.697 [http-nio-8080-exec-3] DEBUG com.REACT.backend.Jwt.JwtUtils - JWT token is valid.
00:39:43.700 [http-nio-8080-exec-3] DEBUG com.REACT.backend.Jwt.JwtUtils - Signing key generated from jwtSecret
00:39:43.700 [http-nio-8080-exec-3] DEBUG com.REACT.backend.Jwt.JwtUtils - Extracted email from JWT: rati@gmail.com
00:39:43.704 [http-nio-8080-exec-3] DEBUG c.REACT.backend.Jwt.AuthTokenFilter - Decoded user email from token: rati@gmail.com
00:39:44.048 [http-nio-8080-exec-3] DEBUG c.REACT.backend.Jwt.AuthTokenFilter - User found in DB: rati@gmail.com
00:39:44.059 [http-nio-8080-exec-3] DEBUG c.REACT.backend.Jwt.AuthTokenFilter - Security context updated with user: rati@gmail.com
00:39:59.593 [http-nio-8080-exec-4] INFO  com.REACT.backend.Jwt.JwtUtils - Authorization Header: Bearer eyJhbGciOiJIUzI1NiJ9.eyJzdWIiOiJyYXRpQGdtYWlsLmNvbSIsInVzZXJJZCI6NTEsInJvbGUiOiJVU0VSIiwiaWF0IjoxNzUzNTU2MTE4LCJleHAiOjE3NTM4NTYxMTh9.9sT6DFlLERVWgrGXU-nCEMQK_0yxODhWlm0EC24MtiQ
00:39:59.595 [http-nio-8080-exec-4] INFO  com.REACT.backend.Jwt.JwtUtils - Extracted JWT token: eyJhbGciOiJIUzI1NiJ9.eyJzdWIiOiJyYXRpQGdtYWlsLmNvbSIsInVzZXJJZCI6NTEsInJvbGUiOiJVU0VSIiwiaWF0IjoxNzUzNTU2MTE4LCJleHAiOjE3NTM4NTYxMTh9.9sT6DFlLERVWgrGXU-nCEMQK_0yxODhWlm0EC24MtiQ
00:39:59.596 [http-nio-8080-exec-4] DEBUG c.REACT.backend.Jwt.AuthTokenFilter - Token received from header: eyJhbGciOiJIUzI1NiJ9.eyJzdWIiOiJyYXRpQGdtYWlsLmNvbSIsInVzZXJJZCI6NTEsInJvbGUiOiJVU0VSIiwiaWF0IjoxNzUzNTU2MTE4LCJleHAiOjE3NTM4NTYxMTh9.9sT6DFlLERVWgrGXU-nCEMQK_0yxODhWlm0EC24MtiQ
00:39:59.596 [http-nio-8080-exec-4] DEBUG com.REACT.backend.Jwt.JwtUtils - Validating JWT token: eyJhbGciOiJIUzI1NiJ9.eyJzdWIiOiJyYXRpQGdtYWlsLmNvbSIsInVzZXJJZCI6NTEsInJvbGUiOiJVU0VSIiwiaWF0IjoxNzUzNTU2MTE4LCJleHAiOjE3NTM4NTYxMTh9.9sT6DFlLERVWgrGXU-nCEMQK_0yxODhWlm0EC24MtiQ
00:39:59.596 [http-nio-8080-exec-4] DEBUG com.REACT.backend.Jwt.JwtUtils - Signing key generated from jwtSecret
00:39:59.598 [http-nio-8080-exec-4] DEBUG com.REACT.backend.Jwt.JwtUtils - JWT token is valid.
00:39:59.598 [http-nio-8080-exec-4] DEBUG com.REACT.backend.Jwt.JwtUtils - Signing key generated from jwtSecret
00:39:59.600 [http-nio-8080-exec-4] DEBUG com.REACT.backend.Jwt.JwtUtils - Extracted email from JWT: rati@gmail.com
00:39:59.600 [http-nio-8080-exec-4] DEBUG c.REACT.backend.Jwt.AuthTokenFilter - Decoded user email from token: rati@gmail.com
00:39:59.717 [http-nio-8080-exec-4] DEBUG c.REACT.backend.Jwt.AuthTokenFilter - User found in DB: rati@gmail.com
00:39:59.717 [http-nio-8080-exec-4] DEBUG c.REACT.backend.Jwt.AuthTokenFilter - Security context updated with user: rati@gmail.com
01:47:50.419 [main] DEBUG c.REACT.backend.Jwt.AuthTokenFilter - Filter 'authTokenFilter' configured for use
01:48:12.652 [http-nio-8080-exec-2] INFO  com.REACT.backend.Jwt.JwtUtils - Authorization Header: null
01:48:12.652 [http-nio-8080-exec-2] WARN  com.REACT.backend.Jwt.JwtUtils - Authorization header is missing or does not start with 'Bearer '
01:48:12.652 [http-nio-8080-exec-2] DEBUG c.REACT.backend.Jwt.AuthTokenFilter - Token received from header: null
01:48:12.652 [http-nio-8080-exec-2] WARN  c.REACT.backend.Jwt.AuthTokenFilter - Invalid or missing JWT token.
01:48:13.493 [http-nio-8080-exec-2] DEBUG com.REACT.backend.Jwt.JwtUtils - Signing key generated from jwtSecret
01:48:13.554 [http-nio-8080-exec-2] DEBUG com.REACT.backend.Jwt.JwtUtils - Generated JWT for user rati@gmail.com: eyJhbGciOiJIUzI1NiJ9.eyJzdWIiOiJyYXRpQGdtYWlsLmNvbSIsInVzZXJJZCI6NTEsInJvbGUiOiJVU0VSIiwiaWF0IjoxNzUzNTYxMDkzLCJleHAiOjE3NTM4NjEwOTN9.kDwf657iYS2ld0h91NqLUOKQgxNObjaV3JJ4hEqSu4I
01:48:57.337 [http-nio-8080-exec-4] INFO  com.REACT.backend.Jwt.JwtUtils - Authorization Header: Bearer eyJhbGciOiJIUzI1NiJ9.eyJzdWIiOiJyYXRpQGdtYWlsLmNvbSIsInVzZXJJZCI6NTEsInJvbGUiOiJVU0VSIiwiaWF0IjoxNzUzNTYxMDkzLCJleHAiOjE3NTM4NjEwOTN9.kDwf657iYS2ld0h91NqLUOKQgxNObjaV3JJ4hEqSu4I
01:48:57.337 [http-nio-8080-exec-4] INFO  com.REACT.backend.Jwt.JwtUtils - Extracted JWT token: eyJhbGciOiJIUzI1NiJ9.eyJzdWIiOiJyYXRpQGdtYWlsLmNvbSIsInVzZXJJZCI6NTEsInJvbGUiOiJVU0VSIiwiaWF0IjoxNzUzNTYxMDkzLCJleHAiOjE3NTM4NjEwOTN9.kDwf657iYS2ld0h91NqLUOKQgxNObjaV3JJ4hEqSu4I
01:48:57.337 [http-nio-8080-exec-4] DEBUG c.REACT.backend.Jwt.AuthTokenFilter - Token received from header: eyJhbGciOiJIUzI1NiJ9.eyJzdWIiOiJyYXRpQGdtYWlsLmNvbSIsInVzZXJJZCI6NTEsInJvbGUiOiJVU0VSIiwiaWF0IjoxNzUzNTYxMDkzLCJleHAiOjE3NTM4NjEwOTN9.kDwf657iYS2ld0h91NqLUOKQgxNObjaV3JJ4hEqSu4I
01:48:57.337 [http-nio-8080-exec-4] DEBUG com.REACT.backend.Jwt.JwtUtils - Validating JWT token: eyJhbGciOiJIUzI1NiJ9.eyJzdWIiOiJyYXRpQGdtYWlsLmNvbSIsInVzZXJJZCI6NTEsInJvbGUiOiJVU0VSIiwiaWF0IjoxNzUzNTYxMDkzLCJleHAiOjE3NTM4NjEwOTN9.kDwf657iYS2ld0h91NqLUOKQgxNObjaV3JJ4hEqSu4I
01:48:57.351 [http-nio-8080-exec-4] DEBUG com.REACT.backend.Jwt.JwtUtils - Signing key generated from jwtSecret
01:48:57.376 [http-nio-8080-exec-4] DEBUG com.REACT.backend.Jwt.JwtUtils - JWT token is valid.
01:48:57.376 [http-nio-8080-exec-4] DEBUG com.REACT.backend.Jwt.JwtUtils - Signing key generated from jwtSecret
01:48:57.376 [http-nio-8080-exec-4] DEBUG com.REACT.backend.Jwt.JwtUtils - Extracted email from JWT: rati@gmail.com
01:48:57.376 [http-nio-8080-exec-4] DEBUG c.REACT.backend.Jwt.AuthTokenFilter - Decoded user email from token: rati@gmail.com
01:48:57.433 [http-nio-8080-exec-4] DEBUG c.REACT.backend.Jwt.AuthTokenFilter - User found in DB: rati@gmail.com
01:48:57.434 [http-nio-8080-exec-4] DEBUG c.REACT.backend.Jwt.AuthTokenFilter - Security context updated with user: rati@gmail.com
01:58:28.226 [http-nio-8080-exec-6] INFO  com.REACT.backend.Jwt.JwtUtils - Authorization Header: Bearer eyJhbGciOiJIUzI1NiJ9.eyJzdWIiOiJyYXRpQGdtYWlsLmNvbSIsInVzZXJJZCI6NTEsInJvbGUiOiJVU0VSIiwiaWF0IjoxNzUzNTYxMDkzLCJleHAiOjE3NTM4NjEwOTN9.kDwf657iYS2ld0h91NqLUOKQgxNObjaV3JJ4hEqSu4I
01:58:28.235 [http-nio-8080-exec-6] INFO  com.REACT.backend.Jwt.JwtUtils - Extracted JWT token: eyJhbGciOiJIUzI1NiJ9.eyJzdWIiOiJyYXRpQGdtYWlsLmNvbSIsInVzZXJJZCI6NTEsInJvbGUiOiJVU0VSIiwiaWF0IjoxNzUzNTYxMDkzLCJleHAiOjE3NTM4NjEwOTN9.kDwf657iYS2ld0h91NqLUOKQgxNObjaV3JJ4hEqSu4I
01:58:28.235 [http-nio-8080-exec-6] DEBUG c.REACT.backend.Jwt.AuthTokenFilter - Token received from header: eyJhbGciOiJIUzI1NiJ9.eyJzdWIiOiJyYXRpQGdtYWlsLmNvbSIsInVzZXJJZCI6NTEsInJvbGUiOiJVU0VSIiwiaWF0IjoxNzUzNTYxMDkzLCJleHAiOjE3NTM4NjEwOTN9.kDwf657iYS2ld0h91NqLUOKQgxNObjaV3JJ4hEqSu4I
01:58:28.235 [http-nio-8080-exec-6] DEBUG com.REACT.backend.Jwt.JwtUtils - Validating JWT token: eyJhbGciOiJIUzI1NiJ9.eyJzdWIiOiJyYXRpQGdtYWlsLmNvbSIsInVzZXJJZCI6NTEsInJvbGUiOiJVU0VSIiwiaWF0IjoxNzUzNTYxMDkzLCJleHAiOjE3NTM4NjEwOTN9.kDwf657iYS2ld0h91NqLUOKQgxNObjaV3JJ4hEqSu4I
01:58:28.235 [http-nio-8080-exec-6] DEBUG com.REACT.backend.Jwt.JwtUtils - Signing key generated from jwtSecret
01:58:28.235 [http-nio-8080-exec-6] DEBUG com.REACT.backend.Jwt.JwtUtils - JWT token is valid.
01:58:28.235 [http-nio-8080-exec-6] DEBUG com.REACT.backend.Jwt.JwtUtils - Signing key generated from jwtSecret
01:58:28.235 [http-nio-8080-exec-6] DEBUG com.REACT.backend.Jwt.JwtUtils - Extracted email from JWT: rati@gmail.com
01:58:28.235 [http-nio-8080-exec-6] DEBUG c.REACT.backend.Jwt.AuthTokenFilter - Decoded user email from token: rati@gmail.com
01:58:28.332 [http-nio-8080-exec-6] DEBUG c.REACT.backend.Jwt.AuthTokenFilter - User found in DB: rati@gmail.com
01:58:28.332 [http-nio-8080-exec-6] DEBUG c.REACT.backend.Jwt.AuthTokenFilter - Security context updated with user: rati@gmail.com
01:59:10.566 [http-nio-8080-exec-8] INFO  com.REACT.backend.Jwt.JwtUtils - Authorization Header: Bearer eyJhbGciOiJIUzI1NiJ9.eyJzdWIiOiJyYXRpQGdtYWlsLmNvbSIsInVzZXJJZCI6NTEsInJvbGUiOiJVU0VSIiwiaWF0IjoxNzUzNTYxMDkzLCJleHAiOjE3NTM4NjEwOTN9.kDwf657iYS2ld0h91NqLUOKQgxNObjaV3JJ4hEqSu4I
01:59:10.569 [http-nio-8080-exec-8] INFO  com.REACT.backend.Jwt.JwtUtils - Extracted JWT token: eyJhbGciOiJIUzI1NiJ9.eyJzdWIiOiJyYXRpQGdtYWlsLmNvbSIsInVzZXJJZCI6NTEsInJvbGUiOiJVU0VSIiwiaWF0IjoxNzUzNTYxMDkzLCJleHAiOjE3NTM4NjEwOTN9.kDwf657iYS2ld0h91NqLUOKQgxNObjaV3JJ4hEqSu4I
01:59:10.569 [http-nio-8080-exec-8] DEBUG c.REACT.backend.Jwt.AuthTokenFilter - Token received from header: eyJhbGciOiJIUzI1NiJ9.eyJzdWIiOiJyYXRpQGdtYWlsLmNvbSIsInVzZXJJZCI6NTEsInJvbGUiOiJVU0VSIiwiaWF0IjoxNzUzNTYxMDkzLCJleHAiOjE3NTM4NjEwOTN9.kDwf657iYS2ld0h91NqLUOKQgxNObjaV3JJ4hEqSu4I
01:59:10.569 [http-nio-8080-exec-8] DEBUG com.REACT.backend.Jwt.JwtUtils - Validating JWT token: eyJhbGciOiJIUzI1NiJ9.eyJzdWIiOiJyYXRpQGdtYWlsLmNvbSIsInVzZXJJZCI6NTEsInJvbGUiOiJVU0VSIiwiaWF0IjoxNzUzNTYxMDkzLCJleHAiOjE3NTM4NjEwOTN9.kDwf657iYS2ld0h91NqLUOKQgxNObjaV3JJ4hEqSu4I
01:59:10.570 [http-nio-8080-exec-8] DEBUG com.REACT.backend.Jwt.JwtUtils - Signing key generated from jwtSecret
01:59:10.570 [http-nio-8080-exec-8] DEBUG com.REACT.backend.Jwt.JwtUtils - JWT token is valid.
01:59:10.570 [http-nio-8080-exec-8] DEBUG com.REACT.backend.Jwt.JwtUtils - Signing key generated from jwtSecret
01:59:10.570 [http-nio-8080-exec-8] DEBUG com.REACT.backend.Jwt.JwtUtils - Extracted email from JWT: rati@gmail.com
01:59:10.570 [http-nio-8080-exec-8] DEBUG c.REACT.backend.Jwt.AuthTokenFilter - Decoded user email from token: rati@gmail.com
01:59:10.605 [http-nio-8080-exec-8] ERROR c.REACT.backend.Jwt.AuthTokenFilter - Cannot set user authentication: JDBC exception executing SQL [select a1_0.user_id,a1_0.government_id,a1_0.phone_number,a1_0.role,a1_0.security_answer,a1_0.security_question,a1_0.user_email,a1_0.user_full_name,a1_0.user_password,a1_0.verified from app_user a1_0 where a1_0.user_email=?] [ERROR: current transaction is aborted, commands ignored until end of transaction block] [n/a]
org.springframework.orm.jpa.JpaSystemException: JDBC exception executing SQL [select a1_0.user_id,a1_0.government_id,a1_0.phone_number,a1_0.role,a1_0.security_answer,a1_0.security_question,a1_0.user_email,a1_0.user_full_name,a1_0.user_password,a1_0.verified from app_user a1_0 where a1_0.user_email=?] [ERROR: current transaction is aborted, commands ignored until end of transaction block] [n/a]
	at org.springframework.orm.jpa.vendor.HibernateJpaDialect.convertHibernateAccessException(HibernateJpaDialect.java:320)
	at org.springframework.orm.jpa.vendor.HibernateJpaDialect.translateExceptionIfPossible(HibernateJpaDialect.java:229)
	at org.springframework.orm.jpa.AbstractEntityManagerFactoryBean.translateExceptionIfPossible(AbstractEntityManagerFactoryBean.java:550)
	at org.springframework.dao.support.ChainedPersistenceExceptionTranslator.translateExceptionIfPossible(ChainedPersistenceExceptionTranslator.java:61)
	at org.springframework.dao.support.DataAccessUtils.translateIfNecessary(DataAccessUtils.java:243)
	at org.springframework.dao.support.PersistenceExceptionTranslationInterceptor.invoke(PersistenceExceptionTranslationInterceptor.java:152)
	at org.springframework.aop.framework.ReflectiveMethodInvocation.proceed(ReflectiveMethodInvocation.java:184)
	at org.springframework.data.jpa.repository.support.CrudMethodMetadataPostProcessor$CrudMethodMetadataPopulatingMethodInterceptor.invoke(CrudMethodMetadataPostProcessor.java:135)
	at org.springframework.aop.framework.ReflectiveMethodInvocation.proceed(ReflectiveMethodInvocation.java:184)
	at org.springframework.aop.interceptor.ExposeInvocationInterceptor.invoke(ExposeInvocationInterceptor.java:97)
	at org.springframework.aop.framework.ReflectiveMethodInvocation.proceed(ReflectiveMethodInvocation.java:184)
	at org.springframework.aop.framework.JdkDynamicAopProxy.invoke(JdkDynamicAopProxy.java:244)
	at jdk.proxy2/jdk.proxy2.$Proxy133.findByUserEmail(Unknown Source)
	at com.REACT.backend.Jwt.AuthTokenFilter.doFilterInternal(AuthTokenFilter.java:48)
	at org.springframework.web.filter.OncePerRequestFilter.doFilter(OncePerRequestFilter.java:116)
	at org.springframework.security.web.FilterChainProxy$VirtualFilterChain.doFilter(FilterChainProxy.java:374)
	at org.springframework.security.web.authentication.logout.LogoutFilter.doFilter(LogoutFilter.java:107)
	at org.springframework.security.web.authentication.logout.LogoutFilter.doFilter(LogoutFilter.java:93)
	at org.springframework.security.web.FilterChainProxy$VirtualFilterChain.doFilter(FilterChainProxy.java:374)
	at org.springframework.web.filter.CorsFilter.doFilterInternal(CorsFilter.java:91)
	at org.springframework.web.filter.OncePerRequestFilter.doFilter(OncePerRequestFilter.java:116)
	at org.springframework.security.web.FilterChainProxy$VirtualFilterChain.doFilter(FilterChainProxy.java:374)
	at org.springframework.security.web.header.HeaderWriterFilter.doHeadersAfter(HeaderWriterFilter.java:90)
	at org.springframework.security.web.header.HeaderWriterFilter.doFilterInternal(HeaderWriterFilter.java:75)
	at org.springframework.web.filter.OncePerRequestFilter.doFilter(OncePerRequestFilter.java:116)
	at org.springframework.security.web.FilterChainProxy$VirtualFilterChain.doFilter(FilterChainProxy.java:374)
	at org.springframework.security.web.context.SecurityContextHolderFilter.doFilter(SecurityContextHolderFilter.java:82)
	at org.springframework.security.web.context.SecurityContextHolderFilter.doFilter(SecurityContextHolderFilter.java:69)
	at org.springframework.security.web.FilterChainProxy$VirtualFilterChain.doFilter(FilterChainProxy.java:374)
	at org.springframework.security.web.context.request.async.WebAsyncManagerIntegrationFilter.doFilterInternal(WebAsyncManagerIntegrationFilter.java:62)
	at org.springframework.web.filter.OncePerRequestFilter.doFilter(OncePerRequestFilter.java:116)
	at org.springframework.security.web.FilterChainProxy$VirtualFilterChain.doFilter(FilterChainProxy.java:374)
	at org.springframework.security.web.session.DisableEncodeUrlFilter.doFilterInternal(DisableEncodeUrlFilter.java:42)
	at org.springframework.web.filter.OncePerRequestFilter.doFilter(OncePerRequestFilter.java:116)
	at org.springframework.security.web.FilterChainProxy$VirtualFilterChain.doFilter(FilterChainProxy.java:374)
	at org.springframework.security.web.FilterChainProxy.doFilterInternal(FilterChainProxy.java:233)
	at org.springframework.security.web.FilterChainProxy.doFilter(FilterChainProxy.java:191)
	at org.springframework.web.filter.DelegatingFilterProxy.invokeDelegate(DelegatingFilterProxy.java:352)
	at org.springframework.web.filter.DelegatingFilterProxy.doFilter(DelegatingFilterProxy.java:268)
	at org.apache.catalina.core.ApplicationFilterChain.internalDoFilter(ApplicationFilterChain.java:174)
	at org.apache.catalina.core.ApplicationFilterChain.doFilter(ApplicationFilterChain.java:149)
	at org.springframework.web.filter.RequestContextFilter.doFilterInternal(RequestContextFilter.java:100)
	at org.springframework.web.filter.OncePerRequestFilter.doFilter(OncePerRequestFilter.java:116)
	at org.apache.catalina.core.ApplicationFilterChain.internalDoFilter(ApplicationFilterChain.java:174)
	at org.apache.catalina.core.ApplicationFilterChain.doFilter(ApplicationFilterChain.java:149)
	at org.springframework.web.filter.FormContentFilter.doFilterInternal(FormContentFilter.java:93)
	at org.springframework.web.filter.OncePerRequestFilter.doFilter(OncePerRequestFilter.java:116)
	at org.apache.catalina.core.ApplicationFilterChain.internalDoFilter(ApplicationFilterChain.java:174)
	at org.apache.catalina.core.ApplicationFilterChain.doFilter(ApplicationFilterChain.java:149)
	at org.springframework.web.filter.CharacterEncodingFilter.doFilterInternal(CharacterEncodingFilter.java:201)
	at org.springframework.web.filter.OncePerRequestFilter.doFilter(OncePerRequestFilter.java:116)
	at org.apache.catalina.core.ApplicationFilterChain.internalDoFilter(ApplicationFilterChain.java:174)
	at org.apache.catalina.core.ApplicationFilterChain.doFilter(ApplicationFilterChain.java:149)
	at org.apache.catalina.core.StandardWrapperValve.invoke(StandardWrapperValve.java:167)
	at org.apache.catalina.core.StandardContextValve.invoke(StandardContextValve.java:90)
	at org.apache.catalina.authenticator.AuthenticatorBase.invoke(AuthenticatorBase.java:482)
	at org.apache.catalina.core.StandardHostValve.invoke(StandardHostValve.java:115)
	at org.apache.catalina.valves.ErrorReportValve.invoke(ErrorReportValve.java:93)
	at org.apache.catalina.core.StandardEngineValve.invoke(StandardEngineValve.java:74)
	at org.apache.catalina.connector.CoyoteAdapter.service(CoyoteAdapter.java:340)
	at org.apache.coyote.http11.Http11Processor.service(Http11Processor.java:391)
	at org.apache.coyote.AbstractProcessorLight.process(AbstractProcessorLight.java:63)
	at org.apache.coyote.AbstractProtocol$ConnectionHandler.process(AbstractProtocol.java:896)
	at org.apache.tomcat.util.net.NioEndpoint$SocketProcessor.doRun(NioEndpoint.java:1744)
	at org.apache.tomcat.util.net.SocketProcessorBase.run(SocketProcessorBase.java:52)
	at org.apache.tomcat.util.threads.ThreadPoolExecutor.runWorker(ThreadPoolExecutor.java:1191)
	at org.apache.tomcat.util.threads.ThreadPoolExecutor$Worker.run(ThreadPoolExecutor.java:659)
	at org.apache.tomcat.util.threads.TaskThread$WrappingRunnable.run(TaskThread.java:61)
	at java.base/java.lang.Thread.run(Thread.java:842)
Caused by: org.hibernate.exception.GenericJDBCException: JDBC exception executing SQL [select a1_0.user_id,a1_0.government_id,a1_0.phone_number,a1_0.role,a1_0.security_answer,a1_0.security_question,a1_0.user_email,a1_0.user_full_name,a1_0.user_password,a1_0.verified from app_user a1_0 where a1_0.user_email=?] [ERROR: current transaction is aborted, commands ignored until end of transaction block] [n/a]
	at org.hibernate.exception.internal.StandardSQLExceptionConverter.convert(StandardSQLExceptionConverter.java:61)
	at org.hibernate.engine.jdbc.spi.SqlExceptionHelper.convert(SqlExceptionHelper.java:108)
	at org.hibernate.engine.jdbc.spi.SqlExceptionHelper.convert(SqlExceptionHelper.java:94)
	at org.hibernate.sql.results.jdbc.internal.DeferredResultSetAccess.executeQuery(DeferredResultSetAccess.java:257)
	at org.hibernate.sql.results.jdbc.internal.DeferredResultSetAccess.getResultSet(DeferredResultSetAccess.java:163)
	at org.hibernate.sql.results.jdbc.internal.JdbcValuesResultSetImpl.advanceNext(JdbcValuesResultSetImpl.java:254)
	at org.hibernate.sql.results.jdbc.internal.JdbcValuesResultSetImpl.processNext(JdbcValuesResultSetImpl.java:134)
	at org.hibernate.sql.results.jdbc.internal.AbstractJdbcValues.next(AbstractJdbcValues.java:19)
	at org.hibernate.sql.results.internal.RowProcessingStateStandardImpl.next(RowProcessingStateStandardImpl.java:66)
	at org.hibernate.sql.results.spi.ListResultsConsumer.consume(ListResultsConsumer.java:198)
	at org.hibernate.sql.results.spi.ListResultsConsumer.consume(ListResultsConsumer.java:33)
	at org.hibernate.sql.exec.internal.JdbcSelectExecutorStandardImpl.doExecuteQuery(JdbcSelectExecutorStandardImpl.java:361)
	at org.hibernate.sql.exec.internal.JdbcSelectExecutorStandardImpl.executeQuery(JdbcSelectExecutorStandardImpl.java:168)
	at org.hibernate.sql.exec.internal.JdbcSelectExecutorStandardImpl.list(JdbcSelectExecutorStandardImpl.java:93)
	at org.hibernate.sql.exec.spi.JdbcSelectExecutor.list(JdbcSelectExecutor.java:31)
	at org.hibernate.query.sqm.internal.ConcreteSqmSelectQueryPlan.lambda$new$0(ConcreteSqmSelectQueryPlan.java:110)
	at org.hibernate.query.sqm.internal.ConcreteSqmSelectQueryPlan.withCacheableSqmInterpretation(ConcreteSqmSelectQueryPlan.java:303)
	at org.hibernate.query.sqm.internal.ConcreteSqmSelectQueryPlan.performList(ConcreteSqmSelectQueryPlan.java:244)
	at org.hibernate.query.sqm.internal.QuerySqmImpl.doList(QuerySqmImpl.java:518)
	at org.hibernate.query.spi.AbstractSelectionQuery.list(AbstractSelectionQuery.java:367)
	at org.hibernate.query.spi.AbstractSelectionQuery.getSingleResult(AbstractSelectionQuery.java:473)
	at java.base/jdk.internal.reflect.NativeMethodAccessorImpl.invoke0(Native Method)
	at java.base/jdk.internal.reflect.NativeMethodAccessorImpl.invoke(NativeMethodAccessorImpl.java:77)
	at java.base/jdk.internal.reflect.DelegatingMethodAccessorImpl.invoke(DelegatingMethodAccessorImpl.java:43)
	at java.base/java.lang.reflect.Method.invoke(Method.java:568)
	at org.springframework.orm.jpa.SharedEntityManagerCreator$DeferredQueryInvocationHandler.invoke(SharedEntityManagerCreator.java:405)
	at jdk.proxy2/jdk.proxy2.$Proxy175.getSingleResult(Unknown Source)
	at org.springframework.data.jpa.repository.query.JpaQueryExecution$SingleEntityExecution.doExecute(JpaQueryExecution.java:223)
	at org.springframework.data.jpa.repository.query.JpaQueryExecution.execute(JpaQueryExecution.java:92)
	at org.springframework.data.jpa.repository.query.AbstractJpaQuery.doExecute(AbstractJpaQuery.java:149)
	at org.springframework.data.jpa.repository.query.AbstractJpaQuery.execute(AbstractJpaQuery.java:137)
	at org.springframework.data.repository.core.support.RepositoryMethodInvoker.doInvoke(RepositoryMethodInvoker.java:136)
	at org.springframework.data.repository.core.support.RepositoryMethodInvoker.invoke(RepositoryMethodInvoker.java:120)
	at org.springframework.data.repository.core.support.QueryExecutorMethodInterceptor.doInvoke(QueryExecutorMethodInterceptor.java:164)
	at org.springframework.data.repository.core.support.QueryExecutorMethodInterceptor.invoke(QueryExecutorMethodInterceptor.java:143)
	at org.springframework.aop.framework.ReflectiveMethodInvocation.proceed(ReflectiveMethodInvocation.java:184)
	at org.springframework.data.projection.DefaultMethodInvokingMethodInterceptor.invoke(DefaultMethodInvokingMethodInterceptor.java:72)
	at org.springframework.aop.framework.ReflectiveMethodInvocation.proceed(ReflectiveMethodInvocation.java:184)
	at org.springframework.transaction.interceptor.TransactionInterceptor$1.proceedWithInvocation(TransactionInterceptor.java:123)
	at org.springframework.transaction.interceptor.TransactionAspectSupport.invokeWithinTransaction(TransactionAspectSupport.java:391)
	at org.springframework.transaction.interceptor.TransactionInterceptor.invoke(TransactionInterceptor.java:119)
	at org.springframework.aop.framework.ReflectiveMethodInvocation.proceed(ReflectiveMethodInvocation.java:184)
	at org.springframework.dao.support.PersistenceExceptionTranslationInterceptor.invoke(PersistenceExceptionTranslationInterceptor.java:137)
	... 63 common frames omitted
Caused by: org.postgresql.util.PSQLException: ERROR: current transaction is aborted, commands ignored until end of transaction block
	at org.postgresql.core.v3.QueryExecutorImpl.receiveErrorResponse(QueryExecutorImpl.java:2713)
	at org.postgresql.core.v3.QueryExecutorImpl.processResults(QueryExecutorImpl.java:2401)
	at org.postgresql.core.v3.QueryExecutorImpl.execute(QueryExecutorImpl.java:368)
	at org.postgresql.jdbc.PgStatement.executeInternal(PgStatement.java:498)
	at org.postgresql.jdbc.PgStatement.execute(PgStatement.java:415)
	at org.postgresql.jdbc.PgPreparedStatement.executeWithFlags(PgPreparedStatement.java:190)
	at org.postgresql.jdbc.PgPreparedStatement.executeQuery(PgPreparedStatement.java:134)
	at com.zaxxer.hikari.pool.ProxyPreparedStatement.executeQuery(ProxyPreparedStatement.java:52)
	at com.zaxxer.hikari.pool.HikariProxyPreparedStatement.executeQuery(HikariProxyPreparedStatement.java)
	at org.hibernate.sql.results.jdbc.internal.DeferredResultSetAccess.executeQuery(DeferredResultSetAccess.java:239)
	... 102 common frames omitted
Caused by: org.postgresql.util.PSQLException: ERROR: prepared statement "S_1" already exists
	at org.postgresql.core.v3.QueryExecutorImpl.receiveErrorResponse(QueryExecutorImpl.java:2713)
	at org.postgresql.core.v3.QueryExecutorImpl.processResults(QueryExecutorImpl.java:2401)
	at org.postgresql.core.v3.QueryExecutorImpl.execute(QueryExecutorImpl.java:368)
	at org.postgresql.jdbc.PgStatement.executeInternal(PgStatement.java:498)
	at org.postgresql.jdbc.PgStatement.execute(PgStatement.java:415)
	at org.postgresql.jdbc.PgPreparedStatement.executeWithFlags(PgPreparedStatement.java:190)
	at org.postgresql.jdbc.PgPreparedStatement.executeQuery(PgPreparedStatement.java:134)
	at com.zaxxer.hikari.pool.ProxyPreparedStatement.executeQuery(ProxyPreparedStatement.java:52)
	at com.zaxxer.hikari.pool.HikariProxyPreparedStatement.executeQuery(HikariProxyPreparedStatement.java)
	at org.hibernate.sql.results.jdbc.internal.DeferredResultSetAccess.executeQuery(DeferredResultSetAccess.java:239)
	at org.hibernate.sql.results.jdbc.internal.DeferredResultSetAccess.getResultSet(DeferredResultSetAccess.java:163)
	at org.hibernate.sql.results.jdbc.internal.AbstractResultSetAccess.getMetaData(AbstractResultSetAccess.java:36)
	at org.hibernate.sql.results.jdbc.internal.AbstractResultSetAccess.getColumnCount(AbstractResultSetAccess.java:52)
	at org.hibernate.query.results.ResultSetMappingImpl.resolve(ResultSetMappingImpl.java:193)
	at org.hibernate.sql.exec.internal.JdbcSelectExecutorStandardImpl.resolveJdbcValuesSource(JdbcSelectExecutorStandardImpl.java:477)
	at org.hibernate.sql.exec.internal.JdbcSelectExecutorStandardImpl.doExecuteQuery(JdbcSelectExecutorStandardImpl.java:267)
	at org.hibernate.sql.exec.internal.JdbcSelectExecutorStandardImpl.executeQuery(JdbcSelectExecutorStandardImpl.java:168)
	at org.hibernate.sql.exec.internal.JdbcSelectExecutorStandardImpl.list(JdbcSelectExecutorStandardImpl.java:93)
	at org.hibernate.sql.exec.spi.JdbcSelectExecutor.list(JdbcSelectExecutor.java:31)
	at org.hibernate.query.sql.internal.NativeSelectQueryPlanImpl.performList(NativeSelectQueryPlanImpl.java:97)
	at org.hibernate.query.sql.internal.NativeQueryImpl.doList(NativeQueryImpl.java:626)
	at org.hibernate.query.spi.AbstractSelectionQuery.list(AbstractSelectionQuery.java:367)
	at org.hibernate.query.Query.getResultList(Query.java:119)
	at org.springframework.data.jpa.repository.query.JpaQueryExecution$CollectionExecution.doExecute(JpaQueryExecution.java:129)
	at org.springframework.data.jpa.repository.query.JpaQueryExecution.execute(JpaQueryExecution.java:92)
	at org.springframework.data.jpa.repository.query.AbstractJpaQuery.doExecute(AbstractJpaQuery.java:149)
	at org.springframework.data.jpa.repository.query.AbstractJpaQuery.execute(AbstractJpaQuery.java:137)
	at org.springframework.data.repository.core.support.RepositoryMethodInvoker.doInvoke(RepositoryMethodInvoker.java:136)
	at org.springframework.data.repository.core.support.RepositoryMethodInvoker.invoke(RepositoryMethodInvoker.java:120)
	at org.springframework.data.repository.core.support.QueryExecutorMethodInterceptor.doInvoke(QueryExecutorMethodInterceptor.java:164)
	at org.springframework.data.repository.core.support.QueryExecutorMethodInterceptor.invoke(QueryExecutorMethodInterceptor.java:143)
	at org.springframework.aop.framework.ReflectiveMethodInvocation.proceed(ReflectiveMethodInvocation.java:184)
	at org.springframework.data.projection.DefaultMethodInvokingMethodInterceptor.invoke(DefaultMethodInvokingMethodInterceptor.java:72)
	at org.springframework.aop.framework.ReflectiveMethodInvocation.proceed(ReflectiveMethodInvocation.java:184)
	at org.springframework.transaction.interceptor.TransactionInterceptor$1.proceedWithInvocation(TransactionInterceptor.java:123)
	at org.springframework.transaction.interceptor.TransactionAspectSupport.invokeWithinTransaction(TransactionAspectSupport.java:391)
	at org.springframework.transaction.interceptor.TransactionInterceptor.invoke(TransactionInterceptor.java:119)
	at org.springframework.aop.framework.ReflectiveMethodInvocation.proceed(ReflectiveMethodInvocation.java:184)
	at org.springframework.dao.support.PersistenceExceptionTranslationInterceptor.invoke(PersistenceExceptionTranslationInterceptor.java:137)
	at org.springframework.aop.framework.ReflectiveMethodInvocation.proceed(ReflectiveMethodInvocation.java:184)
	at org.springframework.data.jpa.repository.support.CrudMethodMetadataPostProcessor$CrudMethodMetadataPopulatingMethodInterceptor.invoke(CrudMethodMetadataPostProcessor.java:135)
	at org.springframework.aop.framework.ReflectiveMethodInvocation.proceed(ReflectiveMethodInvocation.java:184)
	at org.springframework.aop.interceptor.ExposeInvocationInterceptor.invoke(ExposeInvocationInterceptor.java:97)
	at org.springframework.aop.framework.ReflectiveMethodInvocation.proceed(ReflectiveMethodInvocation.java:184)
	at org.springframework.aop.framework.JdkDynamicAopProxy.invoke(JdkDynamicAopProxy.java:244)
	at jdk.proxy2/jdk.proxy2.$Proxy141.findAvailableWithinRadius(Unknown Source)
	at com.REACT.backend.booking.service.BookingServiceImpl.findNearestAmbulances(BookingServiceImpl.java:252)
	at com.REACT.backend.booking.service.BookingServiceImpl.createBooking(BookingServiceImpl.java:72)
	at java.base/jdk.internal.reflect.NativeMethodAccessorImpl.invoke0(Native Method)
	at java.base/jdk.internal.reflect.NativeMethodAccessorImpl.invoke(NativeMethodAccessorImpl.java:77)
	at java.base/jdk.internal.reflect.DelegatingMethodAccessorImpl.invoke(DelegatingMethodAccessorImpl.java:43)
	at java.base/java.lang.reflect.Method.invoke(Method.java:568)
	at org.springframework.aop.support.AopUtils.invokeJoinpointUsingReflection(AopUtils.java:343)
	at org.springframework.aop.framework.ReflectiveMethodInvocation.invokeJoinpoint(ReflectiveMethodInvocation.java:196)
	at org.springframework.aop.framework.ReflectiveMethodInvocation.proceed(ReflectiveMethodInvocation.java:163)
	at org.springframework.aop.framework.CglibAopProxy$CglibMethodInvocation.proceed(CglibAopProxy.java:751)
	at org.springframework.transaction.interceptor.TransactionInterceptor$1.proceedWithInvocation(TransactionInterceptor.java:123)
	at org.springframework.transaction.interceptor.TransactionAspectSupport.invokeWithinTransaction(TransactionAspectSupport.java:391)
	at org.springframework.transaction.interceptor.TransactionInterceptor.invoke(TransactionInterceptor.java:119)
	at org.springframework.aop.framework.ReflectiveMethodInvocation.proceed(ReflectiveMethodInvocation.java:184)
	at org.springframework.aop.framework.CglibAopProxy$CglibMethodInvocation.proceed(CglibAopProxy.java:751)
	at org.springframework.aop.framework.CglibAopProxy$DynamicAdvisedInterceptor.intercept(CglibAopProxy.java:703)
	at com.REACT.backend.booking.service.BookingServiceImpl$$SpringCGLIB$$0.createBooking(<generated>)
	at com.REACT.backend.booking.controller.BookingController.handleBooking(BookingController.java:34)
	at java.base/jdk.internal.reflect.NativeMethodAccessorImpl.invoke0(Native Method)
	at java.base/jdk.internal.reflect.NativeMethodAccessorImpl.invoke(NativeMethodAccessorImpl.java:77)
	at java.base/jdk.internal.reflect.DelegatingMethodAccessorImpl.invoke(DelegatingMethodAccessorImpl.java:43)
	at java.base/java.lang.reflect.Method.invoke(Method.java:568)
	at org.springframework.web.method.support.InvocableHandlerMethod.doInvoke(InvocableHandlerMethod.java:205)
	at org.springframework.web.method.support.InvocableHandlerMethod.invokeForRequest(InvocableHandlerMethod.java:150)
	at org.springframework.web.servlet.mvc.method.annotation.ServletInvocableHandlerMethod.invokeAndHandle(ServletInvocableHandlerMethod.java:118)
	at org.springframework.web.servlet.mvc.method.annotation.RequestMappingHandlerAdapter.invokeHandlerMethod(RequestMappingHandlerAdapter.java:884)
	at org.springframework.web.servlet.mvc.method.annotation.RequestMappingHandlerAdapter.handleInternal(RequestMappingHandlerAdapter.java:797)
	at org.springframework.web.servlet.mvc.method.AbstractHandlerMethodAdapter.handle(AbstractHandlerMethodAdapter.java:87)
	at org.springframework.web.servlet.DispatcherServlet.doDispatch(DispatcherServlet.java:1081)
	at org.springframework.web.servlet.DispatcherServlet.doService(DispatcherServlet.java:974)
	at org.springframework.web.servlet.FrameworkServlet.processRequest(FrameworkServlet.java:1011)
	at org.springframework.web.servlet.FrameworkServlet.doPost(FrameworkServlet.java:914)
	at jakarta.servlet.http.HttpServlet.service(HttpServlet.java:590)
	at org.springframework.web.servlet.FrameworkServlet.service(FrameworkServlet.java:885)
	at jakarta.servlet.http.HttpServlet.service(HttpServlet.java:658)
	at org.apache.catalina.core.ApplicationFilterChain.internalDoFilter(ApplicationFilterChain.java:205)
	at org.apache.catalina.core.ApplicationFilterChain.doFilter(ApplicationFilterChain.java:149)
	at org.apache.tomcat.websocket.server.WsFilter.doFilter(WsFilter.java:51)
	at org.apache.catalina.core.ApplicationFilterChain.internalDoFilter(ApplicationFilterChain.java:174)
	at org.apache.catalina.core.ApplicationFilterChain.doFilter(ApplicationFilterChain.java:149)
	at org.springframework.web.filter.OncePerRequestFilter.doFilter(OncePerRequestFilter.java:110)
	at org.apache.catalina.core.ApplicationFilterChain.internalDoFilter(ApplicationFilterChain.java:174)
	at org.apache.catalina.core.ApplicationFilterChain.doFilter(ApplicationFilterChain.java:149)
	at org.springframework.security.web.FilterChainProxy.lambda$doFilterInternal$3(FilterChainProxy.java:231)
	at org.springframework.security.web.FilterChainProxy$VirtualFilterChain.doFilter(FilterChainProxy.java:365)
	at org.springframework.security.web.access.intercept.AuthorizationFilter.doFilter(AuthorizationFilter.java:100)
	at org.springframework.security.web.FilterChainProxy$VirtualFilterChain.doFilter(FilterChainProxy.java:374)
	at org.springframework.security.web.access.ExceptionTranslationFilter.doFilter(ExceptionTranslationFilter.java:126)
	at org.springframework.security.web.access.ExceptionTranslationFilter.doFilter(ExceptionTranslationFilter.java:120)
	at org.springframework.security.web.FilterChainProxy$VirtualFilterChain.doFilter(FilterChainProxy.java:374)
	at org.springframework.security.web.session.SessionManagementFilter.doFilter(SessionManagementFilter.java:131)
	at org.springframework.security.web.session.SessionManagementFilter.doFilter(SessionManagementFilter.java:85)
	at org.springframework.security.web.FilterChainProxy$VirtualFilterChain.doFilter(FilterChainProxy.java:374)
	at org.springframework.security.web.authentication.AnonymousAuthenticationFilter.doFilter(AnonymousAuthenticationFilter.java:100)
	at org.springframework.security.web.FilterChainProxy$VirtualFilterChain.doFilter(FilterChainProxy.java:374)
	at org.springframework.security.web.servletapi.SecurityContextHolderAwareRequestFilter.doFilter(SecurityContextHolderAwareRequestFilter.java:179)
	at org.springframework.security.web.FilterChainProxy$VirtualFilterChain.doFilter(FilterChainProxy.java:374)
	at org.springframework.security.web.savedrequest.RequestCacheAwareFilter.doFilter(RequestCacheAwareFilter.java:63)
	at org.springframework.security.web.FilterChainProxy$VirtualFilterChain.doFilter(FilterChainProxy.java:374)
	at com.REACT.backend.Jwt.AuthTokenFilter.doFilterInternal(AuthTokenFilter.java:77)
	... 55 common frames omitted
01:59:10.614 [http-nio-8080-exec-8] WARN  c.R.backend.Jwt.AuthEntryPointJWT - Missing or invalid JWT: Full authentication is required to access this resource
01:59:24.451 [http-nio-8080-exec-9] INFO  com.REACT.backend.Jwt.JwtUtils - Authorization Header: Bearer eyJhbGciOiJIUzI1NiJ9.eyJzdWIiOiJyYXRpQGdtYWlsLmNvbSIsInVzZXJJZCI6NTEsInJvbGUiOiJVU0VSIiwiaWF0IjoxNzUzNTYxMDkzLCJleHAiOjE3NTM4NjEwOTN9.kDwf657iYS2ld0h91NqLUOKQgxNObjaV3JJ4hEqSu4I
01:59:24.451 [http-nio-8080-exec-9] INFO  com.REACT.backend.Jwt.JwtUtils - Extracted JWT token: eyJhbGciOiJIUzI1NiJ9.eyJzdWIiOiJyYXRpQGdtYWlsLmNvbSIsInVzZXJJZCI6NTEsInJvbGUiOiJVU0VSIiwiaWF0IjoxNzUzNTYxMDkzLCJleHAiOjE3NTM4NjEwOTN9.kDwf657iYS2ld0h91NqLUOKQgxNObjaV3JJ4hEqSu4I
01:59:24.452 [http-nio-8080-exec-9] DEBUG c.REACT.backend.Jwt.AuthTokenFilter - Token received from header: eyJhbGciOiJIUzI1NiJ9.eyJzdWIiOiJyYXRpQGdtYWlsLmNvbSIsInVzZXJJZCI6NTEsInJvbGUiOiJVU0VSIiwiaWF0IjoxNzUzNTYxMDkzLCJleHAiOjE3NTM4NjEwOTN9.kDwf657iYS2ld0h91NqLUOKQgxNObjaV3JJ4hEqSu4I
01:59:24.452 [http-nio-8080-exec-9] DEBUG com.REACT.backend.Jwt.JwtUtils - Validating JWT token: eyJhbGciOiJIUzI1NiJ9.eyJzdWIiOiJyYXRpQGdtYWlsLmNvbSIsInVzZXJJZCI6NTEsInJvbGUiOiJVU0VSIiwiaWF0IjoxNzUzNTYxMDkzLCJleHAiOjE3NTM4NjEwOTN9.kDwf657iYS2ld0h91NqLUOKQgxNObjaV3JJ4hEqSu4I
01:59:24.452 [http-nio-8080-exec-9] DEBUG com.REACT.backend.Jwt.JwtUtils - Signing key generated from jwtSecret
01:59:24.452 [http-nio-8080-exec-9] DEBUG com.REACT.backend.Jwt.JwtUtils - JWT token is valid.
01:59:24.452 [http-nio-8080-exec-9] DEBUG com.REACT.backend.Jwt.JwtUtils - Signing key generated from jwtSecret
01:59:24.452 [http-nio-8080-exec-9] DEBUG com.REACT.backend.Jwt.JwtUtils - Extracted email from JWT: rati@gmail.com
01:59:24.452 [http-nio-8080-exec-9] DEBUG c.REACT.backend.Jwt.AuthTokenFilter - Decoded user email from token: rati@gmail.com
01:59:24.491 [http-nio-8080-exec-9] ERROR c.REACT.backend.Jwt.AuthTokenFilter - Cannot set user authentication: JDBC exception executing SQL [select a1_0.user_id,a1_0.government_id,a1_0.phone_number,a1_0.role,a1_0.security_answer,a1_0.security_question,a1_0.user_email,a1_0.user_full_name,a1_0.user_password,a1_0.verified from app_user a1_0 where a1_0.user_email=?] [ERROR: current transaction is aborted, commands ignored until end of transaction block] [n/a]
org.springframework.orm.jpa.JpaSystemException: JDBC exception executing SQL [select a1_0.user_id,a1_0.government_id,a1_0.phone_number,a1_0.role,a1_0.security_answer,a1_0.security_question,a1_0.user_email,a1_0.user_full_name,a1_0.user_password,a1_0.verified from app_user a1_0 where a1_0.user_email=?] [ERROR: current transaction is aborted, commands ignored until end of transaction block] [n/a]
	at org.springframework.orm.jpa.vendor.HibernateJpaDialect.convertHibernateAccessException(HibernateJpaDialect.java:320)
	at org.springframework.orm.jpa.vendor.HibernateJpaDialect.translateExceptionIfPossible(HibernateJpaDialect.java:229)
	at org.springframework.orm.jpa.AbstractEntityManagerFactoryBean.translateExceptionIfPossible(AbstractEntityManagerFactoryBean.java:550)
	at org.springframework.dao.support.ChainedPersistenceExceptionTranslator.translateExceptionIfPossible(ChainedPersistenceExceptionTranslator.java:61)
	at org.springframework.dao.support.DataAccessUtils.translateIfNecessary(DataAccessUtils.java:243)
	at org.springframework.dao.support.PersistenceExceptionTranslationInterceptor.invoke(PersistenceExceptionTranslationInterceptor.java:152)
	at org.springframework.aop.framework.ReflectiveMethodInvocation.proceed(ReflectiveMethodInvocation.java:184)
	at org.springframework.data.jpa.repository.support.CrudMethodMetadataPostProcessor$CrudMethodMetadataPopulatingMethodInterceptor.invoke(CrudMethodMetadataPostProcessor.java:135)
	at org.springframework.aop.framework.ReflectiveMethodInvocation.proceed(ReflectiveMethodInvocation.java:184)
	at org.springframework.aop.interceptor.ExposeInvocationInterceptor.invoke(ExposeInvocationInterceptor.java:97)
	at org.springframework.aop.framework.ReflectiveMethodInvocation.proceed(ReflectiveMethodInvocation.java:184)
	at org.springframework.aop.framework.JdkDynamicAopProxy.invoke(JdkDynamicAopProxy.java:244)
	at jdk.proxy2/jdk.proxy2.$Proxy133.findByUserEmail(Unknown Source)
	at com.REACT.backend.Jwt.AuthTokenFilter.doFilterInternal(AuthTokenFilter.java:48)
	at org.springframework.web.filter.OncePerRequestFilter.doFilter(OncePerRequestFilter.java:116)
	at org.springframework.security.web.FilterChainProxy$VirtualFilterChain.doFilter(FilterChainProxy.java:374)
	at org.springframework.security.web.authentication.logout.LogoutFilter.doFilter(LogoutFilter.java:107)
	at org.springframework.security.web.authentication.logout.LogoutFilter.doFilter(LogoutFilter.java:93)
	at org.springframework.security.web.FilterChainProxy$VirtualFilterChain.doFilter(FilterChainProxy.java:374)
	at org.springframework.web.filter.CorsFilter.doFilterInternal(CorsFilter.java:91)
	at org.springframework.web.filter.OncePerRequestFilter.doFilter(OncePerRequestFilter.java:116)
	at org.springframework.security.web.FilterChainProxy$VirtualFilterChain.doFilter(FilterChainProxy.java:374)
	at org.springframework.security.web.header.HeaderWriterFilter.doHeadersAfter(HeaderWriterFilter.java:90)
	at org.springframework.security.web.header.HeaderWriterFilter.doFilterInternal(HeaderWriterFilter.java:75)
	at org.springframework.web.filter.OncePerRequestFilter.doFilter(OncePerRequestFilter.java:116)
	at org.springframework.security.web.FilterChainProxy$VirtualFilterChain.doFilter(FilterChainProxy.java:374)
	at org.springframework.security.web.context.SecurityContextHolderFilter.doFilter(SecurityContextHolderFilter.java:82)
	at org.springframework.security.web.context.SecurityContextHolderFilter.doFilter(SecurityContextHolderFilter.java:69)
	at org.springframework.security.web.FilterChainProxy$VirtualFilterChain.doFilter(FilterChainProxy.java:374)
	at org.springframework.security.web.context.request.async.WebAsyncManagerIntegrationFilter.doFilterInternal(WebAsyncManagerIntegrationFilter.java:62)
	at org.springframework.web.filter.OncePerRequestFilter.doFilter(OncePerRequestFilter.java:116)
	at org.springframework.security.web.FilterChainProxy$VirtualFilterChain.doFilter(FilterChainProxy.java:374)
	at org.springframework.security.web.session.DisableEncodeUrlFilter.doFilterInternal(DisableEncodeUrlFilter.java:42)
	at org.springframework.web.filter.OncePerRequestFilter.doFilter(OncePerRequestFilter.java:116)
	at org.springframework.security.web.FilterChainProxy$VirtualFilterChain.doFilter(FilterChainProxy.java:374)
	at org.springframework.security.web.FilterChainProxy.doFilterInternal(FilterChainProxy.java:233)
	at org.springframework.security.web.FilterChainProxy.doFilter(FilterChainProxy.java:191)
	at org.springframework.web.filter.DelegatingFilterProxy.invokeDelegate(DelegatingFilterProxy.java:352)
	at org.springframework.web.filter.DelegatingFilterProxy.doFilter(DelegatingFilterProxy.java:268)
	at org.apache.catalina.core.ApplicationFilterChain.internalDoFilter(ApplicationFilterChain.java:174)
	at org.apache.catalina.core.ApplicationFilterChain.doFilter(ApplicationFilterChain.java:149)
	at org.springframework.web.filter.RequestContextFilter.doFilterInternal(RequestContextFilter.java:100)
	at org.springframework.web.filter.OncePerRequestFilter.doFilter(OncePerRequestFilter.java:116)
	at org.apache.catalina.core.ApplicationFilterChain.internalDoFilter(ApplicationFilterChain.java:174)
	at org.apache.catalina.core.ApplicationFilterChain.doFilter(ApplicationFilterChain.java:149)
	at org.springframework.web.filter.FormContentFilter.doFilterInternal(FormContentFilter.java:93)
	at org.springframework.web.filter.OncePerRequestFilter.doFilter(OncePerRequestFilter.java:116)
	at org.apache.catalina.core.ApplicationFilterChain.internalDoFilter(ApplicationFilterChain.java:174)
	at org.apache.catalina.core.ApplicationFilterChain.doFilter(ApplicationFilterChain.java:149)
	at org.springframework.web.filter.CharacterEncodingFilter.doFilterInternal(CharacterEncodingFilter.java:201)
	at org.springframework.web.filter.OncePerRequestFilter.doFilter(OncePerRequestFilter.java:116)
	at org.apache.catalina.core.ApplicationFilterChain.internalDoFilter(ApplicationFilterChain.java:174)
	at org.apache.catalina.core.ApplicationFilterChain.doFilter(ApplicationFilterChain.java:149)
	at org.apache.catalina.core.StandardWrapperValve.invoke(StandardWrapperValve.java:167)
	at org.apache.catalina.core.StandardContextValve.invoke(StandardContextValve.java:90)
	at org.apache.catalina.authenticator.AuthenticatorBase.invoke(AuthenticatorBase.java:482)
	at org.apache.catalina.core.StandardHostValve.invoke(StandardHostValve.java:115)
	at org.apache.catalina.valves.ErrorReportValve.invoke(ErrorReportValve.java:93)
	at org.apache.catalina.core.StandardEngineValve.invoke(StandardEngineValve.java:74)
	at org.apache.catalina.connector.CoyoteAdapter.service(CoyoteAdapter.java:340)
	at org.apache.coyote.http11.Http11Processor.service(Http11Processor.java:391)
	at org.apache.coyote.AbstractProcessorLight.process(AbstractProcessorLight.java:63)
	at org.apache.coyote.AbstractProtocol$ConnectionHandler.process(AbstractProtocol.java:896)
	at org.apache.tomcat.util.net.NioEndpoint$SocketProcessor.doRun(NioEndpoint.java:1744)
	at org.apache.tomcat.util.net.SocketProcessorBase.run(SocketProcessorBase.java:52)
	at org.apache.tomcat.util.threads.ThreadPoolExecutor.runWorker(ThreadPoolExecutor.java:1191)
	at org.apache.tomcat.util.threads.ThreadPoolExecutor$Worker.run(ThreadPoolExecutor.java:659)
	at org.apache.tomcat.util.threads.TaskThread$WrappingRunnable.run(TaskThread.java:61)
	at java.base/java.lang.Thread.run(Thread.java:842)
Caused by: org.hibernate.exception.GenericJDBCException: JDBC exception executing SQL [select a1_0.user_id,a1_0.government_id,a1_0.phone_number,a1_0.role,a1_0.security_answer,a1_0.security_question,a1_0.user_email,a1_0.user_full_name,a1_0.user_password,a1_0.verified from app_user a1_0 where a1_0.user_email=?] [ERROR: current transaction is aborted, commands ignored until end of transaction block] [n/a]
	at org.hibernate.exception.internal.StandardSQLExceptionConverter.convert(StandardSQLExceptionConverter.java:61)
	at org.hibernate.engine.jdbc.spi.SqlExceptionHelper.convert(SqlExceptionHelper.java:108)
	at org.hibernate.engine.jdbc.spi.SqlExceptionHelper.convert(SqlExceptionHelper.java:94)
	at org.hibernate.sql.results.jdbc.internal.DeferredResultSetAccess.executeQuery(DeferredResultSetAccess.java:257)
	at org.hibernate.sql.results.jdbc.internal.DeferredResultSetAccess.getResultSet(DeferredResultSetAccess.java:163)
	at org.hibernate.sql.results.jdbc.internal.JdbcValuesResultSetImpl.advanceNext(JdbcValuesResultSetImpl.java:254)
	at org.hibernate.sql.results.jdbc.internal.JdbcValuesResultSetImpl.processNext(JdbcValuesResultSetImpl.java:134)
	at org.hibernate.sql.results.jdbc.internal.AbstractJdbcValues.next(AbstractJdbcValues.java:19)
	at org.hibernate.sql.results.internal.RowProcessingStateStandardImpl.next(RowProcessingStateStandardImpl.java:66)
	at org.hibernate.sql.results.spi.ListResultsConsumer.consume(ListResultsConsumer.java:198)
	at org.hibernate.sql.results.spi.ListResultsConsumer.consume(ListResultsConsumer.java:33)
	at org.hibernate.sql.exec.internal.JdbcSelectExecutorStandardImpl.doExecuteQuery(JdbcSelectExecutorStandardImpl.java:361)
	at org.hibernate.sql.exec.internal.JdbcSelectExecutorStandardImpl.executeQuery(JdbcSelectExecutorStandardImpl.java:168)
	at org.hibernate.sql.exec.internal.JdbcSelectExecutorStandardImpl.list(JdbcSelectExecutorStandardImpl.java:93)
	at org.hibernate.sql.exec.spi.JdbcSelectExecutor.list(JdbcSelectExecutor.java:31)
	at org.hibernate.query.sqm.internal.ConcreteSqmSelectQueryPlan.lambda$new$0(ConcreteSqmSelectQueryPlan.java:110)
	at org.hibernate.query.sqm.internal.ConcreteSqmSelectQueryPlan.withCacheableSqmInterpretation(ConcreteSqmSelectQueryPlan.java:303)
	at org.hibernate.query.sqm.internal.ConcreteSqmSelectQueryPlan.performList(ConcreteSqmSelectQueryPlan.java:244)
	at org.hibernate.query.sqm.internal.QuerySqmImpl.doList(QuerySqmImpl.java:518)
	at org.hibernate.query.spi.AbstractSelectionQuery.list(AbstractSelectionQuery.java:367)
	at org.hibernate.query.spi.AbstractSelectionQuery.getSingleResult(AbstractSelectionQuery.java:473)
	at java.base/jdk.internal.reflect.NativeMethodAccessorImpl.invoke0(Native Method)
	at java.base/jdk.internal.reflect.NativeMethodAccessorImpl.invoke(NativeMethodAccessorImpl.java:77)
	at java.base/jdk.internal.reflect.DelegatingMethodAccessorImpl.invoke(DelegatingMethodAccessorImpl.java:43)
	at java.base/java.lang.reflect.Method.invoke(Method.java:568)
	at org.springframework.orm.jpa.SharedEntityManagerCreator$DeferredQueryInvocationHandler.invoke(SharedEntityManagerCreator.java:405)
	at jdk.proxy2/jdk.proxy2.$Proxy175.getSingleResult(Unknown Source)
	at org.springframework.data.jpa.repository.query.JpaQueryExecution$SingleEntityExecution.doExecute(JpaQueryExecution.java:223)
	at org.springframework.data.jpa.repository.query.JpaQueryExecution.execute(JpaQueryExecution.java:92)
	at org.springframework.data.jpa.repository.query.AbstractJpaQuery.doExecute(AbstractJpaQuery.java:149)
	at org.springframework.data.jpa.repository.query.AbstractJpaQuery.execute(AbstractJpaQuery.java:137)
	at org.springframework.data.repository.core.support.RepositoryMethodInvoker.doInvoke(RepositoryMethodInvoker.java:136)
	at org.springframework.data.repository.core.support.RepositoryMethodInvoker.invoke(RepositoryMethodInvoker.java:120)
	at org.springframework.data.repository.core.support.QueryExecutorMethodInterceptor.doInvoke(QueryExecutorMethodInterceptor.java:164)
	at org.springframework.data.repository.core.support.QueryExecutorMethodInterceptor.invoke(QueryExecutorMethodInterceptor.java:143)
	at org.springframework.aop.framework.ReflectiveMethodInvocation.proceed(ReflectiveMethodInvocation.java:184)
	at org.springframework.data.projection.DefaultMethodInvokingMethodInterceptor.invoke(DefaultMethodInvokingMethodInterceptor.java:72)
	at org.springframework.aop.framework.ReflectiveMethodInvocation.proceed(ReflectiveMethodInvocation.java:184)
	at org.springframework.transaction.interceptor.TransactionInterceptor$1.proceedWithInvocation(TransactionInterceptor.java:123)
	at org.springframework.transaction.interceptor.TransactionAspectSupport.invokeWithinTransaction(TransactionAspectSupport.java:391)
	at org.springframework.transaction.interceptor.TransactionInterceptor.invoke(TransactionInterceptor.java:119)
	at org.springframework.aop.framework.ReflectiveMethodInvocation.proceed(ReflectiveMethodInvocation.java:184)
	at org.springframework.dao.support.PersistenceExceptionTranslationInterceptor.invoke(PersistenceExceptionTranslationInterceptor.java:137)
	... 63 common frames omitted
Caused by: org.postgresql.util.PSQLException: ERROR: current transaction is aborted, commands ignored until end of transaction block
	at org.postgresql.core.v3.QueryExecutorImpl.receiveErrorResponse(QueryExecutorImpl.java:2713)
	at org.postgresql.core.v3.QueryExecutorImpl.processResults(QueryExecutorImpl.java:2401)
	at org.postgresql.core.v3.QueryExecutorImpl.execute(QueryExecutorImpl.java:368)
	at org.postgresql.jdbc.PgStatement.executeInternal(PgStatement.java:498)
	at org.postgresql.jdbc.PgStatement.execute(PgStatement.java:415)
	at org.postgresql.jdbc.PgPreparedStatement.executeWithFlags(PgPreparedStatement.java:190)
	at org.postgresql.jdbc.PgPreparedStatement.executeQuery(PgPreparedStatement.java:134)
	at com.zaxxer.hikari.pool.ProxyPreparedStatement.executeQuery(ProxyPreparedStatement.java:52)
	at com.zaxxer.hikari.pool.HikariProxyPreparedStatement.executeQuery(HikariProxyPreparedStatement.java)
	at org.hibernate.sql.results.jdbc.internal.DeferredResultSetAccess.executeQuery(DeferredResultSetAccess.java:239)
	... 102 common frames omitted
Caused by: org.postgresql.util.PSQLException: ERROR: prepared statement "S_1" already exists
	at org.postgresql.core.v3.QueryExecutorImpl.receiveErrorResponse(QueryExecutorImpl.java:2713)
	at org.postgresql.core.v3.QueryExecutorImpl.processResults(QueryExecutorImpl.java:2401)
	at org.postgresql.core.v3.QueryExecutorImpl.execute(QueryExecutorImpl.java:368)
	at org.postgresql.jdbc.PgStatement.executeInternal(PgStatement.java:498)
	at org.postgresql.jdbc.PgStatement.execute(PgStatement.java:415)
	at org.postgresql.jdbc.PgPreparedStatement.executeWithFlags(PgPreparedStatement.java:190)
	at org.postgresql.jdbc.PgPreparedStatement.executeQuery(PgPreparedStatement.java:134)
	at com.zaxxer.hikari.pool.ProxyPreparedStatement.executeQuery(ProxyPreparedStatement.java:52)
	at com.zaxxer.hikari.pool.HikariProxyPreparedStatement.executeQuery(HikariProxyPreparedStatement.java)
	at org.hibernate.sql.results.jdbc.internal.DeferredResultSetAccess.executeQuery(DeferredResultSetAccess.java:239)
	at org.hibernate.sql.results.jdbc.internal.DeferredResultSetAccess.getResultSet(DeferredResultSetAccess.java:163)
	at org.hibernate.sql.results.jdbc.internal.AbstractResultSetAccess.getMetaData(AbstractResultSetAccess.java:36)
	at org.hibernate.sql.results.jdbc.internal.AbstractResultSetAccess.getColumnCount(AbstractResultSetAccess.java:52)
	at org.hibernate.query.results.ResultSetMappingImpl.resolve(ResultSetMappingImpl.java:193)
	at org.hibernate.sql.exec.internal.JdbcSelectExecutorStandardImpl.resolveJdbcValuesSource(JdbcSelectExecutorStandardImpl.java:477)
	at org.hibernate.sql.exec.internal.JdbcSelectExecutorStandardImpl.doExecuteQuery(JdbcSelectExecutorStandardImpl.java:267)
	at org.hibernate.sql.exec.internal.JdbcSelectExecutorStandardImpl.executeQuery(JdbcSelectExecutorStandardImpl.java:168)
	at org.hibernate.sql.exec.internal.JdbcSelectExecutorStandardImpl.list(JdbcSelectExecutorStandardImpl.java:93)
	at org.hibernate.sql.exec.spi.JdbcSelectExecutor.list(JdbcSelectExecutor.java:31)
	at org.hibernate.query.sql.internal.NativeSelectQueryPlanImpl.performList(NativeSelectQueryPlanImpl.java:97)
	at org.hibernate.query.sql.internal.NativeQueryImpl.doList(NativeQueryImpl.java:626)
	at org.hibernate.query.spi.AbstractSelectionQuery.list(AbstractSelectionQuery.java:367)
	at org.hibernate.query.Query.getResultList(Query.java:119)
	at org.springframework.data.jpa.repository.query.JpaQueryExecution$CollectionExecution.doExecute(JpaQueryExecution.java:129)
	at org.springframework.data.jpa.repository.query.JpaQueryExecution.execute(JpaQueryExecution.java:92)
	at org.springframework.data.jpa.repository.query.AbstractJpaQuery.doExecute(AbstractJpaQuery.java:149)
	at org.springframework.data.jpa.repository.query.AbstractJpaQuery.execute(AbstractJpaQuery.java:137)
	at org.springframework.data.repository.core.support.RepositoryMethodInvoker.doInvoke(RepositoryMethodInvoker.java:136)
	at org.springframework.data.repository.core.support.RepositoryMethodInvoker.invoke(RepositoryMethodInvoker.java:120)
	at org.springframework.data.repository.core.support.QueryExecutorMethodInterceptor.doInvoke(QueryExecutorMethodInterceptor.java:164)
	at org.springframework.data.repository.core.support.QueryExecutorMethodInterceptor.invoke(QueryExecutorMethodInterceptor.java:143)
	at org.springframework.aop.framework.ReflectiveMethodInvocation.proceed(ReflectiveMethodInvocation.java:184)
	at org.springframework.data.projection.DefaultMethodInvokingMethodInterceptor.invoke(DefaultMethodInvokingMethodInterceptor.java:72)
	at org.springframework.aop.framework.ReflectiveMethodInvocation.proceed(ReflectiveMethodInvocation.java:184)
	at org.springframework.transaction.interceptor.TransactionInterceptor$1.proceedWithInvocation(TransactionInterceptor.java:123)
	at org.springframework.transaction.interceptor.TransactionAspectSupport.invokeWithinTransaction(TransactionAspectSupport.java:391)
	at org.springframework.transaction.interceptor.TransactionInterceptor.invoke(TransactionInterceptor.java:119)
	at org.springframework.aop.framework.ReflectiveMethodInvocation.proceed(ReflectiveMethodInvocation.java:184)
	at org.springframework.dao.support.PersistenceExceptionTranslationInterceptor.invoke(PersistenceExceptionTranslationInterceptor.java:137)
	at org.springframework.aop.framework.ReflectiveMethodInvocation.proceed(ReflectiveMethodInvocation.java:184)
	at org.springframework.data.jpa.repository.support.CrudMethodMetadataPostProcessor$CrudMethodMetadataPopulatingMethodInterceptor.invoke(CrudMethodMetadataPostProcessor.java:135)
	at org.springframework.aop.framework.ReflectiveMethodInvocation.proceed(ReflectiveMethodInvocation.java:184)
	at org.springframework.aop.interceptor.ExposeInvocationInterceptor.invoke(ExposeInvocationInterceptor.java:97)
	at org.springframework.aop.framework.ReflectiveMethodInvocation.proceed(ReflectiveMethodInvocation.java:184)
	at org.springframework.aop.framework.JdkDynamicAopProxy.invoke(JdkDynamicAopProxy.java:244)
	at jdk.proxy2/jdk.proxy2.$Proxy141.findAvailableWithinRadius(Unknown Source)
	at com.REACT.backend.booking.service.BookingServiceImpl.findNearestAmbulances(BookingServiceImpl.java:252)
	at com.REACT.backend.booking.service.BookingServiceImpl.createBooking(BookingServiceImpl.java:72)
	at java.base/jdk.internal.reflect.NativeMethodAccessorImpl.invoke0(Native Method)
	at java.base/jdk.internal.reflect.NativeMethodAccessorImpl.invoke(NativeMethodAccessorImpl.java:77)
	at java.base/jdk.internal.reflect.DelegatingMethodAccessorImpl.invoke(DelegatingMethodAccessorImpl.java:43)
	at java.base/java.lang.reflect.Method.invoke(Method.java:568)
	at org.springframework.aop.support.AopUtils.invokeJoinpointUsingReflection(AopUtils.java:343)
	at org.springframework.aop.framework.ReflectiveMethodInvocation.invokeJoinpoint(ReflectiveMethodInvocation.java:196)
	at org.springframework.aop.framework.ReflectiveMethodInvocation.proceed(ReflectiveMethodInvocation.java:163)
	at org.springframework.aop.framework.CglibAopProxy$CglibMethodInvocation.proceed(CglibAopProxy.java:751)
	at org.springframework.transaction.interceptor.TransactionInterceptor$1.proceedWithInvocation(TransactionInterceptor.java:123)
	at org.springframework.transaction.interceptor.TransactionAspectSupport.invokeWithinTransaction(TransactionAspectSupport.java:391)
	at org.springframework.transaction.interceptor.TransactionInterceptor.invoke(TransactionInterceptor.java:119)
	at org.springframework.aop.framework.ReflectiveMethodInvocation.proceed(ReflectiveMethodInvocation.java:184)
	at org.springframework.aop.framework.CglibAopProxy$CglibMethodInvocation.proceed(CglibAopProxy.java:751)
	at org.springframework.aop.framework.CglibAopProxy$DynamicAdvisedInterceptor.intercept(CglibAopProxy.java:703)
	at com.REACT.backend.booking.service.BookingServiceImpl$$SpringCGLIB$$0.createBooking(<generated>)
	at com.REACT.backend.booking.controller.BookingController.handleBooking(BookingController.java:34)
	at java.base/jdk.internal.reflect.NativeMethodAccessorImpl.invoke0(Native Method)
	at java.base/jdk.internal.reflect.NativeMethodAccessorImpl.invoke(NativeMethodAccessorImpl.java:77)
	at java.base/jdk.internal.reflect.DelegatingMethodAccessorImpl.invoke(DelegatingMethodAccessorImpl.java:43)
	at java.base/java.lang.reflect.Method.invoke(Method.java:568)
	at org.springframework.web.method.support.InvocableHandlerMethod.doInvoke(InvocableHandlerMethod.java:205)
	at org.springframework.web.method.support.InvocableHandlerMethod.invokeForRequest(InvocableHandlerMethod.java:150)
	at org.springframework.web.servlet.mvc.method.annotation.ServletInvocableHandlerMethod.invokeAndHandle(ServletInvocableHandlerMethod.java:118)
	at org.springframework.web.servlet.mvc.method.annotation.RequestMappingHandlerAdapter.invokeHandlerMethod(RequestMappingHandlerAdapter.java:884)
	at org.springframework.web.servlet.mvc.method.annotation.RequestMappingHandlerAdapter.handleInternal(RequestMappingHandlerAdapter.java:797)
	at org.springframework.web.servlet.mvc.method.AbstractHandlerMethodAdapter.handle(AbstractHandlerMethodAdapter.java:87)
	at org.springframework.web.servlet.DispatcherServlet.doDispatch(DispatcherServlet.java:1081)
	at org.springframework.web.servlet.DispatcherServlet.doService(DispatcherServlet.java:974)
	at org.springframework.web.servlet.FrameworkServlet.processRequest(FrameworkServlet.java:1011)
	at org.springframework.web.servlet.FrameworkServlet.doPost(FrameworkServlet.java:914)
	at jakarta.servlet.http.HttpServlet.service(HttpServlet.java:590)
	at org.springframework.web.servlet.FrameworkServlet.service(FrameworkServlet.java:885)
	at jakarta.servlet.http.HttpServlet.service(HttpServlet.java:658)
	at org.apache.catalina.core.ApplicationFilterChain.internalDoFilter(ApplicationFilterChain.java:205)
	at org.apache.catalina.core.ApplicationFilterChain.doFilter(ApplicationFilterChain.java:149)
	at org.apache.tomcat.websocket.server.WsFilter.doFilter(WsFilter.java:51)
	at org.apache.catalina.core.ApplicationFilterChain.internalDoFilter(ApplicationFilterChain.java:174)
	at org.apache.catalina.core.ApplicationFilterChain.doFilter(ApplicationFilterChain.java:149)
	at org.springframework.web.filter.OncePerRequestFilter.doFilter(OncePerRequestFilter.java:110)
	at org.apache.catalina.core.ApplicationFilterChain.internalDoFilter(ApplicationFilterChain.java:174)
	at org.apache.catalina.core.ApplicationFilterChain.doFilter(ApplicationFilterChain.java:149)
	at org.springframework.security.web.FilterChainProxy.lambda$doFilterInternal$3(FilterChainProxy.java:231)
	at org.springframework.security.web.FilterChainProxy$VirtualFilterChain.doFilter(FilterChainProxy.java:365)
	at org.springframework.security.web.access.intercept.AuthorizationFilter.doFilter(AuthorizationFilter.java:100)
	at org.springframework.security.web.FilterChainProxy$VirtualFilterChain.doFilter(FilterChainProxy.java:374)
	at org.springframework.security.web.access.ExceptionTranslationFilter.doFilter(ExceptionTranslationFilter.java:126)
	at org.springframework.security.web.access.ExceptionTranslationFilter.doFilter(ExceptionTranslationFilter.java:120)
	at org.springframework.security.web.FilterChainProxy$VirtualFilterChain.doFilter(FilterChainProxy.java:374)
	at org.springframework.security.web.session.SessionManagementFilter.doFilter(SessionManagementFilter.java:131)
	at org.springframework.security.web.session.SessionManagementFilter.doFilter(SessionManagementFilter.java:85)
	at org.springframework.security.web.FilterChainProxy$VirtualFilterChain.doFilter(FilterChainProxy.java:374)
	at org.springframework.security.web.authentication.AnonymousAuthenticationFilter.doFilter(AnonymousAuthenticationFilter.java:100)
	at org.springframework.security.web.FilterChainProxy$VirtualFilterChain.doFilter(FilterChainProxy.java:374)
	at org.springframework.security.web.servletapi.SecurityContextHolderAwareRequestFilter.doFilter(SecurityContextHolderAwareRequestFilter.java:179)
	at org.springframework.security.web.FilterChainProxy$VirtualFilterChain.doFilter(FilterChainProxy.java:374)
	at org.springframework.security.web.savedrequest.RequestCacheAwareFilter.doFilter(RequestCacheAwareFilter.java:63)
	at org.springframework.security.web.FilterChainProxy$VirtualFilterChain.doFilter(FilterChainProxy.java:374)
	at com.REACT.backend.Jwt.AuthTokenFilter.doFilterInternal(AuthTokenFilter.java:77)
	... 55 common frames omitted
01:59:24.491 [http-nio-8080-exec-9] WARN  c.R.backend.Jwt.AuthEntryPointJWT - Missing or invalid JWT: Full authentication is required to access this resource
01:59:35.980 [http-nio-8080-exec-2] INFO  com.REACT.backend.Jwt.JwtUtils - Authorization Header: null
01:59:35.980 [http-nio-8080-exec-2] WARN  com.REACT.backend.Jwt.JwtUtils - Authorization header is missing or does not start with 'Bearer '
01:59:35.980 [http-nio-8080-exec-2] DEBUG c.REACT.backend.Jwt.AuthTokenFilter - Token received from header: null
01:59:35.980 [http-nio-8080-exec-2] WARN  c.REACT.backend.Jwt.AuthTokenFilter - Invalid or missing JWT token.
01:59:38.267 [http-nio-8080-exec-4] INFO  com.REACT.backend.Jwt.JwtUtils - Authorization Header: null
01:59:38.268 [http-nio-8080-exec-4] WARN  com.REACT.backend.Jwt.JwtUtils - Authorization header is missing or does not start with 'Bearer '
01:59:38.268 [http-nio-8080-exec-4] DEBUG c.REACT.backend.Jwt.AuthTokenFilter - Token received from header: null
01:59:38.268 [http-nio-8080-exec-4] WARN  c.REACT.backend.Jwt.AuthTokenFilter - Invalid or missing JWT token.
01:59:38.489 [http-nio-8080-exec-4] DEBUG com.REACT.backend.Jwt.JwtUtils - Signing key generated from jwtSecret
01:59:38.489 [http-nio-8080-exec-4] DEBUG com.REACT.backend.Jwt.JwtUtils - Generated JWT for user rati@gmail.com: eyJhbGciOiJIUzI1NiJ9.eyJzdWIiOiJyYXRpQGdtYWlsLmNvbSIsInVzZXJJZCI6NTEsInJvbGUiOiJVU0VSIiwiaWF0IjoxNzUzNTYxNzc4LCJleHAiOjE3NTM4NjE3Nzh9.k2MTimV6yKCp76eSRVJZOxXv0qoJH7_i4AxFqgjem-8
01:59:50.829 [http-nio-8080-exec-5] INFO  com.REACT.backend.Jwt.JwtUtils - Authorization Header: Bearer eyJhbGciOiJIUzI1NiJ9.eyJzdWIiOiJyYXRpQGdtYWlsLmNvbSIsInVzZXJJZCI6NTEsInJvbGUiOiJVU0VSIiwiaWF0IjoxNzUzNTYxNzc4LCJleHAiOjE3NTM4NjE3Nzh9.k2MTimV6yKCp76eSRVJZOxXv0qoJH7_i4AxFqgjem-8
01:59:50.832 [http-nio-8080-exec-5] INFO  com.REACT.backend.Jwt.JwtUtils - Extracted JWT token: eyJhbGciOiJIUzI1NiJ9.eyJzdWIiOiJyYXRpQGdtYWlsLmNvbSIsInVzZXJJZCI6NTEsInJvbGUiOiJVU0VSIiwiaWF0IjoxNzUzNTYxNzc4LCJleHAiOjE3NTM4NjE3Nzh9.k2MTimV6yKCp76eSRVJZOxXv0qoJH7_i4AxFqgjem-8
01:59:50.832 [http-nio-8080-exec-5] DEBUG c.REACT.backend.Jwt.AuthTokenFilter - Token received from header: eyJhbGciOiJIUzI1NiJ9.eyJzdWIiOiJyYXRpQGdtYWlsLmNvbSIsInVzZXJJZCI6NTEsInJvbGUiOiJVU0VSIiwiaWF0IjoxNzUzNTYxNzc4LCJleHAiOjE3NTM4NjE3Nzh9.k2MTimV6yKCp76eSRVJZOxXv0qoJH7_i4AxFqgjem-8
01:59:50.832 [http-nio-8080-exec-5] DEBUG com.REACT.backend.Jwt.JwtUtils - Validating JWT token: eyJhbGciOiJIUzI1NiJ9.eyJzdWIiOiJyYXRpQGdtYWlsLmNvbSIsInVzZXJJZCI6NTEsInJvbGUiOiJVU0VSIiwiaWF0IjoxNzUzNTYxNzc4LCJleHAiOjE3NTM4NjE3Nzh9.k2MTimV6yKCp76eSRVJZOxXv0qoJH7_i4AxFqgjem-8
01:59:50.832 [http-nio-8080-exec-5] DEBUG com.REACT.backend.Jwt.JwtUtils - Signing key generated from jwtSecret
01:59:50.832 [http-nio-8080-exec-5] DEBUG com.REACT.backend.Jwt.JwtUtils - JWT token is valid.
01:59:50.835 [http-nio-8080-exec-5] DEBUG com.REACT.backend.Jwt.JwtUtils - Signing key generated from jwtSecret
01:59:50.836 [http-nio-8080-exec-5] DEBUG com.REACT.backend.Jwt.JwtUtils - Extracted email from JWT: rati@gmail.com
01:59:50.837 [http-nio-8080-exec-5] DEBUG c.REACT.backend.Jwt.AuthTokenFilter - Decoded user email from token: rati@gmail.com
01:59:50.894 [http-nio-8080-exec-5] DEBUG c.REACT.backend.Jwt.AuthTokenFilter - User found in DB: rati@gmail.com
01:59:50.894 [http-nio-8080-exec-5] DEBUG c.REACT.backend.Jwt.AuthTokenFilter - Security context updated with user: rati@gmail.com
02:25:42.055 [http-nio-8080-exec-8] INFO  com.REACT.backend.Jwt.JwtUtils - Authorization Header: null
02:25:42.071 [http-nio-8080-exec-8] WARN  com.REACT.backend.Jwt.JwtUtils - Authorization header is missing or does not start with 'Bearer '
02:25:42.071 [http-nio-8080-exec-8] DEBUG c.REACT.backend.Jwt.AuthTokenFilter - Token received from header: null
02:25:42.071 [http-nio-8080-exec-8] WARN  c.REACT.backend.Jwt.AuthTokenFilter - Invalid or missing JWT token.
02:25:42.320 [http-nio-8080-exec-8] DEBUG com.REACT.backend.Jwt.JwtUtils - Signing key generated from jwtSecret
02:25:42.320 [http-nio-8080-exec-8] DEBUG com.REACT.backend.Jwt.JwtUtils - Generated JWT for user rati@gmail.com: eyJhbGciOiJIUzI1NiJ9.eyJzdWIiOiJyYXRpQGdtYWlsLmNvbSIsInVzZXJJZCI6NTEsInJvbGUiOiJVU0VSIiwiaWF0IjoxNzUzNTYzMzQyLCJleHAiOjE3NTM4NjMzNDJ9.RmunICxuypfGcS0-WNXnqYl69orusmi6oKMnM1ThclU
02:28:01.183 [http-nio-8080-exec-1] INFO  com.REACT.backend.Jwt.JwtUtils - Authorization Header: null
02:28:01.189 [http-nio-8080-exec-1] WARN  com.REACT.backend.Jwt.JwtUtils - Authorization header is missing or does not start with 'Bearer '
02:28:01.189 [http-nio-8080-exec-1] DEBUG c.REACT.backend.Jwt.AuthTokenFilter - Token received from header: null
02:28:01.190 [http-nio-8080-exec-1] WARN  c.REACT.backend.Jwt.AuthTokenFilter - Invalid or missing JWT token.
02:28:01.389 [http-nio-8080-exec-1] DEBUG com.REACT.backend.Jwt.JwtUtils - Signing key generated from jwtSecret
02:28:01.397 [http-nio-8080-exec-1] DEBUG com.REACT.backend.Jwt.JwtUtils - Generated JWT for user rati@gmail.com: eyJhbGciOiJIUzI1NiJ9.eyJzdWIiOiJyYXRpQGdtYWlsLmNvbSIsInVzZXJJZCI6NTEsInJvbGUiOiJVU0VSIiwiaWF0IjoxNzUzNTYzNDgxLCJleHAiOjE3NTM4NjM0ODF9.tixUsYq1l9ItSaDqastjcsudzRMkMRAhbaGJLS3Xk_o
02:35:23.473 [http-nio-8080-exec-3] INFO  com.REACT.backend.Jwt.JwtUtils - Authorization Header: null
02:35:23.474 [http-nio-8080-exec-3] WARN  com.REACT.backend.Jwt.JwtUtils - Authorization header is missing or does not start with 'Bearer '
02:35:23.474 [http-nio-8080-exec-3] DEBUG c.REACT.backend.Jwt.AuthTokenFilter - Token received from header: null
02:35:23.474 [http-nio-8080-exec-3] WARN  c.REACT.backend.Jwt.AuthTokenFilter - Invalid or missing JWT token.
02:35:23.650 [http-nio-8080-exec-3] DEBUG com.REACT.backend.Jwt.JwtUtils - Signing key generated from jwtSecret
02:35:23.650 [http-nio-8080-exec-3] DEBUG com.REACT.backend.Jwt.JwtUtils - Generated JWT for user rati@gmail.com: eyJhbGciOiJIUzI1NiJ9.eyJzdWIiOiJyYXRpQGdtYWlsLmNvbSIsInVzZXJJZCI6NTEsInJvbGUiOiJVU0VSIiwiaWF0IjoxNzUzNTYzOTIzLCJleHAiOjE3NTM4NjM5MjN9.PMOUJD9CnPj9DlKIg2jnp4IVBcdsxCvu1IgBcWOb_uw
02:38:41.596 [http-nio-8080-exec-7] INFO  com.REACT.backend.Jwt.JwtUtils - Authorization Header: null
02:38:41.597 [http-nio-8080-exec-7] WARN  com.REACT.backend.Jwt.JwtUtils - Authorization header is missing or does not start with 'Bearer '
02:38:41.597 [http-nio-8080-exec-7] DEBUG c.REACT.backend.Jwt.AuthTokenFilter - Token received from header: null
02:38:41.597 [http-nio-8080-exec-7] WARN  c.REACT.backend.Jwt.AuthTokenFilter - Invalid or missing JWT token.
02:38:41.909 [http-nio-8080-exec-7] DEBUG com.REACT.backend.Jwt.JwtUtils - Signing key generated from jwtSecret
02:38:41.909 [http-nio-8080-exec-7] DEBUG com.REACT.backend.Jwt.JwtUtils - Generated JWT for user rati@gmail.com: eyJhbGciOiJIUzI1NiJ9.eyJzdWIiOiJyYXRpQGdtYWlsLmNvbSIsInVzZXJJZCI6NTEsInJvbGUiOiJVU0VSIiwiaWF0IjoxNzUzNTY0MTIxLCJleHAiOjE3NTM4NjQxMjF9.9DgbwckVGtfr2BrKo_UcaOxIolhNvOYY9N9PS9aWq3I
02:43:21.310 [http-nio-8080-exec-9] INFO  com.REACT.backend.Jwt.JwtUtils - Authorization Header: null
02:43:21.310 [http-nio-8080-exec-9] WARN  com.REACT.backend.Jwt.JwtUtils - Authorization header is missing or does not start with 'Bearer '
02:43:21.310 [http-nio-8080-exec-9] DEBUG c.REACT.backend.Jwt.AuthTokenFilter - Token received from header: null
02:43:21.310 [http-nio-8080-exec-9] WARN  c.REACT.backend.Jwt.AuthTokenFilter - Invalid or missing JWT token.
02:43:21.538 [http-nio-8080-exec-9] DEBUG com.REACT.backend.Jwt.JwtUtils - Signing key generated from jwtSecret
02:43:21.538 [http-nio-8080-exec-9] DEBUG com.REACT.backend.Jwt.JwtUtils - Generated JWT for user rati@gmail.com: eyJhbGciOiJIUzI1NiJ9.eyJzdWIiOiJyYXRpQGdtYWlsLmNvbSIsInVzZXJJZCI6NTEsInJvbGUiOiJVU0VSIiwiaWF0IjoxNzUzNTY0NDAxLCJleHAiOjE3NTM4NjQ0MDF9.bhpXyVKq7TMjqSvCX1XKPGawrUgFw6Z5hANe5hp4OB8
02:54:40.127 [http-nio-8080-exec-4] INFO  com.REACT.backend.Jwt.JwtUtils - Authorization Header: Bearer eyJhbGciOiJIUzI1NiJ9.eyJzdWIiOiJyYXRpQGdtYWlsLmNvbSIsInVzZXJJZCI6NTEsInJvbGUiOiJVU0VSIiwiaWF0IjoxNzUzNTY0NDAxLCJleHAiOjE3NTM4NjQ0MDF9.bhpXyVKq7TMjqSvCX1XKPGawrUgFw6Z5hANe5hp4OB8
02:54:40.127 [http-nio-8080-exec-4] INFO  com.REACT.backend.Jwt.JwtUtils - Extracted JWT token: eyJhbGciOiJIUzI1NiJ9.eyJzdWIiOiJyYXRpQGdtYWlsLmNvbSIsInVzZXJJZCI6NTEsInJvbGUiOiJVU0VSIiwiaWF0IjoxNzUzNTY0NDAxLCJleHAiOjE3NTM4NjQ0MDF9.bhpXyVKq7TMjqSvCX1XKPGawrUgFw6Z5hANe5hp4OB8
02:54:40.127 [http-nio-8080-exec-4] DEBUG c.REACT.backend.Jwt.AuthTokenFilter - Token received from header: eyJhbGciOiJIUzI1NiJ9.eyJzdWIiOiJyYXRpQGdtYWlsLmNvbSIsInVzZXJJZCI6NTEsInJvbGUiOiJVU0VSIiwiaWF0IjoxNzUzNTY0NDAxLCJleHAiOjE3NTM4NjQ0MDF9.bhpXyVKq7TMjqSvCX1XKPGawrUgFw6Z5hANe5hp4OB8
02:54:40.127 [http-nio-8080-exec-4] DEBUG com.REACT.backend.Jwt.JwtUtils - Validating JWT token: eyJhbGciOiJIUzI1NiJ9.eyJzdWIiOiJyYXRpQGdtYWlsLmNvbSIsInVzZXJJZCI6NTEsInJvbGUiOiJVU0VSIiwiaWF0IjoxNzUzNTY0NDAxLCJleHAiOjE3NTM4NjQ0MDF9.bhpXyVKq7TMjqSvCX1XKPGawrUgFw6Z5hANe5hp4OB8
02:54:40.127 [http-nio-8080-exec-4] DEBUG com.REACT.backend.Jwt.JwtUtils - Signing key generated from jwtSecret
02:54:40.141 [http-nio-8080-exec-4] DEBUG com.REACT.backend.Jwt.JwtUtils - JWT token is valid.
02:54:40.143 [http-nio-8080-exec-4] DEBUG com.REACT.backend.Jwt.JwtUtils - Signing key generated from jwtSecret
02:54:40.143 [http-nio-8080-exec-4] DEBUG com.REACT.backend.Jwt.JwtUtils - Extracted email from JWT: rati@gmail.com
02:54:40.143 [http-nio-8080-exec-4] DEBUG c.REACT.backend.Jwt.AuthTokenFilter - Decoded user email from token: rati@gmail.com
02:54:40.190 [http-nio-8080-exec-4] DEBUG c.REACT.backend.Jwt.AuthTokenFilter - User found in DB: rati@gmail.com
02:54:40.191 [http-nio-8080-exec-4] DEBUG c.REACT.backend.Jwt.AuthTokenFilter - Security context updated with user: rati@gmail.com
02:58:47.200 [http-nio-8080-exec-6] INFO  com.REACT.backend.Jwt.JwtUtils - Authorization Header: Bearer eyJhbGciOiJIUzI1NiJ9.eyJzdWIiOiJyYXRpQGdtYWlsLmNvbSIsInVzZXJJZCI6NTEsInJvbGUiOiJVU0VSIiwiaWF0IjoxNzUzNTY0NDAxLCJleHAiOjE3NTM4NjQ0MDF9.bhpXyVKq7TMjqSvCX1XKPGawrUgFw6Z5hANe5hp4OB8
02:58:47.202 [http-nio-8080-exec-6] INFO  com.REACT.backend.Jwt.JwtUtils - Extracted JWT token: eyJhbGciOiJIUzI1NiJ9.eyJzdWIiOiJyYXRpQGdtYWlsLmNvbSIsInVzZXJJZCI6NTEsInJvbGUiOiJVU0VSIiwiaWF0IjoxNzUzNTY0NDAxLCJleHAiOjE3NTM4NjQ0MDF9.bhpXyVKq7TMjqSvCX1XKPGawrUgFw6Z5hANe5hp4OB8
02:58:47.203 [http-nio-8080-exec-6] DEBUG c.REACT.backend.Jwt.AuthTokenFilter - Token received from header: eyJhbGciOiJIUzI1NiJ9.eyJzdWIiOiJyYXRpQGdtYWlsLmNvbSIsInVzZXJJZCI6NTEsInJvbGUiOiJVU0VSIiwiaWF0IjoxNzUzNTY0NDAxLCJleHAiOjE3NTM4NjQ0MDF9.bhpXyVKq7TMjqSvCX1XKPGawrUgFw6Z5hANe5hp4OB8
02:58:47.203 [http-nio-8080-exec-6] DEBUG com.REACT.backend.Jwt.JwtUtils - Validating JWT token: eyJhbGciOiJIUzI1NiJ9.eyJzdWIiOiJyYXRpQGdtYWlsLmNvbSIsInVzZXJJZCI6NTEsInJvbGUiOiJVU0VSIiwiaWF0IjoxNzUzNTY0NDAxLCJleHAiOjE3NTM4NjQ0MDF9.bhpXyVKq7TMjqSvCX1XKPGawrUgFw6Z5hANe5hp4OB8
02:58:47.204 [http-nio-8080-exec-6] DEBUG com.REACT.backend.Jwt.JwtUtils - Signing key generated from jwtSecret
02:58:47.209 [http-nio-8080-exec-6] DEBUG com.REACT.backend.Jwt.JwtUtils - JWT token is valid.
02:58:47.210 [http-nio-8080-exec-6] DEBUG com.REACT.backend.Jwt.JwtUtils - Signing key generated from jwtSecret
02:58:47.213 [http-nio-8080-exec-6] DEBUG com.REACT.backend.Jwt.JwtUtils - Extracted email from JWT: rati@gmail.com
02:58:47.213 [http-nio-8080-exec-6] DEBUG c.REACT.backend.Jwt.AuthTokenFilter - Decoded user email from token: rati@gmail.com
02:58:47.269 [http-nio-8080-exec-6] DEBUG c.REACT.backend.Jwt.AuthTokenFilter - User found in DB: rati@gmail.com
02:58:47.270 [http-nio-8080-exec-6] DEBUG c.REACT.backend.Jwt.AuthTokenFilter - Security context updated with user: rati@gmail.com
02:58:58.141 [http-nio-8080-exec-8] INFO  com.REACT.backend.Jwt.JwtUtils - Authorization Header: Bearer eyJhbGciOiJIUzI1NiJ9.eyJzdWIiOiJyYXRpQGdtYWlsLmNvbSIsInVzZXJJZCI6NTEsInJvbGUiOiJVU0VSIiwiaWF0IjoxNzUzNTY0NDAxLCJleHAiOjE3NTM4NjQ0MDF9.bhpXyVKq7TMjqSvCX1XKPGawrUgFw6Z5hANe5hp4OB8
02:58:58.141 [http-nio-8080-exec-8] INFO  com.REACT.backend.Jwt.JwtUtils - Extracted JWT token: eyJhbGciOiJIUzI1NiJ9.eyJzdWIiOiJyYXRpQGdtYWlsLmNvbSIsInVzZXJJZCI6NTEsInJvbGUiOiJVU0VSIiwiaWF0IjoxNzUzNTY0NDAxLCJleHAiOjE3NTM4NjQ0MDF9.bhpXyVKq7TMjqSvCX1XKPGawrUgFw6Z5hANe5hp4OB8
02:58:58.141 [http-nio-8080-exec-8] DEBUG c.REACT.backend.Jwt.AuthTokenFilter - Token received from header: eyJhbGciOiJIUzI1NiJ9.eyJzdWIiOiJyYXRpQGdtYWlsLmNvbSIsInVzZXJJZCI6NTEsInJvbGUiOiJVU0VSIiwiaWF0IjoxNzUzNTY0NDAxLCJleHAiOjE3NTM4NjQ0MDF9.bhpXyVKq7TMjqSvCX1XKPGawrUgFw6Z5hANe5hp4OB8
02:58:58.141 [http-nio-8080-exec-8] DEBUG com.REACT.backend.Jwt.JwtUtils - Validating JWT token: eyJhbGciOiJIUzI1NiJ9.eyJzdWIiOiJyYXRpQGdtYWlsLmNvbSIsInVzZXJJZCI6NTEsInJvbGUiOiJVU0VSIiwiaWF0IjoxNzUzNTY0NDAxLCJleHAiOjE3NTM4NjQ0MDF9.bhpXyVKq7TMjqSvCX1XKPGawrUgFw6Z5hANe5hp4OB8
02:58:58.141 [http-nio-8080-exec-8] DEBUG com.REACT.backend.Jwt.JwtUtils - Signing key generated from jwtSecret
02:58:58.143 [http-nio-8080-exec-8] DEBUG com.REACT.backend.Jwt.JwtUtils - JWT token is valid.
02:58:58.144 [http-nio-8080-exec-8] DEBUG com.REACT.backend.Jwt.JwtUtils - Signing key generated from jwtSecret
02:58:58.147 [http-nio-8080-exec-8] DEBUG com.REACT.backend.Jwt.JwtUtils - Extracted email from JWT: rati@gmail.com
02:58:58.147 [http-nio-8080-exec-8] DEBUG c.REACT.backend.Jwt.AuthTokenFilter - Decoded user email from token: rati@gmail.com
02:58:58.214 [http-nio-8080-exec-8] DEBUG c.REACT.backend.Jwt.AuthTokenFilter - User found in DB: rati@gmail.com
02:58:58.214 [http-nio-8080-exec-8] DEBUG c.REACT.backend.Jwt.AuthTokenFilter - Security context updated with user: rati@gmail.com
02:59:20.159 [http-nio-8080-exec-9] INFO  com.REACT.backend.Jwt.JwtUtils - Authorization Header: Bearer eyJhbGciOiJIUzI1NiJ9.eyJzdWIiOiJyYXRpQGdtYWlsLmNvbSIsInVzZXJJZCI6NTEsInJvbGUiOiJVU0VSIiwiaWF0IjoxNzUzNTY0NDAxLCJleHAiOjE3NTM4NjQ0MDF9.bhpXyVKq7TMjqSvCX1XKPGawrUgFw6Z5hANe5hp4OB8
02:59:20.160 [http-nio-8080-exec-9] INFO  com.REACT.backend.Jwt.JwtUtils - Extracted JWT token: eyJhbGciOiJIUzI1NiJ9.eyJzdWIiOiJyYXRpQGdtYWlsLmNvbSIsInVzZXJJZCI6NTEsInJvbGUiOiJVU0VSIiwiaWF0IjoxNzUzNTY0NDAxLCJleHAiOjE3NTM4NjQ0MDF9.bhpXyVKq7TMjqSvCX1XKPGawrUgFw6Z5hANe5hp4OB8
02:59:20.160 [http-nio-8080-exec-9] DEBUG c.REACT.backend.Jwt.AuthTokenFilter - Token received from header: eyJhbGciOiJIUzI1NiJ9.eyJzdWIiOiJyYXRpQGdtYWlsLmNvbSIsInVzZXJJZCI6NTEsInJvbGUiOiJVU0VSIiwiaWF0IjoxNzUzNTY0NDAxLCJleHAiOjE3NTM4NjQ0MDF9.bhpXyVKq7TMjqSvCX1XKPGawrUgFw6Z5hANe5hp4OB8
02:59:20.160 [http-nio-8080-exec-9] DEBUG com.REACT.backend.Jwt.JwtUtils - Validating JWT token: eyJhbGciOiJIUzI1NiJ9.eyJzdWIiOiJyYXRpQGdtYWlsLmNvbSIsInVzZXJJZCI6NTEsInJvbGUiOiJVU0VSIiwiaWF0IjoxNzUzNTY0NDAxLCJleHAiOjE3NTM4NjQ0MDF9.bhpXyVKq7TMjqSvCX1XKPGawrUgFw6Z5hANe5hp4OB8
02:59:20.161 [http-nio-8080-exec-9] DEBUG com.REACT.backend.Jwt.JwtUtils - Signing key generated from jwtSecret
02:59:20.167 [http-nio-8080-exec-9] DEBUG com.REACT.backend.Jwt.JwtUtils - JWT token is valid.
02:59:20.169 [http-nio-8080-exec-9] DEBUG com.REACT.backend.Jwt.JwtUtils - Signing key generated from jwtSecret
02:59:20.173 [http-nio-8080-exec-9] DEBUG com.REACT.backend.Jwt.JwtUtils - Extracted email from JWT: rati@gmail.com
02:59:20.173 [http-nio-8080-exec-9] DEBUG c.REACT.backend.Jwt.AuthTokenFilter - Decoded user email from token: rati@gmail.com
02:59:20.226 [http-nio-8080-exec-9] DEBUG c.REACT.backend.Jwt.AuthTokenFilter - User found in DB: rati@gmail.com
02:59:20.226 [http-nio-8080-exec-9] DEBUG c.REACT.backend.Jwt.AuthTokenFilter - Security context updated with user: rati@gmail.com
02:59:29.157 [http-nio-8080-exec-2] INFO  com.REACT.backend.Jwt.JwtUtils - Authorization Header: Bearer eyJhbGciOiJIUzI1NiJ9.eyJzdWIiOiJyYXRpQGdtYWlsLmNvbSIsInVzZXJJZCI6NTEsInJvbGUiOiJVU0VSIiwiaWF0IjoxNzUzNTY0NDAxLCJleHAiOjE3NTM4NjQ0MDF9.bhpXyVKq7TMjqSvCX1XKPGawrUgFw6Z5hANe5hp4OB8
02:59:29.158 [http-nio-8080-exec-2] INFO  com.REACT.backend.Jwt.JwtUtils - Extracted JWT token: eyJhbGciOiJIUzI1NiJ9.eyJzdWIiOiJyYXRpQGdtYWlsLmNvbSIsInVzZXJJZCI6NTEsInJvbGUiOiJVU0VSIiwiaWF0IjoxNzUzNTY0NDAxLCJleHAiOjE3NTM4NjQ0MDF9.bhpXyVKq7TMjqSvCX1XKPGawrUgFw6Z5hANe5hp4OB8
02:59:29.158 [http-nio-8080-exec-2] DEBUG c.REACT.backend.Jwt.AuthTokenFilter - Token received from header: eyJhbGciOiJIUzI1NiJ9.eyJzdWIiOiJyYXRpQGdtYWlsLmNvbSIsInVzZXJJZCI6NTEsInJvbGUiOiJVU0VSIiwiaWF0IjoxNzUzNTY0NDAxLCJleHAiOjE3NTM4NjQ0MDF9.bhpXyVKq7TMjqSvCX1XKPGawrUgFw6Z5hANe5hp4OB8
02:59:29.158 [http-nio-8080-exec-2] DEBUG com.REACT.backend.Jwt.JwtUtils - Validating JWT token: eyJhbGciOiJIUzI1NiJ9.eyJzdWIiOiJyYXRpQGdtYWlsLmNvbSIsInVzZXJJZCI6NTEsInJvbGUiOiJVU0VSIiwiaWF0IjoxNzUzNTY0NDAxLCJleHAiOjE3NTM4NjQ0MDF9.bhpXyVKq7TMjqSvCX1XKPGawrUgFw6Z5hANe5hp4OB8
02:59:29.159 [http-nio-8080-exec-2] DEBUG com.REACT.backend.Jwt.JwtUtils - Signing key generated from jwtSecret
02:59:29.160 [http-nio-8080-exec-2] DEBUG com.REACT.backend.Jwt.JwtUtils - JWT token is valid.
02:59:29.161 [http-nio-8080-exec-2] DEBUG com.REACT.backend.Jwt.JwtUtils - Signing key generated from jwtSecret
02:59:29.168 [http-nio-8080-exec-2] DEBUG com.REACT.backend.Jwt.JwtUtils - Extracted email from JWT: rati@gmail.com
02:59:29.169 [http-nio-8080-exec-2] DEBUG c.REACT.backend.Jwt.AuthTokenFilter - Decoded user email from token: rati@gmail.com
02:59:29.277 [http-nio-8080-exec-2] DEBUG c.REACT.backend.Jwt.AuthTokenFilter - User found in DB: rati@gmail.com
02:59:29.277 [http-nio-8080-exec-2] DEBUG c.REACT.backend.Jwt.AuthTokenFilter - Security context updated with user: rati@gmail.com
